In file included from /home/vi/lxy/b2+z1/b2z1_ros2/example/src/../../../z1_sdk/include/unitree_arm_sdk/thirdparty/robotics.h:9,
                 from /home/vi/lxy/b2+z1/b2z1_ros2/example/src/../../../z1_sdk/include/unitree_arm_sdk/model/ArmModel.h:5,
                 from /home/vi/lxy/b2+z1/b2z1_ros2/example/src/../../../z1_sdk/include/unitree_arm_sdk/control/ctrlComponents.h:9,
                 from /home/vi/lxy/b2+z1/b2z1_ros2/example/src/../../../z1_sdk/include/unitree_arm_sdk/control/unitreeArm.h:4,
                 from /home/vi/lxy/b2+z1/b2z1_ros2/example/src/src/b2/b2_stand_example.cpp:16:
/home/vi/lxy/b2+z1/b2z1_ros2/example/src/../../../z1_sdk/include/unitree_arm_sdk/math/mathTools.h: In constructor ‘UNITREE_ARM::AvgCov::AvgCov(unsigned int, std::string, bool, unsigned int, unsigned int, double)’:
/home/vi/lxy/b2+z1/b2z1_ros2/example/src/../../../z1_sdk/include/unitree_arm_sdk/math/mathTools.h:244:17: warning: ‘UNITREE_ARM::AvgCov::_valueName’ will be initialized after [-Wreorder]
  244 |     std::string _valueName;
      |                 ^~~~~~~~~~
/home/vi/lxy/b2+z1/b2z1_ros2/example/src/../../../z1_sdk/include/unitree_arm_sdk/math/mathTools.h:238:10: warning:   ‘bool UNITREE_ARM::AvgCov::_avgOnly’ [-Wreorder]
  238 |     bool _avgOnly;
      |          ^~~~~~~~
In file included from /home/vi/lxy/b2+z1/b2z1_ros2/example/src/../../../z1_sdk/include/unitree_arm_sdk/thirdparty/robotics.h:9,
                 from /home/vi/lxy/b2+z1/b2z1_ros2/example/src/../../../z1_sdk/include/unitree_arm_sdk/model/ArmModel.h:5,
                 from /home/vi/lxy/b2+z1/b2z1_ros2/example/src/../../../z1_sdk/include/unitree_arm_sdk/control/ctrlComponents.h:9,
                 from /home/vi/lxy/b2+z1/b2z1_ros2/example/src/../../../z1_sdk/include/unitree_arm_sdk/control/unitreeArm.h:4,
                 from /home/vi/lxy/b2+z1/b2z1_ros2/example/src/src/b2/b2_stand_example.cpp:16:
/home/vi/lxy/b2+z1/b2z1_ros2/example/src/../../../z1_sdk/include/unitree_arm_sdk/math/mathTools.h:210:5: warning:   when initialized here [-Wreorder]
  210 |     AvgCov(unsigned int size, std::string name, bool avgOnly=false, unsigned int showPeriod=1000, unsigned int waitCount=5000, double zoomFactor=10000)
      |     ^~~~~~
/home/vi/lxy/b2+z1/b2z1_ros2/example/src/src/b2/b2_stand_example.cpp: At global scope:
/home/vi/lxy/b2+z1/b2z1_ros2/example/src/src/b2/b2_stand_example.cpp:95:16: error: ‘Vec6’ in namespace ‘UNITREE_ARM’ does not name a type
   95 |   UNITREE_ARM::Vec6 z1_init_q_ = UNITREE_ARM::Vec6::Zero();
      |                ^~~~
/home/vi/lxy/b2+z1/b2z1_ros2/example/src/src/b2/b2_stand_example.cpp:96:16: error: ‘Vec6’ in namespace ‘UNITREE_ARM’ does not name a type
   96 |   UNITREE_ARM::Vec6 z1_pose_a_ = (UNITREE_ARM::Vec6() << 0.0, 1.0, -0.9, -0.4, 0.0, 0.2).finished();
      |                ^~~~
/home/vi/lxy/b2+z1/b2z1_ros2/example/src/src/b2/b2_stand_example.cpp:97:16: error: ‘Vec6’ in namespace ‘UNITREE_ARM’ does not name a type
   97 |   UNITREE_ARM::Vec6 z1_pose_b_ = (UNITREE_ARM::Vec6() << 0.0, 1.3, -1.1, -0.7, 0.0, -0.2).finished();
      |                ^~~~
/home/vi/lxy/b2+z1/b2z1_ros2/example/src/src/b2/b2_stand_example.cpp: In member function ‘void Custom::InitZ1()’:
/home/vi/lxy/b2+z1/b2z1_ros2/example/src/src/b2/b2_stand_example.cpp:308:5: error: ‘z1_init_q_’ was not declared in this scope
  308 |     z1_init_q_ = z1_arm_->lowstate->getQ();
      |     ^~~~~~~~~~
/home/vi/lxy/b2+z1/b2z1_ros2/example/src/src/b2/b2_stand_example.cpp: In member function ‘void Custom::SyncZ1Motion()’:
/home/vi/lxy/b2+z1/b2z1_ros2/example/src/src/b2/b2_stand_example.cpp:326:16: error: ‘Vec6’ is not a member of ‘UNITREE_ARM’; did you mean ‘Vec6’?
  326 |   UNITREE_ARM::Vec6 q_des = z1_init_q_;
      |                ^~~~
In file included from /home/vi/lxy/b2+z1/b2z1_ros2/example/src/../../../z1_sdk/include/unitree_arm_sdk/message/LowlevelCmd.h:4,
                 from /home/vi/lxy/b2+z1/b2z1_ros2/example/src/../../../z1_sdk/include/unitree_arm_sdk/control/ctrlComponents.h:5,
                 from /home/vi/lxy/b2+z1/b2z1_ros2/example/src/../../../z1_sdk/include/unitree_arm_sdk/control/unitreeArm.h:4,
                 from /home/vi/lxy/b2+z1/b2z1_ros2/example/src/src/b2/b2_stand_example.cpp:16:
/home/vi/lxy/b2+z1/b2z1_ros2/example/src/../../../z1_sdk/include/unitree_arm_sdk/math/mathTypes.h:19:7: note: ‘Vec6’ declared here
   19 | using Vec6 = typename Eigen::Matrix<double, 6, 1>;
      |       ^~~~
/home/vi/lxy/b2+z1/b2z1_ros2/example/src/src/b2/b2_stand_example.cpp:327:16: error: ‘Vec6’ is not a member of ‘UNITREE_ARM’; did you mean ‘Vec6’?
  327 |   UNITREE_ARM::Vec6 qd_des = UNITREE_ARM::Vec6::Zero();
      |                ^~~~
In file included from /home/vi/lxy/b2+z1/b2z1_ros2/example/src/../../../z1_sdk/include/unitree_arm_sdk/message/LowlevelCmd.h:4,
                 from /home/vi/lxy/b2+z1/b2z1_ros2/example/src/../../../z1_sdk/include/unitree_arm_sdk/control/ctrlComponents.h:5,
                 from /home/vi/lxy/b2+z1/b2z1_ros2/example/src/../../../z1_sdk/include/unitree_arm_sdk/control/unitreeArm.h:4,
                 from /home/vi/lxy/b2+z1/b2z1_ros2/example/src/src/b2/b2_stand_example.cpp:16:
/home/vi/lxy/b2+z1/b2z1_ros2/example/src/../../../z1_sdk/include/unitree_arm_sdk/math/mathTypes.h:19:7: note: ‘Vec6’ declared here
   19 | using Vec6 = typename Eigen::Matrix<double, 6, 1>;
      |       ^~~~
/home/vi/lxy/b2+z1/b2z1_ros2/example/src/src/b2/b2_stand_example.cpp:328:16: error: ‘Vec6’ is not a member of ‘UNITREE_ARM’; did you mean ‘Vec6’?
  328 |   UNITREE_ARM::Vec6 tau_des = UNITREE_ARM::Vec6::Zero();
      |                ^~~~
In file included from /home/vi/lxy/b2+z1/b2z1_ros2/example/src/../../../z1_sdk/include/unitree_arm_sdk/message/LowlevelCmd.h:4,
                 from /home/vi/lxy/b2+z1/b2z1_ros2/example/src/../../../z1_sdk/include/unitree_arm_sdk/control/ctrlComponents.h:5,
                 from /home/vi/lxy/b2+z1/b2z1_ros2/example/src/../../../z1_sdk/include/unitree_arm_sdk/control/unitreeArm.h:4,
                 from /home/vi/lxy/b2+z1/b2z1_ros2/example/src/src/b2/b2_stand_example.cpp:16:
/home/vi/lxy/b2+z1/b2z1_ros2/example/src/../../../z1_sdk/include/unitree_arm_sdk/math/mathTypes.h:19:7: note: ‘Vec6’ declared here
   19 | using Vec6 = typename Eigen::Matrix<double, 6, 1>;
      |       ^~~~
/home/vi/lxy/b2+z1/b2z1_ros2/example/src/src/b2/b2_stand_example.cpp:332:5: error: ‘q_des’ was not declared in this scope
  332 |     q_des = z1_init_q_ * (1.0 - r) + z1_pose_a_ * r;
      |     ^~~~~
/home/vi/lxy/b2+z1/b2z1_ros2/example/src/src/b2/b2_stand_example.cpp:332:13: error: ‘z1_init_q_’ was not declared in this scope
  332 |     q_des = z1_init_q_ * (1.0 - r) + z1_pose_a_ * r;
      |             ^~~~~~~~~~
/home/vi/lxy/b2+z1/b2z1_ros2/example/src/src/b2/b2_stand_example.cpp:332:38: error: ‘z1_pose_a_’ was not declared in this scope
  332 |     q_des = z1_init_q_ * (1.0 - r) + z1_pose_a_ * r;
      |                                      ^~~~~~~~~~
/home/vi/lxy/b2+z1/b2z1_ros2/example/src/src/b2/b2_stand_example.cpp:333:5: error: ‘qd_des’ was not declared in this scope
  333 |     qd_des = (z1_pose_a_ - z1_init_q_) /
      |     ^~~~~~
/home/vi/lxy/b2+z1/b2z1_ros2/example/src/src/b2/b2_stand_example.cpp:337:5: error: ‘q_des’ was not declared in this scope
  337 |     q_des = z1_pose_a_ * (1.0 - r) + z1_pose_b_ * r;
      |     ^~~~~
/home/vi/lxy/b2+z1/b2z1_ros2/example/src/src/b2/b2_stand_example.cpp:337:13: error: ‘z1_pose_a_’ was not declared in this scope
  337 |     q_des = z1_pose_a_ * (1.0 - r) + z1_pose_b_ * r;
      |             ^~~~~~~~~~
/home/vi/lxy/b2+z1/b2z1_ros2/example/src/src/b2/b2_stand_example.cpp:337:38: error: ‘z1_pose_b_’ was not declared in this scope
  337 |     q_des = z1_pose_a_ * (1.0 - r) + z1_pose_b_ * r;
      |                                      ^~~~~~~~~~
/home/vi/lxy/b2+z1/b2z1_ros2/example/src/src/b2/b2_stand_example.cpp:338:5: error: ‘qd_des’ was not declared in this scope
  338 |     qd_des = (z1_pose_b_ - z1_pose_a_) /
      |     ^~~~~~
/home/vi/lxy/b2+z1/b2z1_ros2/example/src/src/b2/b2_stand_example.cpp:343:5: error: ‘q_des’ was not declared in this scope
  343 |     q_des = z1_pose_b_;
      |     ^~~~~
/home/vi/lxy/b2+z1/b2z1_ros2/example/src/src/b2/b2_stand_example.cpp:343:13: error: ‘z1_pose_b_’ was not declared in this scope
  343 |     q_des = z1_pose_b_;
      |             ^~~~~~~~~~
/home/vi/lxy/b2+z1/b2z1_ros2/example/src/src/b2/b2_stand_example.cpp:346:5: error: ‘qd_des’ was not declared in this scope
  346 |     qd_des(0) = 0.20 * w * std::cos(w * t);
      |     ^~~~~~
/home/vi/lxy/b2+z1/b2z1_ros2/example/src/src/b2/b2_stand_example.cpp:350:5: error: ‘q_des’ was not declared in this scope
  350 |     q_des = z1_pose_b_ * (1.0 - r) + z1_pose_a_ * r;
      |     ^~~~~
/home/vi/lxy/b2+z1/b2z1_ros2/example/src/src/b2/b2_stand_example.cpp:350:13: error: ‘z1_pose_b_’ was not declared in this scope
  350 |     q_des = z1_pose_b_ * (1.0 - r) + z1_pose_a_ * r;
      |             ^~~~~~~~~~
/home/vi/lxy/b2+z1/b2z1_ros2/example/src/src/b2/b2_stand_example.cpp:350:38: error: ‘z1_pose_a_’ was not declared in this scope
  350 |     q_des = z1_pose_b_ * (1.0 - r) + z1_pose_a_ * r;
      |                                      ^~~~~~~~~~
/home/vi/lxy/b2+z1/b2z1_ros2/example/src/src/b2/b2_stand_example.cpp:353:5: error: ‘q_des’ was not declared in this scope
  353 |     q_des = z1_pose_a_ * (1.0 - r) + z1_init_q_ * r;
      |     ^~~~~
/home/vi/lxy/b2+z1/b2z1_ros2/example/src/src/b2/b2_stand_example.cpp:353:13: error: ‘z1_pose_a_’ was not declared in this scope
  353 |     q_des = z1_pose_a_ * (1.0 - r) + z1_init_q_ * r;
      |             ^~~~~~~~~~
/home/vi/lxy/b2+z1/b2z1_ros2/example/src/src/b2/b2_stand_example.cpp:353:38: error: ‘z1_init_q_’ was not declared in this scope
  353 |     q_des = z1_pose_a_ * (1.0 - r) + z1_init_q_ * r;
      |                                      ^~~~~~~~~~
/home/vi/lxy/b2+z1/b2z1_ros2/example/src/src/b2/b2_stand_example.cpp:356:3: error: ‘tau_des’ was not declared in this scope
  356 |   tau_des = z1_arm_->_ctrlComp->armModel->inverseDynamics(
      |   ^~~~~~~
/home/vi/lxy/b2+z1/b2z1_ros2/example/src/src/b2/b2_stand_example.cpp:357:7: error: ‘q_des’ was not declared in this scope
  357 |       q_des, qd_des, UNITREE_ARM::Vec6::Zero(), UNITREE_ARM::Vec6::Zero());
      |       ^~~~~
/home/vi/lxy/b2+z1/b2z1_ros2/example/src/src/b2/b2_stand_example.cpp:357:14: error: ‘qd_des’ was not declared in this scope
  357 |       q_des, qd_des, UNITREE_ARM::Vec6::Zero(), UNITREE_ARM::Vec6::Zero());
      |              ^~~~~~
/home/vi/lxy/b2+z1/b2z1_ros2/example/src/src/b2/b2_stand_example.cpp:357:35: error: ‘UNITREE_ARM::Vec6’ has not been declared
  357 |       q_des, qd_des, UNITREE_ARM::Vec6::Zero(), UNITREE_ARM::Vec6::Zero());
      |                                   ^~~~
/home/vi/lxy/b2+z1/b2z1_ros2/example/src/src/b2/b2_stand_example.cpp:357:62: error: ‘UNITREE_ARM::Vec6’ has not been declared
  357 |       q_des, qd_des, UNITREE_ARM::Vec6::Zero(), UNITREE_ARM::Vec6::Zero());
      |                                                              ^~~~
gmake[2]: *** [CMakeFiles/b2_stand_example.dir/build.make:76：CMakeFiles/b2_stand_example.dir/src/b2/b2_stand_example.cpp.o] 错误 1
gmake[1]: *** [CMakeFiles/Makefile2:645：CMakeFiles/b2_stand_example.dir/all] 错误 2
gmake[1]: *** 正在等待未完成的任务....
gmake: *** [Makefile:146：all] 错误 2
