-- The C compiler identification is GNU 11.4.0
-- The CXX compiler identification is GNU 11.4.0
-- Detecting C compiler ABI info
-- Detecting C compiler ABI info - done
-- Check for working C compiler: /usr/bin/cc - skipped
-- Detecting C compile features
-- Detecting C compile features - done
-- Detecting CXX compiler ABI info
-- Detecting CXX compiler ABI info - done
-- Check for working CXX compiler: /usr/bin/c++ - skipped
-- Detecting CXX compile features
-- Detecting CXX compile features - done
-- Found z1_sdk at /home/vi/lxy/b2+z1/b2z1_ros2/example/src/../../../z1_sdk
-- Found ament_cmake: 1.3.14 (/opt/ros/humble/share/ament_cmake/cmake)
-- Found Python3: /usr/bin/python3 (found version "3.10.12") found components: Interpreter 
-- Found unitree_go: 0.0.0 (/home/vi/lxy/b2+z1/b2z1_ros2/cyclonedds_ws/install/unitree_go/share/unitree_go/cmake)
-- Found rosidl_generator_c: 3.1.8 (/opt/ros/humble/share/rosidl_generator_c/cmake)
-- Found rosidl_adapter: 3.1.8 (/opt/ros/humble/share/rosidl_adapter/cmake)
-- Found rosidl_generator_cpp: 3.1.8 (/opt/ros/humble/share/rosidl_generator_cpp/cmake)
-- Using all available rosidl_typesupport_c: rosidl_typesupport_fastrtps_c;rosidl_typesupport_introspection_c
-- Using all available rosidl_typesupport_cpp: rosidl_typesupport_fastrtps_cpp;rosidl_typesupport_introspection_cpp
-- Found unitree_hg: 0.0.0 (/home/vi/lxy/b2+z1/b2z1_ros2/cyclonedds_ws/install/unitree_hg/share/unitree_hg/cmake)
-- Found unitree_api: 0.0.0 (/home/vi/lxy/b2+z1/b2z1_ros2/cyclonedds_ws/install/unitree_api/share/unitree_api/cmake)
-- Found rclcpp: 16.0.19 (/opt/ros/humble/share/rclcpp/cmake)
-- Found rmw_implementation_cmake: 6.1.2 (/opt/ros/humble/share/rmw_implementation_cmake/cmake)
-- Found rmw_fastrtps_cpp: 6.2.10 (/opt/ros/humble/share/rmw_fastrtps_cpp/cmake)
-- Found OpenSSL: /usr/lib/x86_64-linux-gnu/libcrypto.so (found version "3.0.2")  
-- Found FastRTPS: /opt/ros/humble/include  
-- Using RMW implementation 'rmw_fastrtps_cpp' as default
-- Looking for pthread.h
-- Looking for pthread.h - found
-- Performing Test CMAKE_HAVE_LIBC_PTHREAD
-- Performing Test CMAKE_HAVE_LIBC_PTHREAD - Success
-- Found Threads: TRUE  
-- Found rosbag2_cpp: 0.15.16 (/opt/ros/humble/share/rosbag2_cpp/cmake)
-- Found yaml-cpp version 0.7.0
-- Found ament_lint_auto: 0.12.15 (/opt/ros/humble/share/ament_lint_auto/cmake)
-- Added test 'copyright' to check source files copyright and LICENSE
-- Added test 'cppcheck' to perform static code analysis on C / C++ code
-- Configured cppcheck include dirs: 
-- Configured cppcheck exclude dirs and/or files: 
-- Added test 'cpplint' to check C / C++ code against the Google style
-- Configured cpplint exclude dirs and/or files: 
-- Added test 'lint_cmake' to check CMake code style
-- Added test 'uncrustify' to check C / C++ code style
-- Configured uncrustify additional arguments: 
-- Added test 'xmllint' to check XML markup files
-- Configuring done
-- Generating done
-- Build files have been written to: /home/vi/lxy/b2+z1/b2z1_ros2/example/build/unitree_ros2_example
[  5%] Building CXX object CMakeFiles/low_level_ctrl_hg.dir/src/common/motor_crc_hg.cpp.o
[  5%] Building CXX object CMakeFiles/low_level_ctrl_hg.dir/src/h1-2/lowlevel/low_level_ctrl_hg.cpp.o
[  5%] Building CXX object CMakeFiles/low_level_ctrl.dir/src/low_level_ctrl.cpp.o
[  6%] Building CXX object CMakeFiles/low_level_ctrl.dir/src/common/motor_crc.cpp.o
[  8%] Building CXX object CMakeFiles/g1_low_level_example.dir/src/g1/lowlevel/g1_low_level_example.cpp.o
[ 10%] Building CXX object CMakeFiles/g1_low_level_example.dir/src/common/motor_crc_hg.cpp.o
[ 13%] Building CXX object CMakeFiles/read_motion_state.dir/src/read_motion_state.cpp.o
[ 13%] Building CXX object CMakeFiles/go2_robot_state_client.dir/src/common/motor_crc.cpp.o
[ 15%] Building CXX object CMakeFiles/go2_stand_example.dir/src/go2/go2_stand_example.cpp.o
[ 17%] Building CXX object CMakeFiles/go2_stand_example.dir/src/common/motor_crc.cpp.o
[ 20%] Building CXX object CMakeFiles/read_wireless_controller.dir/src/read_wireless_controller.cpp.o
[ 20%] Building CXX object CMakeFiles/go2_robot_state_client.dir/src/go2/go2_robot_state_client.cpp.o
[ 22%] Building CXX object CMakeFiles/read_low_state.dir/src/read_low_state.cpp.o
[ 24%] Building CXX object CMakeFiles/g1_arm_sdk_dds_example.dir/src/common/motor_crc.cpp.o
[ 27%] Building CXX object CMakeFiles/g1_dex3_example.dir/src/g1/dex3/g1_dex3_example.cpp.o
[ 27%] Building CXX object CMakeFiles/go2_sport_client.dir/src/go2/go2_sport_client.cpp.o
[ 31%] Building CXX object CMakeFiles/read_low_state_hg.dir/src/read_low_state_hg.cpp.o
[ 31%] Building CXX object CMakeFiles/go2_sport_client.dir/src/common/ros2_sport_client.cpp.o
[ 32%] Building CXX object CMakeFiles/g1_arm_sdk_dds_example.dir/src/g1/high_level/g1_arm_sdk_dds_example.cpp.o
[ 34%] Building CXX object CMakeFiles/g1_dex3_example.dir/src/common/motor_crc.cpp.o
[ 36%] Building CXX object CMakeFiles/g1_audio_client_example.dir/src/g1/audio_client/g1_audio_client_example.cpp.o
[ 43%] Building CXX object CMakeFiles/g1_ankle_swing_example.dir/src/common/motor_crc_hg.cpp.o
[ 44%] Building CXX object CMakeFiles/g1_arm_action_example.dir/src/common/motor_crc.cpp.o
[ 43%] Building CXX object CMakeFiles/b2w_stand_example.dir/src/b2w/b2w_stand_example.cpp.o
[ 46%] Building CXX object CMakeFiles/b2_sport_client.dir/src/b2/b2_sport_client.cpp.o
[ 46%] Building CXX object CMakeFiles/g1_arm_action_example.dir/src/g1/high_level/g1_arm_action_example.cpp.o
[ 46%] Building CXX object CMakeFiles/g1_ankle_swing_example.dir/src/g1/lowlevel/g1_ankle_swing_example.cpp.o
[ 48%] Building CXX object CMakeFiles/g1_loco_client_example.dir/src/g1/high_level/loco_client_example.cpp.o
[ 50%] Building CXX object CMakeFiles/b2w_stand_example.dir/src/common/motor_crc.cpp.o
[ 51%] Building CXX object CMakeFiles/b2w_sport_client.dir/src/common/ros2_b2_sport_client.cpp.o
[ 53%] Building CXX object CMakeFiles/b2_stand_example.dir/src/common/motor_crc.cpp.o
[ 55%] Building CXX object CMakeFiles/b2w_sport_client.dir/src/b2w/b2w_sport_client.cpp.o
[ 58%] Building CXX object CMakeFiles/g1_dual_arm_example.dir/src/g1/lowlevel/g1_dual_arm_example.cpp.o
[ 58%] Building CXX object CMakeFiles/g1_loco_client_example.dir/src/common/motor_crc.cpp.o
[ 60%] Building CXX object CMakeFiles/b2_stand_example.dir/src/b2/b2_stand_example.cpp.o
[ 63%] Building CXX object CMakeFiles/b2_sport_client.dir/src/common/ros2_b2_sport_client.cpp.o
[ 63%] Building CXX object CMakeFiles/g1_dual_arm_example.dir/src/common/motor_crc_hg.cpp.o
[ 65%] Linking CXX executable low_level_ctrl
[ 65%] Built target low_level_ctrl
[ 67%] Linking CXX executable b2w_sport_client
[ 68%] Linking CXX executable b2_sport_client
[ 68%] Built target b2w_sport_client
[ 68%] Built target b2_sport_client
[ 70%] Linking CXX executable read_motion_state
[ 72%] Linking CXX executable read_low_state_hg
[ 74%] Linking CXX executable read_wireless_controller
[ 74%] Built target read_motion_state
[ 75%] Linking CXX executable read_low_state
[ 77%] Linking CXX executable low_level_ctrl_hg
[ 77%] Built target read_low_state_hg
[ 77%] Built target read_wireless_controller
[ 79%] Linking CXX executable g1_low_level_example
[ 79%] Built target read_low_state
[ 79%] Built target low_level_ctrl_hg
[ 79%] Built target g1_low_level_example
[ 81%] Linking CXX executable go2_stand_example
[ 82%] Linking CXX executable g1_arm_sdk_dds_example
[ 82%] Built target go2_stand_example
[ 82%] Built target g1_arm_sdk_dds_example
[ 84%] Linking CXX executable go2_sport_client
[ 86%] Linking CXX executable go2_robot_state_client
[ 87%] Linking CXX executable g1_dex3_example
[ 87%] Built target go2_sport_client
[ 89%] Linking CXX executable g1_arm_action_example
[ 89%] Built target go2_robot_state_client
[ 91%] Linking CXX executable g1_loco_client_example
[ 91%] Built target g1_dex3_example
[ 93%] Linking CXX executable g1_audio_client_example
[ 94%] Linking CXX executable g1_ankle_swing_example
[ 94%] Built target g1_arm_action_example
[ 94%] Built target g1_loco_client_example
[ 94%] Built target g1_audio_client_example
[ 94%] Built target g1_ankle_swing_example
[ 96%] Linking CXX executable b2w_stand_example
[ 96%] Built target b2w_stand_example
[ 98%] Linking CXX executable g1_dual_arm_example
[ 98%] Built target g1_dual_arm_example
