[0.010s] Invoking command in '/home/vi/lxy/b2+z1/b2z1_ros2/example/build/unitree_ros2_example': CMAKE_PREFIX_PATH=${CMAKE_PREFIX_PATH}:/opt/ros/humble /usr/bin/cmake /home/vi/lxy/b2+z1/b2z1_ros2/example/src -DCMAKE_INSTALL_PREFIX=/home/vi/lxy/b2+z1/b2z1_ros2/example/install/unitree_ros2_example
[0.067s] -- The C compiler identification is GNU 11.4.0
[0.121s] -- The CXX compiler identification is GNU 11.4.0
[0.132s] -- Detecting C compiler ABI info
[0.211s] -- Detecting C compiler ABI info - done
[0.220s] -- Check for working C compiler: /usr/bin/cc - skipped
[0.220s] -- Detecting C compile features
[0.221s] -- Detecting C compile features - done
[0.226s] -- Detecting CXX compiler ABI info
[0.316s] -- Detecting CXX compiler ABI info - done
[0.328s] -- Check for working CXX compiler: /usr/bin/c++ - skipped
[0.328s] -- Detecting CXX compile features
[0.329s] -- Detecting CXX compile features - done
[0.330s] -- Found z1_sdk at /home/vi/lxy/b2+z1/b2z1_ros2/example/src/../../../z1_sdk
[0.333s] -- Found ament_cmake: 1.3.14 (/opt/ros/humble/share/ament_cmake/cmake)
[0.472s] -- Found Python3: /usr/bin/python3 (found version "3.10.12") found components: Interpreter 
[0.570s] -- Found unitree_go: 0.0.0 (/home/vi/lxy/b2+z1/b2z1_ros2/cyclonedds_ws/install/unitree_go/share/unitree_go/cmake)
[0.616s] -- Found rosidl_generator_c: 3.1.8 (/opt/ros/humble/share/rosidl_generator_c/cmake)
[0.621s] -- Found rosidl_adapter: 3.1.8 (/opt/ros/humble/share/rosidl_adapter/cmake)
[0.628s] -- Found rosidl_generator_cpp: 3.1.8 (/opt/ros/humble/share/rosidl_generator_cpp/cmake)
[0.639s] -- Using all available rosidl_typesupport_c: rosidl_typesupport_fastrtps_c;rosidl_typesupport_introspection_c
[0.653s] -- Using all available rosidl_typesupport_cpp: rosidl_typesupport_fastrtps_cpp;rosidl_typesupport_introspection_cpp
[0.697s] -- Found unitree_hg: 0.0.0 (/home/vi/lxy/b2+z1/b2z1_ros2/cyclonedds_ws/install/unitree_hg/share/unitree_hg/cmake)
[0.708s] -- Found unitree_api: 0.0.0 (/home/vi/lxy/b2+z1/b2z1_ros2/cyclonedds_ws/install/unitree_api/share/unitree_api/cmake)
[0.719s] -- Found rclcpp: 16.0.19 (/opt/ros/humble/share/rclcpp/cmake)
[0.753s] -- Found rmw_implementation_cmake: 6.1.2 (/opt/ros/humble/share/rmw_implementation_cmake/cmake)
[0.755s] -- Found rmw_fastrtps_cpp: 6.2.10 (/opt/ros/humble/share/rmw_fastrtps_cpp/cmake)
[0.859s] -- Found OpenSSL: /usr/lib/x86_64-linux-gnu/libcrypto.so (found version "3.0.2")  
[0.886s] -- Found FastRTPS: /opt/ros/humble/include  
[0.926s] -- Using RMW implementation 'rmw_fastrtps_cpp' as default
[0.934s] -- Looking for pthread.h
[1.006s] -- Looking for pthread.h - found
[1.006s] -- Performing Test CMAKE_HAVE_LIBC_PTHREAD
[1.078s] -- Performing Test CMAKE_HAVE_LIBC_PTHREAD - Success
[1.079s] -- Found Threads: TRUE  
[1.112s] -- Found rosbag2_cpp: 0.15.16 (/opt/ros/humble/share/rosbag2_cpp/cmake)
[1.186s] -- Found yaml-cpp version 0.7.0
[1.190s] -- Found ament_lint_auto: 0.12.15 (/opt/ros/humble/share/ament_lint_auto/cmake)
[1.255s] -- Added test 'copyright' to check source files copyright and LICENSE
[1.262s] -- Added test 'cppcheck' to perform static code analysis on C / C++ code
[1.263s] -- Configured cppcheck include dirs: 
[1.263s] -- Configured cppcheck exclude dirs and/or files: 
[1.270s] -- Added test 'cpplint' to check C / C++ code against the Google style
[1.270s] -- Configured cpplint exclude dirs and/or files: 
[1.273s] -- Added test 'lint_cmake' to check CMake code style
[1.280s] -- Added test 'uncrustify' to check C / C++ code style
[1.280s] -- Configured uncrustify additional arguments: 
[1.281s] -- Added test 'xmllint' to check XML markup files
[1.283s] -- Configuring done
[1.391s] -- Generating done
[1.424s] -- Build files have been written to: /home/vi/lxy/b2+z1/b2z1_ros2/example/build/unitree_ros2_example
[1.435s] Invoked command in '/home/vi/lxy/b2+z1/b2z1_ros2/example/build/unitree_ros2_example' returned '0': CMAKE_PREFIX_PATH=${CMAKE_PREFIX_PATH}:/opt/ros/humble /usr/bin/cmake /home/vi/lxy/b2+z1/b2z1_ros2/example/src -DCMAKE_INSTALL_PREFIX=/home/vi/lxy/b2+z1/b2z1_ros2/example/install/unitree_ros2_example
[1.437s] Invoking command in '/home/vi/lxy/b2+z1/b2z1_ros2/example/build/unitree_ros2_example': CMAKE_PREFIX_PATH=${CMAKE_PREFIX_PATH}:/opt/ros/humble /usr/bin/cmake --build /home/vi/lxy/b2+z1/b2z1_ros2/example/build/unitree_ros2_example -- -j128 -l128
[1.496s] [  5%] Building CXX object CMakeFiles/low_level_ctrl_hg.dir/src/common/motor_crc_hg.cpp.o
[1.496s] [  5%] Building CXX object CMakeFiles/low_level_ctrl_hg.dir/src/h1-2/lowlevel/low_level_ctrl_hg.cpp.o
[1.497s] [  5%] Building CXX object CMakeFiles/low_level_ctrl.dir/src/low_level_ctrl.cpp.o
[1.497s] [  6%] Building CXX object CMakeFiles/low_level_ctrl.dir/src/common/motor_crc.cpp.o
[1.499s] [  8%] Building CXX object CMakeFiles/g1_low_level_example.dir/src/g1/lowlevel/g1_low_level_example.cpp.o
[1.500s] [ 10%] Building CXX object CMakeFiles/g1_low_level_example.dir/src/common/motor_crc_hg.cpp.o
[1.502s] [ 13%] Building CXX object CMakeFiles/read_motion_state.dir/src/read_motion_state.cpp.o
[1.502s] [ 13%] Building CXX object CMakeFiles/go2_robot_state_client.dir/src/common/motor_crc.cpp.o
[1.502s] [ 15%] Building CXX object CMakeFiles/go2_stand_example.dir/src/go2/go2_stand_example.cpp.o
[1.502s] [ 17%] Building CXX object CMakeFiles/go2_stand_example.dir/src/common/motor_crc.cpp.o
[1.502s] [ 20%] Building CXX object CMakeFiles/read_wireless_controller.dir/src/read_wireless_controller.cpp.o
[1.502s] [ 20%] Building CXX object CMakeFiles/go2_robot_state_client.dir/src/go2/go2_robot_state_client.cpp.o
[1.503s] [ 22%] Building CXX object CMakeFiles/read_low_state.dir/src/read_low_state.cpp.o
[1.503s] [ 24%] Building CXX object CMakeFiles/g1_arm_sdk_dds_example.dir/src/common/motor_crc.cpp.o
[1.504s] [ 27%] Building CXX object CMakeFiles/g1_dex3_example.dir/src/g1/dex3/g1_dex3_example.cpp.o
[1.504s] [ 27%] Building CXX object CMakeFiles/go2_sport_client.dir/src/go2/go2_sport_client.cpp.o
[1.505s] [ 31%] Building CXX object CMakeFiles/read_low_state_hg.dir/src/read_low_state_hg.cpp.o
[1.505s] [ 31%] Building CXX object CMakeFiles/go2_sport_client.dir/src/common/ros2_sport_client.cpp.o
[1.505s] [ 32%] Building CXX object CMakeFiles/g1_arm_sdk_dds_example.dir/src/g1/high_level/g1_arm_sdk_dds_example.cpp.o
[1.505s] [ 34%] Building CXX object CMakeFiles/g1_dex3_example.dir/src/common/motor_crc.cpp.o
[1.505s] [ 36%] Building CXX object CMakeFiles/g1_audio_client_example.dir/src/g1/audio_client/g1_audio_client_example.cpp.o
[1.506s] [ 43%] Building CXX object CMakeFiles/g1_ankle_swing_example.dir/src/common/motor_crc_hg.cpp.o
[1.506s] [ 44%] Building CXX object CMakeFiles/g1_arm_action_example.dir/src/common/motor_crc.cpp.o
[1.506s] [ 43%] Building CXX object CMakeFiles/b2w_stand_example.dir/src/b2w/b2w_stand_example.cpp.o
[1.506s] [ 46%] Building CXX object CMakeFiles/b2_sport_client.dir/src/b2/b2_sport_client.cpp.o
[1.506s] [ 46%] Building CXX object CMakeFiles/g1_arm_action_example.dir/src/g1/high_level/g1_arm_action_example.cpp.o
[1.506s] [ 46%] Building CXX object CMakeFiles/g1_ankle_swing_example.dir/src/g1/lowlevel/g1_ankle_swing_example.cpp.o
[1.506s] [ 48%] Building CXX object CMakeFiles/g1_loco_client_example.dir/src/g1/high_level/loco_client_example.cpp.o
[1.506s] [ 50%] Building CXX object CMakeFiles/b2w_stand_example.dir/src/common/motor_crc.cpp.o
[1.507s] [ 51%] Building CXX object CMakeFiles/b2w_sport_client.dir/src/common/ros2_b2_sport_client.cpp.o
[1.507s] [ 53%] Building CXX object CMakeFiles/b2_stand_example.dir/src/common/motor_crc.cpp.o
[1.508s] [ 55%] Building CXX object CMakeFiles/b2w_sport_client.dir/src/b2w/b2w_sport_client.cpp.o
[1.508s] [ 58%] Building CXX object CMakeFiles/g1_dual_arm_example.dir/src/g1/lowlevel/g1_dual_arm_example.cpp.o
[1.508s] [ 58%] Building CXX object CMakeFiles/g1_loco_client_example.dir/src/common/motor_crc.cpp.o
[1.508s] [ 60%] Building CXX object CMakeFiles/b2_stand_example.dir/src/b2/b2_stand_example.cpp.o
[1.509s] [ 63%] Building CXX object CMakeFiles/b2_sport_client.dir/src/common/ros2_b2_sport_client.cpp.o
[1.509s] [ 63%] Building CXX object CMakeFiles/g1_dual_arm_example.dir/src/common/motor_crc_hg.cpp.o
[5.750s] [ 65%] Linking CXX executable low_level_ctrl
[5.965s] [ 65%] Built target low_level_ctrl
[5.970s] In file included from /home/vi/lxy/b2+z1/b2z1_ros2/example/src/../../../z1_sdk/include/unitree_arm_sdk/thirdparty/robotics.h:9,
[5.970s]                  from /home/vi/lxy/b2+z1/b2z1_ros2/example/src/../../../z1_sdk/include/unitree_arm_sdk/model/ArmModel.h:5,
[5.970s]                  from /home/vi/lxy/b2+z1/b2z1_ros2/example/src/../../../z1_sdk/include/unitree_arm_sdk/control/ctrlComponents.h:9,
[5.970s]                  from /home/vi/lxy/b2+z1/b2z1_ros2/example/src/../../../z1_sdk/include/unitree_arm_sdk/control/unitreeArm.h:4,
[5.971s]                  from /home/vi/lxy/b2+z1/b2z1_ros2/example/src/src/b2/b2_stand_example.cpp:16:
[5.971s] /home/vi/lxy/b2+z1/b2z1_ros2/example/src/../../../z1_sdk/include/unitree_arm_sdk/math/mathTools.h: In constructor ‘UNITREE_ARM::AvgCov::AvgCov(unsigned int, std::string, bool, unsigned int, unsigned int, double)’:
[5.971s] /home/vi/lxy/b2+z1/b2z1_ros2/example/src/../../../z1_sdk/include/unitree_arm_sdk/math/mathTools.h:244:17: warning: ‘UNITREE_ARM::AvgCov::_valueName’ will be initialized after [-Wreorder]
[5.971s]   244 |     std::string _valueName;
[5.971s]       |                 ^~~~~~~~~~
[5.971s] /home/vi/lxy/b2+z1/b2z1_ros2/example/src/../../../z1_sdk/include/unitree_arm_sdk/math/mathTools.h:238:10: warning:   ‘bool UNITREE_ARM::AvgCov::_avgOnly’ [-Wreorder]
[5.971s]   238 |     bool _avgOnly;
[5.971s]       |          ^~~~~~~~
[5.971s] In file included from /home/vi/lxy/b2+z1/b2z1_ros2/example/src/../../../z1_sdk/include/unitree_arm_sdk/thirdparty/robotics.h:9,
[5.971s]                  from /home/vi/lxy/b2+z1/b2z1_ros2/example/src/../../../z1_sdk/include/unitree_arm_sdk/model/ArmModel.h:5,
[5.972s]                  from /home/vi/lxy/b2+z1/b2z1_ros2/example/src/../../../z1_sdk/include/unitree_arm_sdk/control/ctrlComponents.h:9,
[5.972s]                  from /home/vi/lxy/b2+z1/b2z1_ros2/example/src/../../../z1_sdk/include/unitree_arm_sdk/control/unitreeArm.h:4,
[5.972s]                  from /home/vi/lxy/b2+z1/b2z1_ros2/example/src/src/b2/b2_stand_example.cpp:16:
[5.972s] /home/vi/lxy/b2+z1/b2z1_ros2/example/src/../../../z1_sdk/include/unitree_arm_sdk/math/mathTools.h:210:5: warning:   when initialized here [-Wreorder]
[5.972s]   210 |     AvgCov(unsigned int size, std::string name, bool avgOnly=false, unsigned int showPeriod=1000, unsigned int waitCount=5000, double zoomFactor=10000)
[5.972s]       |     ^~~~~~
[6.184s] /home/vi/lxy/b2+z1/b2z1_ros2/example/src/src/b2/b2_stand_example.cpp: At global scope:
[6.184s] /home/vi/lxy/b2+z1/b2z1_ros2/example/src/src/b2/b2_stand_example.cpp:95:16: error: ‘Vec6’ in namespace ‘UNITREE_ARM’ does not name a type
[6.185s]    95 |   UNITREE_ARM::Vec6 z1_init_q_ = UNITREE_ARM::Vec6::Zero();
[6.185s]       |                ^~~~
[6.185s] /home/vi/lxy/b2+z1/b2z1_ros2/example/src/src/b2/b2_stand_example.cpp:96:16: error: ‘Vec6’ in namespace ‘UNITREE_ARM’ does not name a type
[6.185s]    96 |   UNITREE_ARM::Vec6 z1_pose_a_ = (UNITREE_ARM::Vec6() << 0.0, 1.0, -0.9, -0.4, 0.0, 0.2).finished();
[6.185s]       |                ^~~~
[6.185s] /home/vi/lxy/b2+z1/b2z1_ros2/example/src/src/b2/b2_stand_example.cpp:97:16: error: ‘Vec6’ in namespace ‘UNITREE_ARM’ does not name a type
[6.185s]    97 |   UNITREE_ARM::Vec6 z1_pose_b_ = (UNITREE_ARM::Vec6() << 0.0, 1.3, -1.1, -0.7, 0.0, -0.2).finished();
[6.185s]       |                ^~~~
[6.210s] /home/vi/lxy/b2+z1/b2z1_ros2/example/src/src/b2/b2_stand_example.cpp: In member function ‘void Custom::InitZ1()’:
[6.210s] /home/vi/lxy/b2+z1/b2z1_ros2/example/src/src/b2/b2_stand_example.cpp:308:5: error: ‘z1_init_q_’ was not declared in this scope
[6.210s]   308 |     z1_init_q_ = z1_arm_->lowstate->getQ();
[6.210s]       |     ^~~~~~~~~~
[6.211s] /home/vi/lxy/b2+z1/b2z1_ros2/example/src/src/b2/b2_stand_example.cpp: In member function ‘void Custom::SyncZ1Motion()’:
[6.212s] /home/vi/lxy/b2+z1/b2z1_ros2/example/src/src/b2/b2_stand_example.cpp:326:16: error: ‘Vec6’ is not a member of ‘UNITREE_ARM’; did you mean ‘Vec6’?
[6.212s]   326 |   UNITREE_ARM::Vec6 q_des = z1_init_q_;
[6.212s]       |                ^~~~
[6.212s] In file included from /home/vi/lxy/b2+z1/b2z1_ros2/example/src/../../../z1_sdk/include/unitree_arm_sdk/message/LowlevelCmd.h:4,
[6.212s]                  from /home/vi/lxy/b2+z1/b2z1_ros2/example/src/../../../z1_sdk/include/unitree_arm_sdk/control/ctrlComponents.h:5,
[6.212s]                  from /home/vi/lxy/b2+z1/b2z1_ros2/example/src/../../../z1_sdk/include/unitree_arm_sdk/control/unitreeArm.h:4,
[6.213s]                  from /home/vi/lxy/b2+z1/b2z1_ros2/example/src/src/b2/b2_stand_example.cpp:16:
[6.213s] /home/vi/lxy/b2+z1/b2z1_ros2/example/src/../../../z1_sdk/include/unitree_arm_sdk/math/mathTypes.h:19:7: note: ‘Vec6’ declared here
[6.213s]    19 | using Vec6 = typename Eigen::Matrix<double, 6, 1>;
[6.213s]       |       ^~~~
[6.213s] /home/vi/lxy/b2+z1/b2z1_ros2/example/src/src/b2/b2_stand_example.cpp:327:16: error: ‘Vec6’ is not a member of ‘UNITREE_ARM’; did you mean ‘Vec6’?
[6.213s]   327 |   UNITREE_ARM::Vec6 qd_des = UNITREE_ARM::Vec6::Zero();
[6.213s]       |                ^~~~
[6.213s] In file included from /home/vi/lxy/b2+z1/b2z1_ros2/example/src/../../../z1_sdk/include/unitree_arm_sdk/message/LowlevelCmd.h:4,
[6.213s]                  from /home/vi/lxy/b2+z1/b2z1_ros2/example/src/../../../z1_sdk/include/unitree_arm_sdk/control/ctrlComponents.h:5,
[6.213s]                  from /home/vi/lxy/b2+z1/b2z1_ros2/example/src/../../../z1_sdk/include/unitree_arm_sdk/control/unitreeArm.h:4,
[6.214s]                  from /home/vi/lxy/b2+z1/b2z1_ros2/example/src/src/b2/b2_stand_example.cpp:16:
[6.214s] /home/vi/lxy/b2+z1/b2z1_ros2/example/src/../../../z1_sdk/include/unitree_arm_sdk/math/mathTypes.h:19:7: note: ‘Vec6’ declared here
[6.214s]    19 | using Vec6 = typename Eigen::Matrix<double, 6, 1>;
[6.214s]       |       ^~~~
[6.214s] /home/vi/lxy/b2+z1/b2z1_ros2/example/src/src/b2/b2_stand_example.cpp:328:16: error: ‘Vec6’ is not a member of ‘UNITREE_ARM’; did you mean ‘Vec6’?
[6.214s]   328 |   UNITREE_ARM::Vec6 tau_des = UNITREE_ARM::Vec6::Zero();
[6.214s]       |                ^~~~
[6.214s] In file included from /home/vi/lxy/b2+z1/b2z1_ros2/example/src/../../../z1_sdk/include/unitree_arm_sdk/message/LowlevelCmd.h:4,
[6.214s]                  from /home/vi/lxy/b2+z1/b2z1_ros2/example/src/../../../z1_sdk/include/unitree_arm_sdk/control/ctrlComponents.h:5,
[6.215s]                  from /home/vi/lxy/b2+z1/b2z1_ros2/example/src/../../../z1_sdk/include/unitree_arm_sdk/control/unitreeArm.h:4,
[6.215s]                  from /home/vi/lxy/b2+z1/b2z1_ros2/example/src/src/b2/b2_stand_example.cpp:16:
[6.215s] /home/vi/lxy/b2+z1/b2z1_ros2/example/src/../../../z1_sdk/include/unitree_arm_sdk/math/mathTypes.h:19:7: note: ‘Vec6’ declared here
[6.215s]    19 | using Vec6 = typename Eigen::Matrix<double, 6, 1>;
[6.215s]       |       ^~~~
[6.217s] /home/vi/lxy/b2+z1/b2z1_ros2/example/src/src/b2/b2_stand_example.cpp:332:5: error: ‘q_des’ was not declared in this scope
[6.217s]   332 |     q_des = z1_init_q_ * (1.0 - r) + z1_pose_a_ * r;
[6.218s]       |     ^~~~~
[6.225s] /home/vi/lxy/b2+z1/b2z1_ros2/example/src/src/b2/b2_stand_example.cpp:332:13: error: ‘z1_init_q_’ was not declared in this scope
[6.225s]   332 |     q_des = z1_init_q_ * (1.0 - r) + z1_pose_a_ * r;
[6.225s]       |             ^~~~~~~~~~
[6.233s] /home/vi/lxy/b2+z1/b2z1_ros2/example/src/src/b2/b2_stand_example.cpp:332:38: error: ‘z1_pose_a_’ was not declared in this scope
[6.233s]   332 |     q_des = z1_init_q_ * (1.0 - r) + z1_pose_a_ * r;
[6.233s]       |                                      ^~~~~~~~~~
[6.238s] /home/vi/lxy/b2+z1/b2z1_ros2/example/src/src/b2/b2_stand_example.cpp:333:5: error: ‘qd_des’ was not declared in this scope
[6.238s]   333 |     qd_des = (z1_pose_a_ - z1_init_q_) /
[6.239s]       |     ^~~~~~
[6.244s] /home/vi/lxy/b2+z1/b2z1_ros2/example/src/src/b2/b2_stand_example.cpp:337:5: error: ‘q_des’ was not declared in this scope
[6.244s]   337 |     q_des = z1_pose_a_ * (1.0 - r) + z1_pose_b_ * r;
[6.244s]       |     ^~~~~
[6.252s] /home/vi/lxy/b2+z1/b2z1_ros2/example/src/src/b2/b2_stand_example.cpp:337:13: error: ‘z1_pose_a_’ was not declared in this scope
[6.252s]   337 |     q_des = z1_pose_a_ * (1.0 - r) + z1_pose_b_ * r;
[6.252s]       |             ^~~~~~~~~~
[6.259s] /home/vi/lxy/b2+z1/b2z1_ros2/example/src/src/b2/b2_stand_example.cpp:337:38: error: ‘z1_pose_b_’ was not declared in this scope
[6.259s]   337 |     q_des = z1_pose_a_ * (1.0 - r) + z1_pose_b_ * r;
[6.259s]       |                                      ^~~~~~~~~~
[6.265s] /home/vi/lxy/b2+z1/b2z1_ros2/example/src/src/b2/b2_stand_example.cpp:338:5: error: ‘qd_des’ was not declared in this scope
[6.265s]   338 |     qd_des = (z1_pose_b_ - z1_pose_a_) /
[6.265s]       |     ^~~~~~
[6.270s] /home/vi/lxy/b2+z1/b2z1_ros2/example/src/src/b2/b2_stand_example.cpp:343:5: error: ‘q_des’ was not declared in this scope
[6.270s]   343 |     q_des = z1_pose_b_;
[6.270s]       |     ^~~~~
[6.277s] /home/vi/lxy/b2+z1/b2z1_ros2/example/src/src/b2/b2_stand_example.cpp:343:13: error: ‘z1_pose_b_’ was not declared in this scope
[6.277s]   343 |     q_des = z1_pose_b_;
[6.277s]       |             ^~~~~~~~~~
[6.283s] /home/vi/lxy/b2+z1/b2z1_ros2/example/src/src/b2/b2_stand_example.cpp:346:5: error: ‘qd_des’ was not declared in this scope
[6.283s]   346 |     qd_des(0) = 0.20 * w * std::cos(w * t);
[6.283s]       |     ^~~~~~
[6.288s] /home/vi/lxy/b2+z1/b2z1_ros2/example/src/src/b2/b2_stand_example.cpp:350:5: error: ‘q_des’ was not declared in this scope
[6.288s]   350 |     q_des = z1_pose_b_ * (1.0 - r) + z1_pose_a_ * r;
[6.289s]       |     ^~~~~
[6.296s] /home/vi/lxy/b2+z1/b2z1_ros2/example/src/src/b2/b2_stand_example.cpp:350:13: error: ‘z1_pose_b_’ was not declared in this scope
[6.296s]   350 |     q_des = z1_pose_b_ * (1.0 - r) + z1_pose_a_ * r;
[6.296s]       |             ^~~~~~~~~~
[6.303s] /home/vi/lxy/b2+z1/b2z1_ros2/example/src/src/b2/b2_stand_example.cpp:350:38: error: ‘z1_pose_a_’ was not declared in this scope
[6.303s]   350 |     q_des = z1_pose_b_ * (1.0 - r) + z1_pose_a_ * r;
[6.304s]       |                                      ^~~~~~~~~~
[6.309s] /home/vi/lxy/b2+z1/b2z1_ros2/example/src/src/b2/b2_stand_example.cpp:353:5: error: ‘q_des’ was not declared in this scope
[6.309s]   353 |     q_des = z1_pose_a_ * (1.0 - r) + z1_init_q_ * r;
[6.309s]       |     ^~~~~
[6.316s] /home/vi/lxy/b2+z1/b2z1_ros2/example/src/src/b2/b2_stand_example.cpp:353:13: error: ‘z1_pose_a_’ was not declared in this scope
[6.316s]   353 |     q_des = z1_pose_a_ * (1.0 - r) + z1_init_q_ * r;
[6.316s]       |             ^~~~~~~~~~
[6.323s] /home/vi/lxy/b2+z1/b2z1_ros2/example/src/src/b2/b2_stand_example.cpp:353:38: error: ‘z1_init_q_’ was not declared in this scope
[6.324s]   353 |     q_des = z1_pose_a_ * (1.0 - r) + z1_init_q_ * r;
[6.324s]       |                                      ^~~~~~~~~~
[6.330s] /home/vi/lxy/b2+z1/b2z1_ros2/example/src/src/b2/b2_stand_example.cpp:356:3: error: ‘tau_des’ was not declared in this scope
[6.330s]   356 |   tau_des = z1_arm_->_ctrlComp->armModel->inverseDynamics(
[6.330s]       |   ^~~~~~~
[6.335s] /home/vi/lxy/b2+z1/b2z1_ros2/example/src/src/b2/b2_stand_example.cpp:357:7: error: ‘q_des’ was not declared in this scope
[6.335s]   357 |       q_des, qd_des, UNITREE_ARM::Vec6::Zero(), UNITREE_ARM::Vec6::Zero());
[6.335s]       |       ^~~~~
[6.341s] /home/vi/lxy/b2+z1/b2z1_ros2/example/src/src/b2/b2_stand_example.cpp:357:14: error: ‘qd_des’ was not declared in this scope
[6.341s]   357 |       q_des, qd_des, UNITREE_ARM::Vec6::Zero(), UNITREE_ARM::Vec6::Zero());
[6.341s]       |              ^~~~~~
[6.341s] /home/vi/lxy/b2+z1/b2z1_ros2/example/src/src/b2/b2_stand_example.cpp:357:35: error: ‘UNITREE_ARM::Vec6’ has not been declared
[6.341s]   357 |       q_des, qd_des, UNITREE_ARM::Vec6::Zero(), UNITREE_ARM::Vec6::Zero());
[6.341s]       |                                   ^~~~
[6.341s] /home/vi/lxy/b2+z1/b2z1_ros2/example/src/src/b2/b2_stand_example.cpp:357:62: error: ‘UNITREE_ARM::Vec6’ has not been declared
[6.341s]   357 |       q_des, qd_des, UNITREE_ARM::Vec6::Zero(), UNITREE_ARM::Vec6::Zero());
[6.342s]       |                                                              ^~~~
[7.486s] [ 67%] Linking CXX executable b2w_sport_client
[7.548s] [ 68%] Linking CXX executable b2_sport_client
[7.707s] [ 68%] Built target b2w_sport_client
[7.767s] [ 68%] Built target b2_sport_client
[9.055s] [ 70%] Linking CXX executable read_motion_state
[9.207s] [ 72%] Linking CXX executable read_low_state_hg
[9.279s] [ 74%] Linking CXX executable read_wireless_controller
[9.376s] [ 74%] Built target read_motion_state
[9.514s] [ 75%] Linking CXX executable read_low_state
[9.538s] [ 77%] Linking CXX executable low_level_ctrl_hg
[9.554s] [ 77%] Built target read_low_state_hg
[9.608s] [ 77%] Built target read_wireless_controller
[9.830s] [ 79%] Linking CXX executable g1_low_level_example
[9.836s] [ 79%] Built target read_low_state
[9.880s] [ 79%] Built target low_level_ctrl_hg
[10.164s] [ 79%] Built target g1_low_level_example
[10.225s] gmake[2]: *** [CMakeFiles/b2_stand_example.dir/build.make:76：CMakeFiles/b2_stand_example.dir/src/b2/b2_stand_example.cpp.o] 错误 1
[10.226s] gmake[1]: *** [CMakeFiles/Makefile2:645：CMakeFiles/b2_stand_example.dir/all] 错误 2
[10.226s] gmake[1]: *** 正在等待未完成的任务....
[10.255s] [ 81%] Linking CXX executable go2_stand_example
[10.266s] [ 82%] Linking CXX executable g1_arm_sdk_dds_example
[10.584s] [ 82%] Built target go2_stand_example
[10.593s] [ 82%] Built target g1_arm_sdk_dds_example
[10.907s] [ 84%] Linking CXX executable go2_sport_client
[11.256s] [ 86%] Linking CXX executable go2_robot_state_client
[11.346s] [ 87%] Linking CXX executable g1_dex3_example
[11.476s] [ 87%] Built target go2_sport_client
[11.624s] [ 89%] Linking CXX executable g1_arm_action_example
[11.645s] [ 89%] Built target go2_robot_state_client
[11.694s] [ 91%] Linking CXX executable g1_loco_client_example
[11.704s] [ 91%] Built target g1_dex3_example
[11.739s] [ 93%] Linking CXX executable g1_audio_client_example
[11.867s] [ 94%] Linking CXX executable g1_ankle_swing_example
[12.020s] [ 94%] Built target g1_arm_action_example
[12.086s] [ 94%] Built target g1_loco_client_example
[12.117s] [ 94%] Built target g1_audio_client_example
[12.322s] [ 94%] Built target g1_ankle_swing_example
[13.474s] [ 96%] Linking CXX executable b2w_stand_example
[13.965s] [ 96%] Built target b2w_stand_example
[14.302s] [ 98%] Linking CXX executable g1_dual_arm_example
[14.821s] [ 98%] Built target g1_dual_arm_example
[14.823s] gmake: *** [Makefile:146：all] 错误 2
[30.016s] Invoked command in '/home/vi/lxy/b2+z1/b2z1_ros2/example/build/unitree_ros2_example' returned '2': CMAKE_PREFIX_PATH=${CMAKE_PREFIX_PATH}:/opt/ros/humble /usr/bin/cmake --build /home/vi/lxy/b2+z1/b2z1_ros2/example/build/unitree_ros2_example -- -j128 -l128
