-- The C compiler identification is GNU 11.4.0
-- The CXX compiler identification is GNU 11.4.0
-- Detecting C compiler ABI info
-- Detecting C compiler ABI info - done
-- Check for working C compiler: /usr/bin/cc - skipped
-- Detecting C compile features
-- Detecting C compile features - done
-- Detecting CXX compiler ABI info
-- Detecting CXX compiler ABI info - done
-- Check for working CXX compiler: /usr/bin/c++ - skipped
-- Detecting CXX compile features
-- Detecting CXX compile features - done
-- Found z1_sdk at /home/vi/lxy/b2+z1/b2z1_ros2/example/src/../../../z1_sdk
-- Found ament_cmake: 1.3.14 (/opt/ros/humble/share/ament_cmake/cmake)
-- Found Python3: /usr/bin/python3 (found version "3.10.12") found components: Interpreter 
CMake Error at CMakeLists.txt:45 (find_package):
  By not providing "Findunitree_go.cmake" in CMAKE_MODULE_PATH this project
  has asked CMake to find a package configuration file provided by
  "unitree_go", but CMake did not find one.

  Could not find a package configuration file provided by "unitree_go" with
  any of the following names:

    unitree_goConfig.cmake
    unitree_go-config.cmake

  Add the installation prefix of "unitree_go" to CMAKE_PREFIX_PATH or set
  "unitree_go_DIR" to a directory containing one of the above files.  If
  "unitree_go" provides a separate development package or SDK, be sure it has
  been installed.


-- Configuring incomplete, errors occurred!
See also "/home/vi/lxy/b2+z1/b2z1_ros2/example/build/unitree_ros2_example/CMakeFiles/CMakeOutput.log".
