[0.009s] Invoking command in '/home/vi/lxy/b2+z1/b2z1_ros2/example/build/unitree_ros2_example': CMAKE_PREFIX_PATH=/opt/ros/humble /usr/bin/cmake /home/vi/lxy/b2+z1/b2z1_ros2/example/src -DCMAKE_INSTALL_PREFIX=/home/vi/lxy/b2+z1/b2z1_ros2/example/install/unitree_ros2_example
[0.064s] -- The C compiler identification is GNU 11.4.0
[0.113s] -- The CXX compiler identification is GNU 11.4.0
[0.124s] -- Detecting C compiler ABI info
[0.196s] -- Detecting C compiler ABI info - done
[0.209s] -- Check for working C compiler: /usr/bin/cc - skipped
[0.209s] -- Detecting C compile features
[0.210s] -- Detecting C compile features - done
[0.215s] -- Detecting CXX compiler ABI info
[0.297s] -- Detecting CXX compiler ABI info - done
[0.310s] -- Check for working CXX compiler: /usr/bin/c++ - skipped
[0.310s] -- Detecting CXX compile features
[0.311s] -- Detecting CXX compile features - done
[0.312s] -- Found z1_sdk at /home/vi/lxy/b2+z1/b2z1_ros2/example/src/../../../z1_sdk
[0.315s] -- Found ament_cmake: 1.3.14 (/opt/ros/humble/share/ament_cmake/cmake)
[0.447s] -- Found Python3: /usr/bin/python3 (found version "3.10.12") found components: Interpreter 
[0.525s] CMake Error at CMakeLists.txt:45 (find_package):
[0.525s]   By not providing "Findunitree_go.cmake" in CMAKE_MODULE_PATH this project
[0.525s]   has asked CMake to find a package configuration file provided by
[0.525s]   "unitree_go", but CMake did not find one.
[0.526s] 
[0.526s]   Could not find a package configuration file provided by "unitree_go" with
[0.526s]   any of the following names:
[0.526s] 
[0.526s]     unitree_goConfig.cmake
[0.526s]     unitree_go-config.cmake
[0.526s] 
[0.526s]   Add the installation prefix of "unitree_go" to CMAKE_PREFIX_PATH or set
[0.526s]   "unitree_go_DIR" to a directory containing one of the above files.  If
[0.526s]   "unitree_go" provides a separate development package or SDK, be sure it has
[0.526s]   been installed.
[0.527s] 
[0.527s] 
[0.527s] -- Configuring incomplete, errors occurred!
[0.527s] See also "/home/vi/lxy/b2+z1/b2z1_ros2/example/build/unitree_ros2_example/CMakeFiles/CMakeOutput.log".
[0.530s] Invoked command in '/home/vi/lxy/b2+z1/b2z1_ros2/example/build/unitree_ros2_example' returned '1': CMAKE_PREFIX_PATH=/opt/ros/humble /usr/bin/cmake /home/vi/lxy/b2+z1/b2z1_ros2/example/src -DCMAKE_INSTALL_PREFIX=/home/vi/lxy/b2+z1/b2z1_ros2/example/install/unitree_ros2_example
