[0.076s] DEBUG:colcon:Command line arguments: ['/usr/bin/colcon', 'build', '--event-handlers', 'console_direct+', '--packages-select', 'unitree_go', 'unitree_hg', 'unitree_api']
[0.076s] DEBUG:colcon:Parsed command line arguments: Namespace(log_base=None, log_level=None, verb_name='build', build_base='build', install_base='install', merge_install=False, symlink_install=False, test_result_base=None, continue_on_error=False, executor='parallel', parallel_workers=128, event_handlers=['console_direct+'], ignore_user_meta=False, metas=['./colcon.meta'], base_paths=['.'], packages_ignore=None, packages_ignore_regex=None, paths=None, packages_up_to=None, packages_up_to_regex=None, packages_above=None, packages_above_and_dependencies=None, packages_above_depth=None, packages_select_by_dep=None, packages_skip_by_dep=None, packages_skip_up_to=None, packages_select_build_failed=False, packages_skip_build_finished=False, packages_select_test_failures=False, packages_skip_test_passed=False, packages_select=['unitree_go', 'unitree_hg', 'unitree_api'], packages_skip=None, packages_select_regex=None, packages_skip_regex=None, packages_start=None, packages_end=None, allow_overriding=[], cmake_args=None, cmake_target=None, cmake_target_skip_unavailable=False, cmake_clean_cache=False, cmake_clean_first=False, cmake_force_configure=False, ament_cmake_args=None, catkin_cmake_args=None, catkin_skip_building_tests=False, verb_parser=<colcon_defaults.argument_parser.defaults.DefaultArgumentsDecorator object at 0x738055a1c7c0>, verb_extension=<colcon_core.verb.build.BuildVerb object at 0x738055a1c1f0>, main=<bound method BuildVerb.main of <colcon_core.verb.build.BuildVerb object at 0x738055a1c1f0>>)
[0.200s] Level 1:colcon.colcon_core.package_discovery:discover_packages(colcon_meta) check parameters
[0.200s] Level 1:colcon.colcon_core.package_discovery:discover_packages(recursive) check parameters
[0.200s] Level 1:colcon.colcon_core.package_discovery:discover_packages(ignore) check parameters
[0.200s] Level 1:colcon.colcon_core.package_discovery:discover_packages(path) check parameters
[0.200s] Level 1:colcon.colcon_core.package_discovery:discover_packages(colcon_meta) discover
[0.200s] Level 1:colcon.colcon_core.package_discovery:discover_packages(recursive) discover
[0.200s] INFO:colcon.colcon_core.package_discovery:Crawling recursively for packages in '/home/vi/lxy/b2+z1/b2z1_ros2/cyclonedds_ws'
[0.200s] Level 1:colcon.colcon_core.package_identification:_identify(.) by extensions ['ignore', 'ignore_ament_install']
[0.200s] Level 1:colcon.colcon_core.package_identification:_identify(.) by extension 'ignore'
[0.200s] Level 1:colcon.colcon_core.package_identification:_identify(.) by extension 'ignore_ament_install'
[0.200s] Level 1:colcon.colcon_core.package_identification:_identify(.) by extensions ['colcon_pkg']
[0.201s] Level 1:colcon.colcon_core.package_identification:_identify(.) by extension 'colcon_pkg'
[0.201s] Level 1:colcon.colcon_core.package_identification:_identify(.) by extensions ['colcon_meta']
[0.201s] Level 1:colcon.colcon_core.package_identification:_identify(.) by extension 'colcon_meta'
[0.201s] Level 1:colcon.colcon_core.package_identification:_identify(.) by extensions ['ros']
[0.201s] Level 1:colcon.colcon_core.package_identification:_identify(.) by extension 'ros'
[0.209s] Level 1:colcon.colcon_core.package_identification:_identify(.) by extensions ['cmake', 'python']
[0.209s] Level 1:colcon.colcon_core.package_identification:_identify(.) by extension 'cmake'
[0.209s] Level 1:colcon.colcon_core.package_identification:_identify(.) by extension 'python'
[0.209s] Level 1:colcon.colcon_core.package_identification:_identify(.) by extensions ['python_setup_py']
[0.209s] Level 1:colcon.colcon_core.package_identification:_identify(.) by extension 'python_setup_py'
[0.209s] Level 1:colcon.colcon_core.package_identification:_identify(build) by extensions ['ignore', 'ignore_ament_install']
[0.209s] Level 1:colcon.colcon_core.package_identification:_identify(build) by extension 'ignore'
[0.209s] Level 1:colcon.colcon_core.package_identification:_identify(build) ignored
[0.209s] Level 1:colcon.colcon_core.package_identification:_identify(install) by extensions ['ignore', 'ignore_ament_install']
[0.209s] Level 1:colcon.colcon_core.package_identification:_identify(install) by extension 'ignore'
[0.209s] Level 1:colcon.colcon_core.package_identification:_identify(install) ignored
[0.209s] Level 1:colcon.colcon_core.package_identification:_identify(log) by extensions ['ignore', 'ignore_ament_install']
[0.209s] Level 1:colcon.colcon_core.package_identification:_identify(log) by extension 'ignore'
[0.209s] Level 1:colcon.colcon_core.package_identification:_identify(log) ignored
[0.209s] Level 1:colcon.colcon_core.package_identification:_identify(src) by extensions ['ignore', 'ignore_ament_install']
[0.209s] Level 1:colcon.colcon_core.package_identification:_identify(src) by extension 'ignore'
[0.209s] Level 1:colcon.colcon_core.package_identification:_identify(src) by extension 'ignore_ament_install'
[0.210s] Level 1:colcon.colcon_core.package_identification:_identify(src) by extensions ['colcon_pkg']
[0.210s] Level 1:colcon.colcon_core.package_identification:_identify(src) by extension 'colcon_pkg'
[0.210s] Level 1:colcon.colcon_core.package_identification:_identify(src) by extensions ['colcon_meta']
[0.210s] Level 1:colcon.colcon_core.package_identification:_identify(src) by extension 'colcon_meta'
[0.210s] Level 1:colcon.colcon_core.package_identification:_identify(src) by extensions ['ros']
[0.210s] Level 1:colcon.colcon_core.package_identification:_identify(src) by extension 'ros'
[0.210s] Level 1:colcon.colcon_core.package_identification:_identify(src) by extensions ['cmake', 'python']
[0.210s] Level 1:colcon.colcon_core.package_identification:_identify(src) by extension 'cmake'
[0.210s] Level 1:colcon.colcon_core.package_identification:_identify(src) by extension 'python'
[0.210s] Level 1:colcon.colcon_core.package_identification:_identify(src) by extensions ['python_setup_py']
[0.210s] Level 1:colcon.colcon_core.package_identification:_identify(src) by extension 'python_setup_py'
[0.210s] Level 1:colcon.colcon_core.package_identification:_identify(src/unitree) by extensions ['ignore', 'ignore_ament_install']
[0.210s] Level 1:colcon.colcon_core.package_identification:_identify(src/unitree) by extension 'ignore'
[0.210s] Level 1:colcon.colcon_core.package_identification:_identify(src/unitree) by extension 'ignore_ament_install'
[0.210s] Level 1:colcon.colcon_core.package_identification:_identify(src/unitree) by extensions ['colcon_pkg']
[0.210s] Level 1:colcon.colcon_core.package_identification:_identify(src/unitree) by extension 'colcon_pkg'
[0.210s] Level 1:colcon.colcon_core.package_identification:_identify(src/unitree) by extensions ['colcon_meta']
[0.210s] Level 1:colcon.colcon_core.package_identification:_identify(src/unitree) by extension 'colcon_meta'
[0.210s] Level 1:colcon.colcon_core.package_identification:_identify(src/unitree) by extensions ['ros']
[0.210s] Level 1:colcon.colcon_core.package_identification:_identify(src/unitree) by extension 'ros'
[0.210s] Level 1:colcon.colcon_core.package_identification:_identify(src/unitree) by extensions ['cmake', 'python']
[0.210s] Level 1:colcon.colcon_core.package_identification:_identify(src/unitree) by extension 'cmake'
[0.210s] Level 1:colcon.colcon_core.package_identification:_identify(src/unitree) by extension 'python'
[0.210s] Level 1:colcon.colcon_core.package_identification:_identify(src/unitree) by extensions ['python_setup_py']
[0.210s] Level 1:colcon.colcon_core.package_identification:_identify(src/unitree) by extension 'python_setup_py'
[0.210s] Level 1:colcon.colcon_core.package_identification:_identify(src/unitree/unitree_api) by extensions ['ignore', 'ignore_ament_install']
[0.211s] Level 1:colcon.colcon_core.package_identification:_identify(src/unitree/unitree_api) by extension 'ignore'
[0.211s] Level 1:colcon.colcon_core.package_identification:_identify(src/unitree/unitree_api) by extension 'ignore_ament_install'
[0.211s] Level 1:colcon.colcon_core.package_identification:_identify(src/unitree/unitree_api) by extensions ['colcon_pkg']
[0.211s] Level 1:colcon.colcon_core.package_identification:_identify(src/unitree/unitree_api) by extension 'colcon_pkg'
[0.211s] Level 1:colcon.colcon_core.package_identification:_identify(src/unitree/unitree_api) by extensions ['colcon_meta']
[0.211s] Level 1:colcon.colcon_core.package_identification:_identify(src/unitree/unitree_api) by extension 'colcon_meta'
[0.211s] Level 1:colcon.colcon_core.package_identification:_identify(src/unitree/unitree_api) by extensions ['ros']
[0.211s] Level 1:colcon.colcon_core.package_identification:_identify(src/unitree/unitree_api) by extension 'ros'
[0.212s] DEBUG:colcon.colcon_core.package_identification:Package 'src/unitree/unitree_api' with type 'ros.ament_cmake' and name 'unitree_api'
[0.212s] Level 1:colcon.colcon_core.package_identification:_identify(src/unitree/unitree_go) by extensions ['ignore', 'ignore_ament_install']
[0.213s] Level 1:colcon.colcon_core.package_identification:_identify(src/unitree/unitree_go) by extension 'ignore'
[0.213s] Level 1:colcon.colcon_core.package_identification:_identify(src/unitree/unitree_go) by extension 'ignore_ament_install'
[0.213s] Level 1:colcon.colcon_core.package_identification:_identify(src/unitree/unitree_go) by extensions ['colcon_pkg']
[0.213s] Level 1:colcon.colcon_core.package_identification:_identify(src/unitree/unitree_go) by extension 'colcon_pkg'
[0.213s] Level 1:colcon.colcon_core.package_identification:_identify(src/unitree/unitree_go) by extensions ['colcon_meta']
[0.213s] Level 1:colcon.colcon_core.package_identification:_identify(src/unitree/unitree_go) by extension 'colcon_meta'
[0.213s] Level 1:colcon.colcon_core.package_identification:_identify(src/unitree/unitree_go) by extensions ['ros']
[0.213s] Level 1:colcon.colcon_core.package_identification:_identify(src/unitree/unitree_go) by extension 'ros'
[0.213s] DEBUG:colcon.colcon_core.package_identification:Package 'src/unitree/unitree_go' with type 'ros.ament_cmake' and name 'unitree_go'
[0.213s] Level 1:colcon.colcon_core.package_identification:_identify(src/unitree/unitree_hg) by extensions ['ignore', 'ignore_ament_install']
[0.213s] Level 1:colcon.colcon_core.package_identification:_identify(src/unitree/unitree_hg) by extension 'ignore'
[0.213s] Level 1:colcon.colcon_core.package_identification:_identify(src/unitree/unitree_hg) by extension 'ignore_ament_install'
[0.214s] Level 1:colcon.colcon_core.package_identification:_identify(src/unitree/unitree_hg) by extensions ['colcon_pkg']
[0.214s] Level 1:colcon.colcon_core.package_identification:_identify(src/unitree/unitree_hg) by extension 'colcon_pkg'
[0.214s] Level 1:colcon.colcon_core.package_identification:_identify(src/unitree/unitree_hg) by extensions ['colcon_meta']
[0.214s] Level 1:colcon.colcon_core.package_identification:_identify(src/unitree/unitree_hg) by extension 'colcon_meta'
[0.214s] Level 1:colcon.colcon_core.package_identification:_identify(src/unitree/unitree_hg) by extensions ['ros']
[0.214s] Level 1:colcon.colcon_core.package_identification:_identify(src/unitree/unitree_hg) by extension 'ros'
[0.214s] DEBUG:colcon.colcon_core.package_identification:Package 'src/unitree/unitree_hg' with type 'ros.ament_cmake' and name 'unitree_hg'
[0.214s] Level 1:colcon.colcon_core.package_discovery:discover_packages(recursive) using defaults
[0.214s] Level 1:colcon.colcon_core.package_discovery:discover_packages(ignore) discover
[0.214s] Level 1:colcon.colcon_core.package_discovery:discover_packages(ignore) using defaults
[0.214s] Level 1:colcon.colcon_core.package_discovery:discover_packages(path) discover
[0.214s] Level 1:colcon.colcon_core.package_discovery:discover_packages(path) using defaults
[0.228s] Level 1:colcon.colcon_core.package_discovery:discover_packages(prefix_path) check parameters
[0.228s] Level 1:colcon.colcon_core.package_discovery:discover_packages(prefix_path) discover
[0.230s] DEBUG:colcon.colcon_installed_package_information.package_discovery:Found 275 installed packages in /opt/ros/humble
[0.238s] Level 1:colcon.colcon_core.package_discovery:discover_packages(prefix_path) using defaults
[0.266s] Level 5:colcon.colcon_core.verb:set package 'unitree_api' build argument 'cmake_args' from command line to 'None'
[0.266s] Level 5:colcon.colcon_core.verb:set package 'unitree_api' build argument 'cmake_target' from command line to 'None'
[0.266s] Level 5:colcon.colcon_core.verb:set package 'unitree_api' build argument 'cmake_target_skip_unavailable' from command line to 'False'
[0.266s] Level 5:colcon.colcon_core.verb:set package 'unitree_api' build argument 'cmake_clean_cache' from command line to 'False'
[0.266s] Level 5:colcon.colcon_core.verb:set package 'unitree_api' build argument 'cmake_clean_first' from command line to 'False'
[0.266s] Level 5:colcon.colcon_core.verb:set package 'unitree_api' build argument 'cmake_force_configure' from command line to 'False'
[0.266s] Level 5:colcon.colcon_core.verb:set package 'unitree_api' build argument 'ament_cmake_args' from command line to 'None'
[0.266s] Level 5:colcon.colcon_core.verb:set package 'unitree_api' build argument 'catkin_cmake_args' from command line to 'None'
[0.266s] Level 5:colcon.colcon_core.verb:set package 'unitree_api' build argument 'catkin_skip_building_tests' from command line to 'False'
[0.266s] DEBUG:colcon.colcon_core.verb:Building package 'unitree_api' with the following arguments: {'ament_cmake_args': None, 'build_base': '/home/vi/lxy/b2+z1/b2z1_ros2/cyclonedds_ws/build/unitree_api', 'catkin_cmake_args': None, 'catkin_skip_building_tests': False, 'cmake_args': None, 'cmake_clean_cache': False, 'cmake_clean_first': False, 'cmake_force_configure': False, 'cmake_target': None, 'cmake_target_skip_unavailable': False, 'install_base': '/home/vi/lxy/b2+z1/b2z1_ros2/cyclonedds_ws/install/unitree_api', 'merge_install': False, 'path': '/home/vi/lxy/b2+z1/b2z1_ros2/cyclonedds_ws/src/unitree/unitree_api', 'symlink_install': False, 'test_result_base': None}
[0.267s] Level 5:colcon.colcon_core.verb:set package 'unitree_go' build argument 'cmake_args' from command line to 'None'
[0.267s] Level 5:colcon.colcon_core.verb:set package 'unitree_go' build argument 'cmake_target' from command line to 'None'
[0.267s] Level 5:colcon.colcon_core.verb:set package 'unitree_go' build argument 'cmake_target_skip_unavailable' from command line to 'False'
[0.267s] Level 5:colcon.colcon_core.verb:set package 'unitree_go' build argument 'cmake_clean_cache' from command line to 'False'
[0.267s] Level 5:colcon.colcon_core.verb:set package 'unitree_go' build argument 'cmake_clean_first' from command line to 'False'
[0.267s] Level 5:colcon.colcon_core.verb:set package 'unitree_go' build argument 'cmake_force_configure' from command line to 'False'
[0.267s] Level 5:colcon.colcon_core.verb:set package 'unitree_go' build argument 'ament_cmake_args' from command line to 'None'
[0.267s] Level 5:colcon.colcon_core.verb:set package 'unitree_go' build argument 'catkin_cmake_args' from command line to 'None'
[0.267s] Level 5:colcon.colcon_core.verb:set package 'unitree_go' build argument 'catkin_skip_building_tests' from command line to 'False'
[0.267s] DEBUG:colcon.colcon_core.verb:Building package 'unitree_go' with the following arguments: {'ament_cmake_args': None, 'build_base': '/home/vi/lxy/b2+z1/b2z1_ros2/cyclonedds_ws/build/unitree_go', 'catkin_cmake_args': None, 'catkin_skip_building_tests': False, 'cmake_args': None, 'cmake_clean_cache': False, 'cmake_clean_first': False, 'cmake_force_configure': False, 'cmake_target': None, 'cmake_target_skip_unavailable': False, 'install_base': '/home/vi/lxy/b2+z1/b2z1_ros2/cyclonedds_ws/install/unitree_go', 'merge_install': False, 'path': '/home/vi/lxy/b2+z1/b2z1_ros2/cyclonedds_ws/src/unitree/unitree_go', 'symlink_install': False, 'test_result_base': None}
[0.267s] Level 5:colcon.colcon_core.verb:set package 'unitree_hg' build argument 'cmake_args' from command line to 'None'
[0.267s] Level 5:colcon.colcon_core.verb:set package 'unitree_hg' build argument 'cmake_target' from command line to 'None'
[0.267s] Level 5:colcon.colcon_core.verb:set package 'unitree_hg' build argument 'cmake_target_skip_unavailable' from command line to 'False'
[0.267s] Level 5:colcon.colcon_core.verb:set package 'unitree_hg' build argument 'cmake_clean_cache' from command line to 'False'
[0.267s] Level 5:colcon.colcon_core.verb:set package 'unitree_hg' build argument 'cmake_clean_first' from command line to 'False'
[0.267s] Level 5:colcon.colcon_core.verb:set package 'unitree_hg' build argument 'cmake_force_configure' from command line to 'False'
[0.267s] Level 5:colcon.colcon_core.verb:set package 'unitree_hg' build argument 'ament_cmake_args' from command line to 'None'
[0.267s] Level 5:colcon.colcon_core.verb:set package 'unitree_hg' build argument 'catkin_cmake_args' from command line to 'None'
[0.267s] Level 5:colcon.colcon_core.verb:set package 'unitree_hg' build argument 'catkin_skip_building_tests' from command line to 'False'
[0.267s] DEBUG:colcon.colcon_core.verb:Building package 'unitree_hg' with the following arguments: {'ament_cmake_args': None, 'build_base': '/home/vi/lxy/b2+z1/b2z1_ros2/cyclonedds_ws/build/unitree_hg', 'catkin_cmake_args': None, 'catkin_skip_building_tests': False, 'cmake_args': None, 'cmake_clean_cache': False, 'cmake_clean_first': False, 'cmake_force_configure': False, 'cmake_target': None, 'cmake_target_skip_unavailable': False, 'install_base': '/home/vi/lxy/b2+z1/b2z1_ros2/cyclonedds_ws/install/unitree_hg', 'merge_install': False, 'path': '/home/vi/lxy/b2+z1/b2z1_ros2/cyclonedds_ws/src/unitree/unitree_hg', 'symlink_install': False, 'test_result_base': None}
[0.267s] INFO:colcon.colcon_core.executor:Executing jobs using 'parallel' executor
[0.268s] DEBUG:colcon.colcon_parallel_executor.executor.parallel:run_until_complete
[0.268s] INFO:colcon.colcon_ros.task.ament_cmake.build:Building ROS package in '/home/vi/lxy/b2+z1/b2z1_ros2/cyclonedds_ws/src/unitree/unitree_api' with build type 'ament_cmake'
[0.268s] INFO:colcon.colcon_cmake.task.cmake.build:Building CMake package in '/home/vi/lxy/b2+z1/b2z1_ros2/cyclonedds_ws/src/unitree/unitree_api'
[0.270s] INFO:colcon.colcon_core.plugin_system:Skipping extension 'colcon_core.shell.bat': Not used on non-Windows systems
[0.270s] INFO:colcon.colcon_core.shell:Skip shell extension 'powershell' for command environment: Not usable outside of PowerShell
[0.270s] DEBUG:colcon.colcon_core.shell:Skip shell extension 'dsv' for command environment
[0.272s] INFO:colcon.colcon_ros.task.ament_cmake.build:Building ROS package in '/home/vi/lxy/b2+z1/b2z1_ros2/cyclonedds_ws/src/unitree/unitree_go' with build type 'ament_cmake'
[0.273s] INFO:colcon.colcon_cmake.task.cmake.build:Building CMake package in '/home/vi/lxy/b2+z1/b2z1_ros2/cyclonedds_ws/src/unitree/unitree_go'
[0.273s] INFO:colcon.colcon_core.shell:Skip shell extension 'powershell' for command environment: Not usable outside of PowerShell
[0.273s] DEBUG:colcon.colcon_core.shell:Skip shell extension 'dsv' for command environment
[0.275s] INFO:colcon.colcon_ros.task.ament_cmake.build:Building ROS package in '/home/vi/lxy/b2+z1/b2z1_ros2/cyclonedds_ws/src/unitree/unitree_hg' with build type 'ament_cmake'
[0.275s] INFO:colcon.colcon_cmake.task.cmake.build:Building CMake package in '/home/vi/lxy/b2+z1/b2z1_ros2/cyclonedds_ws/src/unitree/unitree_hg'
[0.275s] INFO:colcon.colcon_core.shell:Skip shell extension 'powershell' for command environment: Not usable outside of PowerShell
[0.275s] DEBUG:colcon.colcon_core.shell:Skip shell extension 'dsv' for command environment
[0.281s] DEBUG:colcon.colcon_core.event_handler.log_command:Invoking command in '/home/vi/lxy/b2+z1/b2z1_ros2/cyclonedds_ws/build/unitree_api': CMAKE_PREFIX_PATH=/opt/ros/humble /usr/bin/cmake /home/vi/lxy/b2+z1/b2z1_ros2/cyclonedds_ws/src/unitree/unitree_api -DCMAKE_INSTALL_PREFIX=/home/vi/lxy/b2+z1/b2z1_ros2/cyclonedds_ws/install/unitree_api
[0.283s] DEBUG:colcon.colcon_core.event_handler.log_command:Invoking command in '/home/vi/lxy/b2+z1/b2z1_ros2/cyclonedds_ws/build/unitree_go': CMAKE_PREFIX_PATH=/opt/ros/humble /usr/bin/cmake /home/vi/lxy/b2+z1/b2z1_ros2/cyclonedds_ws/src/unitree/unitree_go -DCMAKE_INSTALL_PREFIX=/home/vi/lxy/b2+z1/b2z1_ros2/cyclonedds_ws/install/unitree_go
[0.285s] DEBUG:colcon.colcon_core.event_handler.log_command:Invoking command in '/home/vi/lxy/b2+z1/b2z1_ros2/cyclonedds_ws/build/unitree_hg': CMAKE_PREFIX_PATH=/opt/ros/humble /usr/bin/cmake /home/vi/lxy/b2+z1/b2z1_ros2/cyclonedds_ws/src/unitree/unitree_hg -DCMAKE_INSTALL_PREFIX=/home/vi/lxy/b2+z1/b2z1_ros2/cyclonedds_ws/install/unitree_hg
[2.063s] DEBUG:colcon.colcon_core.event_handler.log_command:Invoked command in '/home/vi/lxy/b2+z1/b2z1_ros2/cyclonedds_ws/build/unitree_api' returned '0': CMAKE_PREFIX_PATH=/opt/ros/humble /usr/bin/cmake /home/vi/lxy/b2+z1/b2z1_ros2/cyclonedds_ws/src/unitree/unitree_api -DCMAKE_INSTALL_PREFIX=/home/vi/lxy/b2+z1/b2z1_ros2/cyclonedds_ws/install/unitree_api
[2.066s] DEBUG:colcon.colcon_core.event_handler.log_command:Invoking command in '/home/vi/lxy/b2+z1/b2z1_ros2/cyclonedds_ws/build/unitree_api': CMAKE_PREFIX_PATH=/opt/ros/humble /usr/bin/cmake --build /home/vi/lxy/b2+z1/b2z1_ros2/cyclonedds_ws/build/unitree_api -- -j128 -l128
[2.084s] DEBUG:colcon.colcon_core.event_handler.log_command:Invoked command in '/home/vi/lxy/b2+z1/b2z1_ros2/cyclonedds_ws/build/unitree_hg' returned '0': CMAKE_PREFIX_PATH=/opt/ros/humble /usr/bin/cmake /home/vi/lxy/b2+z1/b2z1_ros2/cyclonedds_ws/src/unitree/unitree_hg -DCMAKE_INSTALL_PREFIX=/home/vi/lxy/b2+z1/b2z1_ros2/cyclonedds_ws/install/unitree_hg
[2.086s] DEBUG:colcon.colcon_core.event_handler.log_command:Invoking command in '/home/vi/lxy/b2+z1/b2z1_ros2/cyclonedds_ws/build/unitree_hg': CMAKE_PREFIX_PATH=/opt/ros/humble /usr/bin/cmake --build /home/vi/lxy/b2+z1/b2z1_ros2/cyclonedds_ws/build/unitree_hg -- -j128 -l128
[2.142s] DEBUG:colcon.colcon_core.event_handler.log_command:Invoked command in '/home/vi/lxy/b2+z1/b2z1_ros2/cyclonedds_ws/build/unitree_go' returned '0': CMAKE_PREFIX_PATH=/opt/ros/humble /usr/bin/cmake /home/vi/lxy/b2+z1/b2z1_ros2/cyclonedds_ws/src/unitree/unitree_go -DCMAKE_INSTALL_PREFIX=/home/vi/lxy/b2+z1/b2z1_ros2/cyclonedds_ws/install/unitree_go
[2.144s] DEBUG:colcon.colcon_core.event_handler.log_command:Invoking command in '/home/vi/lxy/b2+z1/b2z1_ros2/cyclonedds_ws/build/unitree_go': CMAKE_PREFIX_PATH=/opt/ros/humble /usr/bin/cmake --build /home/vi/lxy/b2+z1/b2z1_ros2/cyclonedds_ws/build/unitree_go -- -j128 -l128
[4.507s] DEBUG:colcon.colcon_core.event_handler.log_command:Invoked command in '/home/vi/lxy/b2+z1/b2z1_ros2/cyclonedds_ws/build/unitree_api' returned '0': CMAKE_PREFIX_PATH=/opt/ros/humble /usr/bin/cmake --build /home/vi/lxy/b2+z1/b2z1_ros2/cyclonedds_ws/build/unitree_api -- -j128 -l128
[4.518s] DEBUG:colcon.colcon_core.event_handler.log_command:Invoking command in '/home/vi/lxy/b2+z1/b2z1_ros2/cyclonedds_ws/build/unitree_api': CMAKE_PREFIX_PATH=/opt/ros/humble /usr/bin/cmake --install /home/vi/lxy/b2+z1/b2z1_ros2/cyclonedds_ws/build/unitree_api
[4.657s] Level 1:colcon.colcon_core.environment:create_environment_scripts_only(unitree_api)
[4.659s] DEBUG:colcon.colcon_core.event_handler.log_command:Invoked command in '/home/vi/lxy/b2+z1/b2z1_ros2/cyclonedds_ws/build/unitree_api' returned '0': CMAKE_PREFIX_PATH=/opt/ros/humble /usr/bin/cmake --install /home/vi/lxy/b2+z1/b2z1_ros2/cyclonedds_ws/build/unitree_api
[4.661s] Level 1:colcon.colcon_core.environment:checking '/home/vi/lxy/b2+z1/b2z1_ros2/cyclonedds_ws/install/unitree_api' for CMake module files
[4.662s] Level 1:colcon.colcon_core.environment:checking '/home/vi/lxy/b2+z1/b2z1_ros2/cyclonedds_ws/install/unitree_api' for CMake config files
[4.663s] Level 1:colcon.colcon_core.shell:create_environment_hook('unitree_api', 'cmake_prefix_path')
[4.663s] INFO:colcon.colcon_core.shell:Creating environment hook '/home/vi/lxy/b2+z1/b2z1_ros2/cyclonedds_ws/install/unitree_api/share/unitree_api/hook/cmake_prefix_path.ps1'
[4.664s] INFO:colcon.colcon_core.shell:Creating environment descriptor '/home/vi/lxy/b2+z1/b2z1_ros2/cyclonedds_ws/install/unitree_api/share/unitree_api/hook/cmake_prefix_path.dsv'
[4.664s] INFO:colcon.colcon_core.shell:Creating environment hook '/home/vi/lxy/b2+z1/b2z1_ros2/cyclonedds_ws/install/unitree_api/share/unitree_api/hook/cmake_prefix_path.sh'
[4.665s] Level 1:colcon.colcon_core.environment:checking '/home/vi/lxy/b2+z1/b2z1_ros2/cyclonedds_ws/install/unitree_api/lib'
[4.665s] Level 1:colcon.colcon_core.shell:create_environment_hook('unitree_api', 'ld_library_path_lib')
[4.665s] INFO:colcon.colcon_core.shell:Creating environment hook '/home/vi/lxy/b2+z1/b2z1_ros2/cyclonedds_ws/install/unitree_api/share/unitree_api/hook/ld_library_path_lib.ps1'
[4.666s] INFO:colcon.colcon_core.shell:Creating environment descriptor '/home/vi/lxy/b2+z1/b2z1_ros2/cyclonedds_ws/install/unitree_api/share/unitree_api/hook/ld_library_path_lib.dsv'
[4.666s] INFO:colcon.colcon_core.shell:Creating environment hook '/home/vi/lxy/b2+z1/b2z1_ros2/cyclonedds_ws/install/unitree_api/share/unitree_api/hook/ld_library_path_lib.sh'
[4.666s] Level 1:colcon.colcon_core.environment:checking '/home/vi/lxy/b2+z1/b2z1_ros2/cyclonedds_ws/install/unitree_api/bin'
[4.666s] Level 1:colcon.colcon_core.environment:checking '/home/vi/lxy/b2+z1/b2z1_ros2/cyclonedds_ws/install/unitree_api/lib/pkgconfig/unitree_api.pc'
[4.667s] Level 1:colcon.colcon_core.environment:checking '/home/vi/lxy/b2+z1/b2z1_ros2/cyclonedds_ws/install/unitree_api/lib/python3.10/site-packages'
[4.667s] Level 1:colcon.colcon_core.environment:checking '/home/vi/lxy/b2+z1/b2z1_ros2/cyclonedds_ws/install/unitree_api/bin'
[4.667s] INFO:colcon.colcon_core.shell:Creating package script '/home/vi/lxy/b2+z1/b2z1_ros2/cyclonedds_ws/install/unitree_api/share/unitree_api/package.ps1'
[4.668s] INFO:colcon.colcon_core.shell:Creating package descriptor '/home/vi/lxy/b2+z1/b2z1_ros2/cyclonedds_ws/install/unitree_api/share/unitree_api/package.dsv'
[4.669s] INFO:colcon.colcon_core.shell:Creating package script '/home/vi/lxy/b2+z1/b2z1_ros2/cyclonedds_ws/install/unitree_api/share/unitree_api/package.sh'
[4.670s] INFO:colcon.colcon_core.shell:Creating package script '/home/vi/lxy/b2+z1/b2z1_ros2/cyclonedds_ws/install/unitree_api/share/unitree_api/package.bash'
[4.670s] INFO:colcon.colcon_core.shell:Creating package script '/home/vi/lxy/b2+z1/b2z1_ros2/cyclonedds_ws/install/unitree_api/share/unitree_api/package.zsh'
[4.671s] Level 1:colcon.colcon_core.environment:create_file_with_runtime_dependencies(/home/vi/lxy/b2+z1/b2z1_ros2/cyclonedds_ws/install/unitree_api/share/colcon-core/packages/unitree_api)
[4.671s] Level 1:colcon.colcon_core.environment:create_environment_scripts_only(unitree_api)
[4.672s] Level 1:colcon.colcon_core.environment:checking '/home/vi/lxy/b2+z1/b2z1_ros2/cyclonedds_ws/install/unitree_api' for CMake module files
[4.672s] Level 1:colcon.colcon_core.environment:checking '/home/vi/lxy/b2+z1/b2z1_ros2/cyclonedds_ws/install/unitree_api' for CMake config files
[4.673s] Level 1:colcon.colcon_core.shell:create_environment_hook('unitree_api', 'cmake_prefix_path')
[4.673s] INFO:colcon.colcon_core.shell:Creating environment hook '/home/vi/lxy/b2+z1/b2z1_ros2/cyclonedds_ws/install/unitree_api/share/unitree_api/hook/cmake_prefix_path.ps1'
[4.673s] INFO:colcon.colcon_core.shell:Creating environment descriptor '/home/vi/lxy/b2+z1/b2z1_ros2/cyclonedds_ws/install/unitree_api/share/unitree_api/hook/cmake_prefix_path.dsv'
[4.673s] INFO:colcon.colcon_core.shell:Creating environment hook '/home/vi/lxy/b2+z1/b2z1_ros2/cyclonedds_ws/install/unitree_api/share/unitree_api/hook/cmake_prefix_path.sh'
[4.674s] Level 1:colcon.colcon_core.environment:checking '/home/vi/lxy/b2+z1/b2z1_ros2/cyclonedds_ws/install/unitree_api/lib'
[4.674s] Level 1:colcon.colcon_core.shell:create_environment_hook('unitree_api', 'ld_library_path_lib')
[4.674s] INFO:colcon.colcon_core.shell:Creating environment hook '/home/vi/lxy/b2+z1/b2z1_ros2/cyclonedds_ws/install/unitree_api/share/unitree_api/hook/ld_library_path_lib.ps1'
[4.674s] INFO:colcon.colcon_core.shell:Creating environment descriptor '/home/vi/lxy/b2+z1/b2z1_ros2/cyclonedds_ws/install/unitree_api/share/unitree_api/hook/ld_library_path_lib.dsv'
[4.675s] INFO:colcon.colcon_core.shell:Creating environment hook '/home/vi/lxy/b2+z1/b2z1_ros2/cyclonedds_ws/install/unitree_api/share/unitree_api/hook/ld_library_path_lib.sh'
[4.675s] Level 1:colcon.colcon_core.environment:checking '/home/vi/lxy/b2+z1/b2z1_ros2/cyclonedds_ws/install/unitree_api/bin'
[4.675s] Level 1:colcon.colcon_core.environment:checking '/home/vi/lxy/b2+z1/b2z1_ros2/cyclonedds_ws/install/unitree_api/lib/pkgconfig/unitree_api.pc'
[4.675s] Level 1:colcon.colcon_core.environment:checking '/home/vi/lxy/b2+z1/b2z1_ros2/cyclonedds_ws/install/unitree_api/lib/python3.10/site-packages'
[4.675s] Level 1:colcon.colcon_core.environment:checking '/home/vi/lxy/b2+z1/b2z1_ros2/cyclonedds_ws/install/unitree_api/bin'
[4.676s] INFO:colcon.colcon_core.shell:Creating package script '/home/vi/lxy/b2+z1/b2z1_ros2/cyclonedds_ws/install/unitree_api/share/unitree_api/package.ps1'
[4.676s] INFO:colcon.colcon_core.shell:Creating package descriptor '/home/vi/lxy/b2+z1/b2z1_ros2/cyclonedds_ws/install/unitree_api/share/unitree_api/package.dsv'
[4.677s] INFO:colcon.colcon_core.shell:Creating package script '/home/vi/lxy/b2+z1/b2z1_ros2/cyclonedds_ws/install/unitree_api/share/unitree_api/package.sh'
[4.677s] INFO:colcon.colcon_core.shell:Creating package script '/home/vi/lxy/b2+z1/b2z1_ros2/cyclonedds_ws/install/unitree_api/share/unitree_api/package.bash'
[4.678s] INFO:colcon.colcon_core.shell:Creating package script '/home/vi/lxy/b2+z1/b2z1_ros2/cyclonedds_ws/install/unitree_api/share/unitree_api/package.zsh'
[4.678s] Level 1:colcon.colcon_core.environment:create_file_with_runtime_dependencies(/home/vi/lxy/b2+z1/b2z1_ros2/cyclonedds_ws/install/unitree_api/share/colcon-core/packages/unitree_api)
[7.975s] DEBUG:colcon.colcon_core.event_handler.log_command:Invoked command in '/home/vi/lxy/b2+z1/b2z1_ros2/cyclonedds_ws/build/unitree_hg' returned '0': CMAKE_PREFIX_PATH=/opt/ros/humble /usr/bin/cmake --build /home/vi/lxy/b2+z1/b2z1_ros2/cyclonedds_ws/build/unitree_hg -- -j128 -l128
[7.976s] DEBUG:colcon.colcon_core.event_handler.log_command:Invoking command in '/home/vi/lxy/b2+z1/b2z1_ros2/cyclonedds_ws/build/unitree_hg': CMAKE_PREFIX_PATH=/opt/ros/humble /usr/bin/cmake --install /home/vi/lxy/b2+z1/b2z1_ros2/cyclonedds_ws/build/unitree_hg
[8.130s] Level 1:colcon.colcon_core.environment:create_environment_scripts_only(unitree_hg)
[8.131s] Level 1:colcon.colcon_core.environment:checking '/home/vi/lxy/b2+z1/b2z1_ros2/cyclonedds_ws/install/unitree_hg' for CMake module files
[8.132s] DEBUG:colcon.colcon_core.event_handler.log_command:Invoked command in '/home/vi/lxy/b2+z1/b2z1_ros2/cyclonedds_ws/build/unitree_hg' returned '0': CMAKE_PREFIX_PATH=/opt/ros/humble /usr/bin/cmake --install /home/vi/lxy/b2+z1/b2z1_ros2/cyclonedds_ws/build/unitree_hg
[8.132s] Level 1:colcon.colcon_core.environment:checking '/home/vi/lxy/b2+z1/b2z1_ros2/cyclonedds_ws/install/unitree_hg' for CMake config files
[8.132s] Level 1:colcon.colcon_core.shell:create_environment_hook('unitree_hg', 'cmake_prefix_path')
[8.133s] INFO:colcon.colcon_core.shell:Creating environment hook '/home/vi/lxy/b2+z1/b2z1_ros2/cyclonedds_ws/install/unitree_hg/share/unitree_hg/hook/cmake_prefix_path.ps1'
[8.133s] INFO:colcon.colcon_core.shell:Creating environment descriptor '/home/vi/lxy/b2+z1/b2z1_ros2/cyclonedds_ws/install/unitree_hg/share/unitree_hg/hook/cmake_prefix_path.dsv'
[8.133s] INFO:colcon.colcon_core.shell:Creating environment hook '/home/vi/lxy/b2+z1/b2z1_ros2/cyclonedds_ws/install/unitree_hg/share/unitree_hg/hook/cmake_prefix_path.sh'
[8.134s] Level 1:colcon.colcon_core.environment:checking '/home/vi/lxy/b2+z1/b2z1_ros2/cyclonedds_ws/install/unitree_hg/lib'
[8.134s] Level 1:colcon.colcon_core.shell:create_environment_hook('unitree_hg', 'ld_library_path_lib')
[8.134s] INFO:colcon.colcon_core.shell:Creating environment hook '/home/vi/lxy/b2+z1/b2z1_ros2/cyclonedds_ws/install/unitree_hg/share/unitree_hg/hook/ld_library_path_lib.ps1'
[8.134s] INFO:colcon.colcon_core.shell:Creating environment descriptor '/home/vi/lxy/b2+z1/b2z1_ros2/cyclonedds_ws/install/unitree_hg/share/unitree_hg/hook/ld_library_path_lib.dsv'
[8.134s] INFO:colcon.colcon_core.shell:Creating environment hook '/home/vi/lxy/b2+z1/b2z1_ros2/cyclonedds_ws/install/unitree_hg/share/unitree_hg/hook/ld_library_path_lib.sh'
[8.135s] Level 1:colcon.colcon_core.environment:checking '/home/vi/lxy/b2+z1/b2z1_ros2/cyclonedds_ws/install/unitree_hg/bin'
[8.135s] Level 1:colcon.colcon_core.environment:checking '/home/vi/lxy/b2+z1/b2z1_ros2/cyclonedds_ws/install/unitree_hg/lib/pkgconfig/unitree_hg.pc'
[8.135s] Level 1:colcon.colcon_core.environment:checking '/home/vi/lxy/b2+z1/b2z1_ros2/cyclonedds_ws/install/unitree_hg/lib/python3.10/site-packages'
[8.135s] Level 1:colcon.colcon_core.environment:checking '/home/vi/lxy/b2+z1/b2z1_ros2/cyclonedds_ws/install/unitree_hg/bin'
[8.135s] INFO:colcon.colcon_core.shell:Creating package script '/home/vi/lxy/b2+z1/b2z1_ros2/cyclonedds_ws/install/unitree_hg/share/unitree_hg/package.ps1'
[8.136s] INFO:colcon.colcon_core.shell:Creating package descriptor '/home/vi/lxy/b2+z1/b2z1_ros2/cyclonedds_ws/install/unitree_hg/share/unitree_hg/package.dsv'
[8.136s] INFO:colcon.colcon_core.shell:Creating package script '/home/vi/lxy/b2+z1/b2z1_ros2/cyclonedds_ws/install/unitree_hg/share/unitree_hg/package.sh'
[8.136s] INFO:colcon.colcon_core.shell:Creating package script '/home/vi/lxy/b2+z1/b2z1_ros2/cyclonedds_ws/install/unitree_hg/share/unitree_hg/package.bash'
[8.137s] INFO:colcon.colcon_core.shell:Creating package script '/home/vi/lxy/b2+z1/b2z1_ros2/cyclonedds_ws/install/unitree_hg/share/unitree_hg/package.zsh'
[8.137s] Level 1:colcon.colcon_core.environment:create_file_with_runtime_dependencies(/home/vi/lxy/b2+z1/b2z1_ros2/cyclonedds_ws/install/unitree_hg/share/colcon-core/packages/unitree_hg)
[8.137s] Level 1:colcon.colcon_core.environment:create_environment_scripts_only(unitree_hg)
[8.137s] Level 1:colcon.colcon_core.environment:checking '/home/vi/lxy/b2+z1/b2z1_ros2/cyclonedds_ws/install/unitree_hg' for CMake module files
[8.138s] Level 1:colcon.colcon_core.environment:checking '/home/vi/lxy/b2+z1/b2z1_ros2/cyclonedds_ws/install/unitree_hg' for CMake config files
[8.138s] Level 1:colcon.colcon_core.shell:create_environment_hook('unitree_hg', 'cmake_prefix_path')
[8.138s] INFO:colcon.colcon_core.shell:Creating environment hook '/home/vi/lxy/b2+z1/b2z1_ros2/cyclonedds_ws/install/unitree_hg/share/unitree_hg/hook/cmake_prefix_path.ps1'
[8.139s] INFO:colcon.colcon_core.shell:Creating environment descriptor '/home/vi/lxy/b2+z1/b2z1_ros2/cyclonedds_ws/install/unitree_hg/share/unitree_hg/hook/cmake_prefix_path.dsv'
[8.139s] INFO:colcon.colcon_core.shell:Creating environment hook '/home/vi/lxy/b2+z1/b2z1_ros2/cyclonedds_ws/install/unitree_hg/share/unitree_hg/hook/cmake_prefix_path.sh'
[8.139s] Level 1:colcon.colcon_core.environment:checking '/home/vi/lxy/b2+z1/b2z1_ros2/cyclonedds_ws/install/unitree_hg/lib'
[8.139s] Level 1:colcon.colcon_core.shell:create_environment_hook('unitree_hg', 'ld_library_path_lib')
[8.139s] INFO:colcon.colcon_core.shell:Creating environment hook '/home/vi/lxy/b2+z1/b2z1_ros2/cyclonedds_ws/install/unitree_hg/share/unitree_hg/hook/ld_library_path_lib.ps1'
[8.140s] INFO:colcon.colcon_core.shell:Creating environment descriptor '/home/vi/lxy/b2+z1/b2z1_ros2/cyclonedds_ws/install/unitree_hg/share/unitree_hg/hook/ld_library_path_lib.dsv'
[8.140s] INFO:colcon.colcon_core.shell:Creating environment hook '/home/vi/lxy/b2+z1/b2z1_ros2/cyclonedds_ws/install/unitree_hg/share/unitree_hg/hook/ld_library_path_lib.sh'
[8.140s] Level 1:colcon.colcon_core.environment:checking '/home/vi/lxy/b2+z1/b2z1_ros2/cyclonedds_ws/install/unitree_hg/bin'
[8.140s] Level 1:colcon.colcon_core.environment:checking '/home/vi/lxy/b2+z1/b2z1_ros2/cyclonedds_ws/install/unitree_hg/lib/pkgconfig/unitree_hg.pc'
[8.140s] Level 1:colcon.colcon_core.environment:checking '/home/vi/lxy/b2+z1/b2z1_ros2/cyclonedds_ws/install/unitree_hg/lib/python3.10/site-packages'
[8.141s] Level 1:colcon.colcon_core.environment:checking '/home/vi/lxy/b2+z1/b2z1_ros2/cyclonedds_ws/install/unitree_hg/bin'
[8.141s] INFO:colcon.colcon_core.shell:Creating package script '/home/vi/lxy/b2+z1/b2z1_ros2/cyclonedds_ws/install/unitree_hg/share/unitree_hg/package.ps1'
[8.141s] INFO:colcon.colcon_core.shell:Creating package descriptor '/home/vi/lxy/b2+z1/b2z1_ros2/cyclonedds_ws/install/unitree_hg/share/unitree_hg/package.dsv'
[8.142s] INFO:colcon.colcon_core.shell:Creating package script '/home/vi/lxy/b2+z1/b2z1_ros2/cyclonedds_ws/install/unitree_hg/share/unitree_hg/package.sh'
[8.142s] INFO:colcon.colcon_core.shell:Creating package script '/home/vi/lxy/b2+z1/b2z1_ros2/cyclonedds_ws/install/unitree_hg/share/unitree_hg/package.bash'
[8.142s] INFO:colcon.colcon_core.shell:Creating package script '/home/vi/lxy/b2+z1/b2z1_ros2/cyclonedds_ws/install/unitree_hg/share/unitree_hg/package.zsh'
[8.143s] Level 1:colcon.colcon_core.environment:create_file_with_runtime_dependencies(/home/vi/lxy/b2+z1/b2z1_ros2/cyclonedds_ws/install/unitree_hg/share/colcon-core/packages/unitree_hg)
[8.395s] DEBUG:colcon.colcon_core.event_handler.log_command:Invoked command in '/home/vi/lxy/b2+z1/b2z1_ros2/cyclonedds_ws/build/unitree_go' returned '0': CMAKE_PREFIX_PATH=/opt/ros/humble /usr/bin/cmake --build /home/vi/lxy/b2+z1/b2z1_ros2/cyclonedds_ws/build/unitree_go -- -j128 -l128
[8.397s] DEBUG:colcon.colcon_core.event_handler.log_command:Invoking command in '/home/vi/lxy/b2+z1/b2z1_ros2/cyclonedds_ws/build/unitree_go': CMAKE_PREFIX_PATH=/opt/ros/humble /usr/bin/cmake --install /home/vi/lxy/b2+z1/b2z1_ros2/cyclonedds_ws/build/unitree_go
[38.174s] Level 1:colcon.colcon_core.environment:create_environment_scripts_only(unitree_go)
[38.175s] Level 1:colcon.colcon_core.environment:checking '/home/vi/lxy/b2+z1/b2z1_ros2/cyclonedds_ws/install/unitree_go' for CMake module files
[38.175s] DEBUG:colcon.colcon_core.event_handler.log_command:Invoked command in '/home/vi/lxy/b2+z1/b2z1_ros2/cyclonedds_ws/build/unitree_go' returned '0': CMAKE_PREFIX_PATH=/opt/ros/humble /usr/bin/cmake --install /home/vi/lxy/b2+z1/b2z1_ros2/cyclonedds_ws/build/unitree_go
[38.176s] Level 1:colcon.colcon_core.environment:checking '/home/vi/lxy/b2+z1/b2z1_ros2/cyclonedds_ws/install/unitree_go' for CMake config files
[38.177s] Level 1:colcon.colcon_core.shell:create_environment_hook('unitree_go', 'cmake_prefix_path')
[38.178s] INFO:colcon.colcon_core.shell:Creating environment hook '/home/vi/lxy/b2+z1/b2z1_ros2/cyclonedds_ws/install/unitree_go/share/unitree_go/hook/cmake_prefix_path.ps1'
[38.178s] INFO:colcon.colcon_core.shell:Creating environment descriptor '/home/vi/lxy/b2+z1/b2z1_ros2/cyclonedds_ws/install/unitree_go/share/unitree_go/hook/cmake_prefix_path.dsv'
[38.179s] INFO:colcon.colcon_core.shell:Creating environment hook '/home/vi/lxy/b2+z1/b2z1_ros2/cyclonedds_ws/install/unitree_go/share/unitree_go/hook/cmake_prefix_path.sh'
[38.179s] Level 1:colcon.colcon_core.environment:checking '/home/vi/lxy/b2+z1/b2z1_ros2/cyclonedds_ws/install/unitree_go/lib'
[38.179s] Level 1:colcon.colcon_core.shell:create_environment_hook('unitree_go', 'ld_library_path_lib')
[38.180s] INFO:colcon.colcon_core.shell:Creating environment hook '/home/vi/lxy/b2+z1/b2z1_ros2/cyclonedds_ws/install/unitree_go/share/unitree_go/hook/ld_library_path_lib.ps1'
[38.180s] INFO:colcon.colcon_core.shell:Creating environment descriptor '/home/vi/lxy/b2+z1/b2z1_ros2/cyclonedds_ws/install/unitree_go/share/unitree_go/hook/ld_library_path_lib.dsv'
[38.180s] INFO:colcon.colcon_core.shell:Creating environment hook '/home/vi/lxy/b2+z1/b2z1_ros2/cyclonedds_ws/install/unitree_go/share/unitree_go/hook/ld_library_path_lib.sh'
[38.181s] Level 1:colcon.colcon_core.environment:checking '/home/vi/lxy/b2+z1/b2z1_ros2/cyclonedds_ws/install/unitree_go/bin'
[38.181s] Level 1:colcon.colcon_core.environment:checking '/home/vi/lxy/b2+z1/b2z1_ros2/cyclonedds_ws/install/unitree_go/lib/pkgconfig/unitree_go.pc'
[38.181s] Level 1:colcon.colcon_core.environment:checking '/home/vi/lxy/b2+z1/b2z1_ros2/cyclonedds_ws/install/unitree_go/lib/python3.10/site-packages'
[38.182s] Level 1:colcon.colcon_core.environment:checking '/home/vi/lxy/b2+z1/b2z1_ros2/cyclonedds_ws/install/unitree_go/bin'
[38.182s] INFO:colcon.colcon_core.shell:Creating package script '/home/vi/lxy/b2+z1/b2z1_ros2/cyclonedds_ws/install/unitree_go/share/unitree_go/package.ps1'
[38.183s] INFO:colcon.colcon_core.shell:Creating package descriptor '/home/vi/lxy/b2+z1/b2z1_ros2/cyclonedds_ws/install/unitree_go/share/unitree_go/package.dsv'
[38.183s] INFO:colcon.colcon_core.shell:Creating package script '/home/vi/lxy/b2+z1/b2z1_ros2/cyclonedds_ws/install/unitree_go/share/unitree_go/package.sh'
[38.184s] INFO:colcon.colcon_core.shell:Creating package script '/home/vi/lxy/b2+z1/b2z1_ros2/cyclonedds_ws/install/unitree_go/share/unitree_go/package.bash'
[38.184s] INFO:colcon.colcon_core.shell:Creating package script '/home/vi/lxy/b2+z1/b2z1_ros2/cyclonedds_ws/install/unitree_go/share/unitree_go/package.zsh'
[38.185s] Level 1:colcon.colcon_core.environment:create_file_with_runtime_dependencies(/home/vi/lxy/b2+z1/b2z1_ros2/cyclonedds_ws/install/unitree_go/share/colcon-core/packages/unitree_go)
[38.186s] Level 1:colcon.colcon_core.environment:create_environment_scripts_only(unitree_go)
[38.186s] Level 1:colcon.colcon_core.environment:checking '/home/vi/lxy/b2+z1/b2z1_ros2/cyclonedds_ws/install/unitree_go' for CMake module files
[38.187s] Level 1:colcon.colcon_core.environment:checking '/home/vi/lxy/b2+z1/b2z1_ros2/cyclonedds_ws/install/unitree_go' for CMake config files
[38.188s] Level 1:colcon.colcon_core.shell:create_environment_hook('unitree_go', 'cmake_prefix_path')
[38.188s] INFO:colcon.colcon_core.shell:Creating environment hook '/home/vi/lxy/b2+z1/b2z1_ros2/cyclonedds_ws/install/unitree_go/share/unitree_go/hook/cmake_prefix_path.ps1'
[38.189s] INFO:colcon.colcon_core.shell:Creating environment descriptor '/home/vi/lxy/b2+z1/b2z1_ros2/cyclonedds_ws/install/unitree_go/share/unitree_go/hook/cmake_prefix_path.dsv'
[38.189s] INFO:colcon.colcon_core.shell:Creating environment hook '/home/vi/lxy/b2+z1/b2z1_ros2/cyclonedds_ws/install/unitree_go/share/unitree_go/hook/cmake_prefix_path.sh'
[38.190s] Level 1:colcon.colcon_core.environment:checking '/home/vi/lxy/b2+z1/b2z1_ros2/cyclonedds_ws/install/unitree_go/lib'
[38.190s] Level 1:colcon.colcon_core.shell:create_environment_hook('unitree_go', 'ld_library_path_lib')
[38.190s] INFO:colcon.colcon_core.shell:Creating environment hook '/home/vi/lxy/b2+z1/b2z1_ros2/cyclonedds_ws/install/unitree_go/share/unitree_go/hook/ld_library_path_lib.ps1'
[38.190s] INFO:colcon.colcon_core.shell:Creating environment descriptor '/home/vi/lxy/b2+z1/b2z1_ros2/cyclonedds_ws/install/unitree_go/share/unitree_go/hook/ld_library_path_lib.dsv'
[38.191s] INFO:colcon.colcon_core.shell:Creating environment hook '/home/vi/lxy/b2+z1/b2z1_ros2/cyclonedds_ws/install/unitree_go/share/unitree_go/hook/ld_library_path_lib.sh'
[38.191s] Level 1:colcon.colcon_core.environment:checking '/home/vi/lxy/b2+z1/b2z1_ros2/cyclonedds_ws/install/unitree_go/bin'
[38.191s] Level 1:colcon.colcon_core.environment:checking '/home/vi/lxy/b2+z1/b2z1_ros2/cyclonedds_ws/install/unitree_go/lib/pkgconfig/unitree_go.pc'
[38.192s] Level 1:colcon.colcon_core.environment:checking '/home/vi/lxy/b2+z1/b2z1_ros2/cyclonedds_ws/install/unitree_go/lib/python3.10/site-packages'
[38.192s] Level 1:colcon.colcon_core.environment:checking '/home/vi/lxy/b2+z1/b2z1_ros2/cyclonedds_ws/install/unitree_go/bin'
[38.193s] INFO:colcon.colcon_core.shell:Creating package script '/home/vi/lxy/b2+z1/b2z1_ros2/cyclonedds_ws/install/unitree_go/share/unitree_go/package.ps1'
[38.193s] INFO:colcon.colcon_core.shell:Creating package descriptor '/home/vi/lxy/b2+z1/b2z1_ros2/cyclonedds_ws/install/unitree_go/share/unitree_go/package.dsv'
[38.194s] INFO:colcon.colcon_core.shell:Creating package script '/home/vi/lxy/b2+z1/b2z1_ros2/cyclonedds_ws/install/unitree_go/share/unitree_go/package.sh'
[38.195s] INFO:colcon.colcon_core.shell:Creating package script '/home/vi/lxy/b2+z1/b2z1_ros2/cyclonedds_ws/install/unitree_go/share/unitree_go/package.bash'
[38.195s] INFO:colcon.colcon_core.shell:Creating package script '/home/vi/lxy/b2+z1/b2z1_ros2/cyclonedds_ws/install/unitree_go/share/unitree_go/package.zsh'
[38.196s] Level 1:colcon.colcon_core.environment:create_file_with_runtime_dependencies(/home/vi/lxy/b2+z1/b2z1_ros2/cyclonedds_ws/install/unitree_go/share/colcon-core/packages/unitree_go)
[38.196s] DEBUG:colcon.colcon_parallel_executor.executor.parallel:closing loop
[38.196s] DEBUG:colcon.colcon_parallel_executor.executor.parallel:loop closed
[38.196s] DEBUG:colcon.colcon_parallel_executor.executor.parallel:run_until_complete finished with '0'
[38.196s] DEBUG:colcon.colcon_core.event_reactor:joining thread
[38.203s] INFO:colcon.colcon_core.plugin_system:Skipping extension 'colcon_notification.desktop_notification.terminal_notifier': Not used on non-Darwin systems
[38.203s] INFO:colcon.colcon_core.plugin_system:Skipping extension 'colcon_notification.desktop_notification.win32': Not used on non-Windows systems
[38.203s] INFO:colcon.colcon_notification.desktop_notification:Sending desktop notification using 'notify2'
[38.203s] DEBUG:colcon.colcon_notification.desktop_notification.notify2:Failed to initialize notify2: org.freedesktop.DBus.Error.AccessDenied: Failed to connect to socket /run/user/1000/bus: Operation not permitted
[38.204s] DEBUG:colcon.colcon_core.event_reactor:joined thread
[38.204s] INFO:colcon.colcon_core.shell:Creating prefix script '/home/vi/lxy/b2+z1/b2z1_ros2/cyclonedds_ws/install/local_setup.ps1'
[38.205s] INFO:colcon.colcon_core.shell:Creating prefix util module '/home/vi/lxy/b2+z1/b2z1_ros2/cyclonedds_ws/install/_local_setup_util_ps1.py'
[38.207s] INFO:colcon.colcon_core.shell:Creating prefix chain script '/home/vi/lxy/b2+z1/b2z1_ros2/cyclonedds_ws/install/setup.ps1'
[38.208s] INFO:colcon.colcon_core.shell:Creating prefix script '/home/vi/lxy/b2+z1/b2z1_ros2/cyclonedds_ws/install/local_setup.sh'
[38.209s] INFO:colcon.colcon_core.shell:Creating prefix util module '/home/vi/lxy/b2+z1/b2z1_ros2/cyclonedds_ws/install/_local_setup_util_sh.py'
[38.209s] INFO:colcon.colcon_core.shell:Creating prefix chain script '/home/vi/lxy/b2+z1/b2z1_ros2/cyclonedds_ws/install/setup.sh'
[38.210s] INFO:colcon.colcon_core.shell:Creating prefix script '/home/vi/lxy/b2+z1/b2z1_ros2/cyclonedds_ws/install/local_setup.bash'
[38.211s] INFO:colcon.colcon_core.shell:Creating prefix chain script '/home/vi/lxy/b2+z1/b2z1_ros2/cyclonedds_ws/install/setup.bash'
[38.212s] INFO:colcon.colcon_core.shell:Creating prefix script '/home/vi/lxy/b2+z1/b2z1_ros2/cyclonedds_ws/install/local_setup.zsh'
[38.213s] INFO:colcon.colcon_core.shell:Creating prefix chain script '/home/vi/lxy/b2+z1/b2z1_ros2/cyclonedds_ws/install/setup.zsh'
