[  5%] Built target low_level_ctrl
[  8%] Built target read_low_state
[ 13%] Built target low_level_ctrl_hg
[ 20%] Built target read_motion_state
[ 20%] Built target read_low_state_hg
Consolidate compiler generated dependencies of target b2_stand_example
[ 29%] Built target read_wireless_controller
[ 29%] Built target g1_low_level_example
[ 34%] Built target go2_stand_example
[ 39%] Built target g1_arm_sdk_dds_example
[ 46%] Built target g1_arm_action_example
[ 50%] Built target go2_robot_state_client
[ 56%] Built target g1_ankle_swing_example
[ 60%] Built target go2_sport_client
[ 65%] Built target b2w_stand_example
[ 74%] Built target g1_dex3_example
[ 75%] Built target b2_sport_client
[ 81%] Built target g1_loco_client_example
[ 86%] Built target b2w_sport_client
[ 91%] Built target g1_dual_arm_example
[ 94%] Built target g1_audio_client_example
[ 96%] Building CXX object CMakeFiles/b2_stand_example.dir/src/b2/b2_stand_example.cpp.o
[ 98%] Linking CXX executable b2_stand_example
[100%] Built target b2_stand_example
-- Install configuration: ""
-- Up-to-date: /home/vi/lxy/b2+z1/b2z1_ros2/example/install/unitree_ros2_example/bin/low_level_ctrl
-- Up-to-date: /home/vi/lxy/b2+z1/b2z1_ros2/example/install/unitree_ros2_example/bin/low_level_ctrl_hg
-- Up-to-date: /home/vi/lxy/b2+z1/b2z1_ros2/example/install/unitree_ros2_example/bin/g1_low_level_example
-- Up-to-date: /home/vi/lxy/b2+z1/b2z1_ros2/example/install/unitree_ros2_example/bin/read_low_state
-- Up-to-date: /home/vi/lxy/b2+z1/b2z1_ros2/example/install/unitree_ros2_example/bin/read_low_state_hg
-- Up-to-date: /home/vi/lxy/b2+z1/b2z1_ros2/example/install/unitree_ros2_example/bin/read_motion_state
-- Up-to-date: /home/vi/lxy/b2+z1/b2z1_ros2/example/install/unitree_ros2_example/bin/read_wireless_controller
-- Up-to-date: /home/vi/lxy/b2+z1/b2z1_ros2/example/install/unitree_ros2_example/bin/go2_sport_client
-- Up-to-date: /home/vi/lxy/b2+z1/b2z1_ros2/example/install/unitree_ros2_example/bin/go2_stand_example
-- Up-to-date: /home/vi/lxy/b2+z1/b2z1_ros2/example/install/unitree_ros2_example/bin/b2_sport_client
-- Installing: /home/vi/lxy/b2+z1/b2z1_ros2/example/install/unitree_ros2_example/bin/b2_stand_example
-- Set runtime path of "/home/vi/lxy/b2+z1/b2z1_ros2/example/install/unitree_ros2_example/bin/b2_stand_example" to ""
-- Up-to-date: /home/vi/lxy/b2+z1/b2z1_ros2/example/install/unitree_ros2_example/bin/b2w_sport_client
-- Up-to-date: /home/vi/lxy/b2+z1/b2z1_ros2/example/install/unitree_ros2_example/bin/b2w_stand_example
-- Up-to-date: /home/vi/lxy/b2+z1/b2z1_ros2/example/install/unitree_ros2_example/bin/go2_robot_state_client
-- Up-to-date: /home/vi/lxy/b2+z1/b2z1_ros2/example/install/unitree_ros2_example/bin/g1_arm_sdk_dds_example
-- Up-to-date: /home/vi/lxy/b2+z1/b2z1_ros2/example/install/unitree_ros2_example/bin/g1_arm_action_example
-- Up-to-date: /home/vi/lxy/b2+z1/b2z1_ros2/example/install/unitree_ros2_example/bin/g1_dex3_example
-- Up-to-date: /home/vi/lxy/b2+z1/b2z1_ros2/example/install/unitree_ros2_example/bin/g1_loco_client_example
-- Up-to-date: /home/vi/lxy/b2+z1/b2z1_ros2/example/install/unitree_ros2_example/bin/g1_ankle_swing_example
-- Up-to-date: /home/vi/lxy/b2+z1/b2z1_ros2/example/install/unitree_ros2_example/bin/g1_dual_arm_example
-- Up-to-date: /home/vi/lxy/b2+z1/b2z1_ros2/example/install/unitree_ros2_example/bin/g1_audio_client_example
-- Up-to-date: /home/vi/lxy/b2+z1/b2z1_ros2/example/install/unitree_ros2_example/share/ament_index/resource_index/package_run_dependencies/unitree_ros2_example
-- Up-to-date: /home/vi/lxy/b2+z1/b2z1_ros2/example/install/unitree_ros2_example/share/ament_index/resource_index/parent_prefix_path/unitree_ros2_example
-- Up-to-date: /home/vi/lxy/b2+z1/b2z1_ros2/example/install/unitree_ros2_example/share/unitree_ros2_example/environment/ament_prefix_path.sh
-- Up-to-date: /home/vi/lxy/b2+z1/b2z1_ros2/example/install/unitree_ros2_example/share/unitree_ros2_example/environment/ament_prefix_path.dsv
-- Up-to-date: /home/vi/lxy/b2+z1/b2z1_ros2/example/install/unitree_ros2_example/share/unitree_ros2_example/environment/path.sh
-- Up-to-date: /home/vi/lxy/b2+z1/b2z1_ros2/example/install/unitree_ros2_example/share/unitree_ros2_example/environment/path.dsv
-- Up-to-date: /home/vi/lxy/b2+z1/b2z1_ros2/example/install/unitree_ros2_example/share/unitree_ros2_example/local_setup.bash
-- Up-to-date: /home/vi/lxy/b2+z1/b2z1_ros2/example/install/unitree_ros2_example/share/unitree_ros2_example/local_setup.sh
-- Up-to-date: /home/vi/lxy/b2+z1/b2z1_ros2/example/install/unitree_ros2_example/share/unitree_ros2_example/local_setup.zsh
-- Up-to-date: /home/vi/lxy/b2+z1/b2z1_ros2/example/install/unitree_ros2_example/share/unitree_ros2_example/local_setup.dsv
-- Installing: /home/vi/lxy/b2+z1/b2z1_ros2/example/install/unitree_ros2_example/share/unitree_ros2_example/package.dsv
-- Up-to-date: /home/vi/lxy/b2+z1/b2z1_ros2/example/install/unitree_ros2_example/share/ament_index/resource_index/packages/unitree_ros2_example
-- Up-to-date: /home/vi/lxy/b2+z1/b2z1_ros2/example/install/unitree_ros2_example/share/unitree_ros2_example/cmake/unitree_ros2_exampleConfig.cmake
-- Up-to-date: /home/vi/lxy/b2+z1/b2z1_ros2/example/install/unitree_ros2_example/share/unitree_ros2_example/cmake/unitree_ros2_exampleConfig-version.cmake
-- Up-to-date: /home/vi/lxy/b2+z1/b2z1_ros2/example/install/unitree_ros2_example/share/unitree_ros2_example/package.xml
