[0.010s] Invoking command in '/home/vi/lxy/b2+z1/b2z1_ros2/example/build/unitree_ros2_example': CMAKE_PREFIX_PATH=/opt/ros/humble /usr/bin/cmake --build /home/vi/lxy/b2+z1/b2z1_ros2/example/build/unitree_ros2_example -- -j128 -l128
[0.069s] [  5%] Built target low_level_ctrl
[0.071s] [  8%] Built target read_low_state
[0.072s] [ 13%] Built target low_level_ctrl_hg
[0.073s] [ 20%] Built target read_motion_state
[0.073s] [ 20%] Built target read_low_state_hg
[0.073s] Consolidate compiler generated dependencies of target b2_stand_example
[0.073s] [ 29%] Built target read_wireless_controller
[0.073s] [ 29%] Built target g1_low_level_example
[0.074s] [ 34%] Built target go2_stand_example
[0.074s] [ 39%] Built target g1_arm_sdk_dds_example
[0.076s] [ 46%] Built target g1_arm_action_example
[0.076s] [ 50%] Built target go2_robot_state_client
[0.077s] [ 56%] Built target g1_ankle_swing_example
[0.077s] [ 60%] Built target go2_sport_client
[0.077s] [ 65%] Built target b2w_stand_example
[0.078s] [ 74%] Built target g1_dex3_example
[0.078s] [ 75%] Built target b2_sport_client
[0.078s] [ 81%] Built target g1_loco_client_example
[0.078s] [ 86%] Built target b2w_sport_client
[0.079s] [ 91%] Built target g1_dual_arm_example
[0.079s] [ 94%] Built target g1_audio_client_example
[0.089s] [ 96%] Building CXX object CMakeFiles/b2_stand_example.dir/src/b2/b2_stand_example.cpp.o
[10.676s] [ 98%] Linking CXX executable b2_stand_example
[11.167s] [100%] Built target b2_stand_example
[11.180s] Invoked command in '/home/vi/lxy/b2+z1/b2z1_ros2/example/build/unitree_ros2_example' returned '0': CMAKE_PREFIX_PATH=/opt/ros/humble /usr/bin/cmake --build /home/vi/lxy/b2+z1/b2z1_ros2/example/build/unitree_ros2_example -- -j128 -l128
[11.191s] Invoking command in '/home/vi/lxy/b2+z1/b2z1_ros2/example/build/unitree_ros2_example': CMAKE_PREFIX_PATH=/opt/ros/humble /usr/bin/cmake --install /home/vi/lxy/b2+z1/b2z1_ros2/example/build/unitree_ros2_example
[11.199s] -- Install configuration: ""
[11.199s] -- Up-to-date: /home/vi/lxy/b2+z1/b2z1_ros2/example/install/unitree_ros2_example/bin/low_level_ctrl
[11.199s] -- Up-to-date: /home/vi/lxy/b2+z1/b2z1_ros2/example/install/unitree_ros2_example/bin/low_level_ctrl_hg
[11.199s] -- Up-to-date: /home/vi/lxy/b2+z1/b2z1_ros2/example/install/unitree_ros2_example/bin/g1_low_level_example
[11.200s] -- Up-to-date: /home/vi/lxy/b2+z1/b2z1_ros2/example/install/unitree_ros2_example/bin/read_low_state
[11.200s] -- Up-to-date: /home/vi/lxy/b2+z1/b2z1_ros2/example/install/unitree_ros2_example/bin/read_low_state_hg
[11.200s] -- Up-to-date: /home/vi/lxy/b2+z1/b2z1_ros2/example/install/unitree_ros2_example/bin/read_motion_state
[11.201s] -- Up-to-date: /home/vi/lxy/b2+z1/b2z1_ros2/example/install/unitree_ros2_example/bin/read_wireless_controller
[11.201s] -- Up-to-date: /home/vi/lxy/b2+z1/b2z1_ros2/example/install/unitree_ros2_example/bin/go2_sport_client
[11.201s] -- Up-to-date: /home/vi/lxy/b2+z1/b2z1_ros2/example/install/unitree_ros2_example/bin/go2_stand_example
[11.202s] -- Up-to-date: /home/vi/lxy/b2+z1/b2z1_ros2/example/install/unitree_ros2_example/bin/b2_sport_client
[11.202s] -- Installing: /home/vi/lxy/b2+z1/b2z1_ros2/example/install/unitree_ros2_example/bin/b2_stand_example
[11.211s] -- Set runtime path of "/home/vi/lxy/b2+z1/b2z1_ros2/example/install/unitree_ros2_example/bin/b2_stand_example" to ""
[11.211s] -- Up-to-date: /home/vi/lxy/b2+z1/b2z1_ros2/example/install/unitree_ros2_example/bin/b2w_sport_client
[11.211s] -- Up-to-date: /home/vi/lxy/b2+z1/b2z1_ros2/example/install/unitree_ros2_example/bin/b2w_stand_example
[11.212s] -- Up-to-date: /home/vi/lxy/b2+z1/b2z1_ros2/example/install/unitree_ros2_example/bin/go2_robot_state_client
[11.212s] -- Up-to-date: /home/vi/lxy/b2+z1/b2z1_ros2/example/install/unitree_ros2_example/bin/g1_arm_sdk_dds_example
[11.212s] -- Up-to-date: /home/vi/lxy/b2+z1/b2z1_ros2/example/install/unitree_ros2_example/bin/g1_arm_action_example
[11.213s] -- Up-to-date: /home/vi/lxy/b2+z1/b2z1_ros2/example/install/unitree_ros2_example/bin/g1_dex3_example
[11.213s] -- Up-to-date: /home/vi/lxy/b2+z1/b2z1_ros2/example/install/unitree_ros2_example/bin/g1_loco_client_example
[11.213s] -- Up-to-date: /home/vi/lxy/b2+z1/b2z1_ros2/example/install/unitree_ros2_example/bin/g1_ankle_swing_example
[11.214s] -- Up-to-date: /home/vi/lxy/b2+z1/b2z1_ros2/example/install/unitree_ros2_example/bin/g1_dual_arm_example
[11.214s] -- Up-to-date: /home/vi/lxy/b2+z1/b2z1_ros2/example/install/unitree_ros2_example/bin/g1_audio_client_example
[11.215s] -- Up-to-date: /home/vi/lxy/b2+z1/b2z1_ros2/example/install/unitree_ros2_example/share/ament_index/resource_index/package_run_dependencies/unitree_ros2_example
[11.215s] -- Up-to-date: /home/vi/lxy/b2+z1/b2z1_ros2/example/install/unitree_ros2_example/share/ament_index/resource_index/parent_prefix_path/unitree_ros2_example
[11.215s] -- Up-to-date: /home/vi/lxy/b2+z1/b2z1_ros2/example/install/unitree_ros2_example/share/unitree_ros2_example/environment/ament_prefix_path.sh
[11.215s] -- Up-to-date: /home/vi/lxy/b2+z1/b2z1_ros2/example/install/unitree_ros2_example/share/unitree_ros2_example/environment/ament_prefix_path.dsv
[11.215s] -- Up-to-date: /home/vi/lxy/b2+z1/b2z1_ros2/example/install/unitree_ros2_example/share/unitree_ros2_example/environment/path.sh
[11.215s] -- Up-to-date: /home/vi/lxy/b2+z1/b2z1_ros2/example/install/unitree_ros2_example/share/unitree_ros2_example/environment/path.dsv
[11.215s] -- Up-to-date: /home/vi/lxy/b2+z1/b2z1_ros2/example/install/unitree_ros2_example/share/unitree_ros2_example/local_setup.bash
[11.216s] -- Up-to-date: /home/vi/lxy/b2+z1/b2z1_ros2/example/install/unitree_ros2_example/share/unitree_ros2_example/local_setup.sh
[11.216s] -- Up-to-date: /home/vi/lxy/b2+z1/b2z1_ros2/example/install/unitree_ros2_example/share/unitree_ros2_example/local_setup.zsh
[11.216s] -- Up-to-date: /home/vi/lxy/b2+z1/b2z1_ros2/example/install/unitree_ros2_example/share/unitree_ros2_example/local_setup.dsv
[11.216s] -- Installing: /home/vi/lxy/b2+z1/b2z1_ros2/example/install/unitree_ros2_example/share/unitree_ros2_example/package.dsv
[11.216s] -- Up-to-date: /home/vi/lxy/b2+z1/b2z1_ros2/example/install/unitree_ros2_example/share/ament_index/resource_index/packages/unitree_ros2_example
[11.216s] -- Up-to-date: /home/vi/lxy/b2+z1/b2z1_ros2/example/install/unitree_ros2_example/share/unitree_ros2_example/cmake/unitree_ros2_exampleConfig.cmake
[11.216s] -- Up-to-date: /home/vi/lxy/b2+z1/b2z1_ros2/example/install/unitree_ros2_example/share/unitree_ros2_example/cmake/unitree_ros2_exampleConfig-version.cmake
[11.216s] -- Up-to-date: /home/vi/lxy/b2+z1/b2z1_ros2/example/install/unitree_ros2_example/share/unitree_ros2_example/package.xml
[11.218s] Invoked command in '/home/vi/lxy/b2+z1/b2z1_ros2/example/build/unitree_ros2_example' returned '0': CMAKE_PREFIX_PATH=/opt/ros/humble /usr/bin/cmake --install /home/vi/lxy/b2+z1/b2z1_ros2/example/build/unitree_ros2_example
