[0.076s] DEBUG:colcon:Command line arguments: ['/usr/bin/colcon', 'build', '--packages-select', 'unitree_ros2_example']
[0.076s] DEBUG:colcon:Parsed command line arguments: Namespace(log_base=None, log_level=None, verb_name='build', build_base='build', install_base='install', merge_install=False, symlink_install=False, test_result_base=None, continue_on_error=False, executor='parallel', parallel_workers=128, event_handlers=None, ignore_user_meta=False, metas=['./colcon.meta'], base_paths=['.'], packages_ignore=None, packages_ignore_regex=None, paths=None, packages_up_to=None, packages_up_to_regex=None, packages_above=None, packages_above_and_dependencies=None, packages_above_depth=None, packages_select_by_dep=None, packages_skip_by_dep=None, packages_skip_up_to=None, packages_select_build_failed=False, packages_skip_build_finished=False, packages_select_test_failures=False, packages_skip_test_passed=False, packages_select=['unitree_ros2_example'], packages_skip=None, packages_select_regex=None, packages_skip_regex=None, packages_start=None, packages_end=None, allow_overriding=[], cmake_args=None, cmake_target=None, cmake_target_skip_unavailable=False, cmake_clean_cache=False, cmake_clean_first=False, cmake_force_configure=False, ament_cmake_args=None, catkin_cmake_args=None, catkin_skip_building_tests=False, verb_parser=<colcon_defaults.argument_parser.defaults.DefaultArgumentsDecorator object at 0x72fb764d87f0>, verb_extension=<colcon_core.verb.build.BuildVerb object at 0x72fb764d8220>, main=<bound method BuildVerb.main of <colcon_core.verb.build.BuildVerb object at 0x72fb764d8220>>)
[0.203s] Level 1:colcon.colcon_core.package_discovery:discover_packages(colcon_meta) check parameters
[0.203s] Level 1:colcon.colcon_core.package_discovery:discover_packages(recursive) check parameters
[0.203s] Level 1:colcon.colcon_core.package_discovery:discover_packages(ignore) check parameters
[0.203s] Level 1:colcon.colcon_core.package_discovery:discover_packages(path) check parameters
[0.203s] Level 1:colcon.colcon_core.package_discovery:discover_packages(colcon_meta) discover
[0.203s] Level 1:colcon.colcon_core.package_discovery:discover_packages(recursive) discover
[0.203s] INFO:colcon.colcon_core.package_discovery:Crawling recursively for packages in '/home/vi/lxy/b2+z1/b2z1_ros2/example'
[0.203s] Level 1:colcon.colcon_core.package_identification:_identify(.) by extensions ['ignore', 'ignore_ament_install']
[0.203s] Level 1:colcon.colcon_core.package_identification:_identify(.) by extension 'ignore'
[0.203s] Level 1:colcon.colcon_core.package_identification:_identify(.) by extension 'ignore_ament_install'
[0.203s] Level 1:colcon.colcon_core.package_identification:_identify(.) by extensions ['colcon_pkg']
[0.203s] Level 1:colcon.colcon_core.package_identification:_identify(.) by extension 'colcon_pkg'
[0.203s] Level 1:colcon.colcon_core.package_identification:_identify(.) by extensions ['colcon_meta']
[0.203s] Level 1:colcon.colcon_core.package_identification:_identify(.) by extension 'colcon_meta'
[0.203s] Level 1:colcon.colcon_core.package_identification:_identify(.) by extensions ['ros']
[0.203s] Level 1:colcon.colcon_core.package_identification:_identify(.) by extension 'ros'
[0.212s] Level 1:colcon.colcon_core.package_identification:_identify(.) by extensions ['cmake', 'python']
[0.212s] Level 1:colcon.colcon_core.package_identification:_identify(.) by extension 'cmake'
[0.212s] Level 1:colcon.colcon_core.package_identification:_identify(.) by extension 'python'
[0.212s] Level 1:colcon.colcon_core.package_identification:_identify(.) by extensions ['python_setup_py']
[0.212s] Level 1:colcon.colcon_core.package_identification:_identify(.) by extension 'python_setup_py'
[0.212s] Level 1:colcon.colcon_core.package_identification:_identify(build) by extensions ['ignore', 'ignore_ament_install']
[0.212s] Level 1:colcon.colcon_core.package_identification:_identify(build) by extension 'ignore'
[0.212s] Level 1:colcon.colcon_core.package_identification:_identify(build) ignored
[0.212s] Level 1:colcon.colcon_core.package_identification:_identify(install) by extensions ['ignore', 'ignore_ament_install']
[0.212s] Level 1:colcon.colcon_core.package_identification:_identify(install) by extension 'ignore'
[0.212s] Level 1:colcon.colcon_core.package_identification:_identify(install) ignored
[0.212s] Level 1:colcon.colcon_core.package_identification:_identify(log) by extensions ['ignore', 'ignore_ament_install']
[0.212s] Level 1:colcon.colcon_core.package_identification:_identify(log) by extension 'ignore'
[0.212s] Level 1:colcon.colcon_core.package_identification:_identify(log) ignored
[0.212s] Level 1:colcon.colcon_core.package_identification:_identify(src) by extensions ['ignore', 'ignore_ament_install']
[0.212s] Level 1:colcon.colcon_core.package_identification:_identify(src) by extension 'ignore'
[0.212s] Level 1:colcon.colcon_core.package_identification:_identify(src) by extension 'ignore_ament_install'
[0.213s] Level 1:colcon.colcon_core.package_identification:_identify(src) by extensions ['colcon_pkg']
[0.213s] Level 1:colcon.colcon_core.package_identification:_identify(src) by extension 'colcon_pkg'
[0.213s] Level 1:colcon.colcon_core.package_identification:_identify(src) by extensions ['colcon_meta']
[0.213s] Level 1:colcon.colcon_core.package_identification:_identify(src) by extension 'colcon_meta'
[0.213s] Level 1:colcon.colcon_core.package_identification:_identify(src) by extensions ['ros']
[0.213s] Level 1:colcon.colcon_core.package_identification:_identify(src) by extension 'ros'
[0.215s] DEBUG:colcon.colcon_core.package_identification:Package 'src' with type 'ros.ament_cmake' and name 'unitree_ros2_example'
[0.215s] Level 1:colcon.colcon_core.package_discovery:discover_packages(recursive) using defaults
[0.215s] Level 1:colcon.colcon_core.package_discovery:discover_packages(ignore) discover
[0.215s] Level 1:colcon.colcon_core.package_discovery:discover_packages(ignore) using defaults
[0.215s] Level 1:colcon.colcon_core.package_discovery:discover_packages(path) discover
[0.215s] Level 1:colcon.colcon_core.package_discovery:discover_packages(path) using defaults
[0.229s] Level 1:colcon.colcon_core.package_discovery:discover_packages(prefix_path) check parameters
[0.229s] Level 1:colcon.colcon_core.package_discovery:discover_packages(prefix_path) discover
[0.231s] DEBUG:colcon.colcon_installed_package_information.package_discovery:Found 275 installed packages in /opt/ros/humble
[0.239s] Level 1:colcon.colcon_core.package_discovery:discover_packages(prefix_path) using defaults
[0.268s] Level 5:colcon.colcon_core.verb:set package 'unitree_ros2_example' build argument 'cmake_args' from command line to 'None'
[0.268s] Level 5:colcon.colcon_core.verb:set package 'unitree_ros2_example' build argument 'cmake_target' from command line to 'None'
[0.268s] Level 5:colcon.colcon_core.verb:set package 'unitree_ros2_example' build argument 'cmake_target_skip_unavailable' from command line to 'False'
[0.268s] Level 5:colcon.colcon_core.verb:set package 'unitree_ros2_example' build argument 'cmake_clean_cache' from command line to 'False'
[0.268s] Level 5:colcon.colcon_core.verb:set package 'unitree_ros2_example' build argument 'cmake_clean_first' from command line to 'False'
[0.268s] Level 5:colcon.colcon_core.verb:set package 'unitree_ros2_example' build argument 'cmake_force_configure' from command line to 'False'
[0.268s] Level 5:colcon.colcon_core.verb:set package 'unitree_ros2_example' build argument 'ament_cmake_args' from command line to 'None'
[0.268s] Level 5:colcon.colcon_core.verb:set package 'unitree_ros2_example' build argument 'catkin_cmake_args' from command line to 'None'
[0.268s] Level 5:colcon.colcon_core.verb:set package 'unitree_ros2_example' build argument 'catkin_skip_building_tests' from command line to 'False'
[0.268s] DEBUG:colcon.colcon_core.verb:Building package 'unitree_ros2_example' with the following arguments: {'ament_cmake_args': None, 'build_base': '/home/vi/lxy/b2+z1/b2z1_ros2/example/build/unitree_ros2_example', 'catkin_cmake_args': None, 'catkin_skip_building_tests': False, 'cmake_args': None, 'cmake_clean_cache': False, 'cmake_clean_first': False, 'cmake_force_configure': False, 'cmake_target': None, 'cmake_target_skip_unavailable': False, 'install_base': '/home/vi/lxy/b2+z1/b2z1_ros2/example/install/unitree_ros2_example', 'merge_install': False, 'path': '/home/vi/lxy/b2+z1/b2z1_ros2/example/src', 'symlink_install': False, 'test_result_base': None}
[0.268s] INFO:colcon.colcon_core.executor:Executing jobs using 'parallel' executor
[0.269s] DEBUG:colcon.colcon_parallel_executor.executor.parallel:run_until_complete
[0.269s] INFO:colcon.colcon_ros.task.ament_cmake.build:Building ROS package in '/home/vi/lxy/b2+z1/b2z1_ros2/example/src' with build type 'ament_cmake'
[0.269s] INFO:colcon.colcon_cmake.task.cmake.build:Building CMake package in '/home/vi/lxy/b2+z1/b2z1_ros2/example/src'
[0.271s] INFO:colcon.colcon_core.plugin_system:Skipping extension 'colcon_core.shell.bat': Not used on non-Windows systems
[0.271s] INFO:colcon.colcon_core.shell:Skip shell extension 'powershell' for command environment: Not usable outside of PowerShell
[0.271s] DEBUG:colcon.colcon_core.shell:Skip shell extension 'dsv' for command environment
[0.280s] DEBUG:colcon.colcon_core.event_handler.log_command:Invoking command in '/home/vi/lxy/b2+z1/b2z1_ros2/example/build/unitree_ros2_example': CMAKE_PREFIX_PATH=/opt/ros/humble /usr/bin/cmake --build /home/vi/lxy/b2+z1/b2z1_ros2/example/build/unitree_ros2_example -- -j128 -l128
[12.490s] DEBUG:colcon.colcon_core.event_handler.log_command:Invoked command in '/home/vi/lxy/b2+z1/b2z1_ros2/example/build/unitree_ros2_example' returned '0': CMAKE_PREFIX_PATH=/opt/ros/humble /usr/bin/cmake --build /home/vi/lxy/b2+z1/b2z1_ros2/example/build/unitree_ros2_example -- -j128 -l128
[12.503s] DEBUG:colcon.colcon_core.event_handler.log_command:Invoking command in '/home/vi/lxy/b2+z1/b2z1_ros2/example/build/unitree_ros2_example': CMAKE_PREFIX_PATH=/opt/ros/humble /usr/bin/cmake --install /home/vi/lxy/b2+z1/b2z1_ros2/example/build/unitree_ros2_example
[12.618s] Level 1:colcon.colcon_core.environment:create_environment_scripts_only(unitree_ros2_example)
[12.619s] DEBUG:colcon.colcon_core.event_handler.log_command:Invoked command in '/home/vi/lxy/b2+z1/b2z1_ros2/example/build/unitree_ros2_example' returned '0': CMAKE_PREFIX_PATH=/opt/ros/humble /usr/bin/cmake --install /home/vi/lxy/b2+z1/b2z1_ros2/example/build/unitree_ros2_example
[12.622s] Level 1:colcon.colcon_core.environment:checking '/home/vi/lxy/b2+z1/b2z1_ros2/example/install/unitree_ros2_example' for CMake module files
[12.623s] Level 1:colcon.colcon_core.environment:checking '/home/vi/lxy/b2+z1/b2z1_ros2/example/install/unitree_ros2_example' for CMake config files
[12.623s] Level 1:colcon.colcon_core.shell:create_environment_hook('unitree_ros2_example', 'cmake_prefix_path')
[12.623s] INFO:colcon.colcon_core.shell:Creating environment hook '/home/vi/lxy/b2+z1/b2z1_ros2/example/install/unitree_ros2_example/share/unitree_ros2_example/hook/cmake_prefix_path.ps1'
[12.624s] INFO:colcon.colcon_core.shell:Creating environment descriptor '/home/vi/lxy/b2+z1/b2z1_ros2/example/install/unitree_ros2_example/share/unitree_ros2_example/hook/cmake_prefix_path.dsv'
[12.625s] INFO:colcon.colcon_core.shell:Creating environment hook '/home/vi/lxy/b2+z1/b2z1_ros2/example/install/unitree_ros2_example/share/unitree_ros2_example/hook/cmake_prefix_path.sh'
[12.626s] Level 1:colcon.colcon_core.environment:checking '/home/vi/lxy/b2+z1/b2z1_ros2/example/install/unitree_ros2_example/bin'
[12.626s] Level 1:colcon.colcon_core.shell:create_environment_hook('unitree_ros2_example', 'path')
[12.626s] INFO:colcon.colcon_core.shell:Creating environment hook '/home/vi/lxy/b2+z1/b2z1_ros2/example/install/unitree_ros2_example/share/unitree_ros2_example/hook/path.ps1'
[12.627s] INFO:colcon.colcon_core.shell:Creating environment descriptor '/home/vi/lxy/b2+z1/b2z1_ros2/example/install/unitree_ros2_example/share/unitree_ros2_example/hook/path.dsv'
[12.627s] INFO:colcon.colcon_core.shell:Creating environment hook '/home/vi/lxy/b2+z1/b2z1_ros2/example/install/unitree_ros2_example/share/unitree_ros2_example/hook/path.sh'
[12.628s] Level 1:colcon.colcon_core.environment:checking '/home/vi/lxy/b2+z1/b2z1_ros2/example/install/unitree_ros2_example/lib/pkgconfig/unitree_ros2_example.pc'
[12.628s] Level 1:colcon.colcon_core.environment:checking '/home/vi/lxy/b2+z1/b2z1_ros2/example/install/unitree_ros2_example/lib/python3.10/site-packages'
[12.628s] Level 1:colcon.colcon_core.environment:checking '/home/vi/lxy/b2+z1/b2z1_ros2/example/install/unitree_ros2_example/bin'
[12.628s] Level 1:colcon.colcon_core.shell:create_environment_hook('unitree_ros2_example', 'pythonscriptspath')
[12.629s] INFO:colcon.colcon_core.shell:Creating environment hook '/home/vi/lxy/b2+z1/b2z1_ros2/example/install/unitree_ros2_example/share/unitree_ros2_example/hook/pythonscriptspath.ps1'
[12.629s] INFO:colcon.colcon_core.shell:Creating environment descriptor '/home/vi/lxy/b2+z1/b2z1_ros2/example/install/unitree_ros2_example/share/unitree_ros2_example/hook/pythonscriptspath.dsv'
[12.630s] INFO:colcon.colcon_core.shell:Creating environment hook '/home/vi/lxy/b2+z1/b2z1_ros2/example/install/unitree_ros2_example/share/unitree_ros2_example/hook/pythonscriptspath.sh'
[12.630s] INFO:colcon.colcon_core.shell:Creating package script '/home/vi/lxy/b2+z1/b2z1_ros2/example/install/unitree_ros2_example/share/unitree_ros2_example/package.ps1'
[12.632s] INFO:colcon.colcon_core.shell:Creating package descriptor '/home/vi/lxy/b2+z1/b2z1_ros2/example/install/unitree_ros2_example/share/unitree_ros2_example/package.dsv'
[12.633s] INFO:colcon.colcon_core.shell:Creating package script '/home/vi/lxy/b2+z1/b2z1_ros2/example/install/unitree_ros2_example/share/unitree_ros2_example/package.sh'
[12.634s] INFO:colcon.colcon_core.shell:Creating package script '/home/vi/lxy/b2+z1/b2z1_ros2/example/install/unitree_ros2_example/share/unitree_ros2_example/package.bash'
[12.635s] INFO:colcon.colcon_core.shell:Creating package script '/home/vi/lxy/b2+z1/b2z1_ros2/example/install/unitree_ros2_example/share/unitree_ros2_example/package.zsh'
[12.636s] Level 1:colcon.colcon_core.environment:create_file_with_runtime_dependencies(/home/vi/lxy/b2+z1/b2z1_ros2/example/install/unitree_ros2_example/share/colcon-core/packages/unitree_ros2_example)
[12.637s] Level 1:colcon.colcon_core.environment:create_environment_scripts_only(unitree_ros2_example)
[12.637s] Level 1:colcon.colcon_core.environment:checking '/home/vi/lxy/b2+z1/b2z1_ros2/example/install/unitree_ros2_example' for CMake module files
[12.637s] Level 1:colcon.colcon_core.environment:checking '/home/vi/lxy/b2+z1/b2z1_ros2/example/install/unitree_ros2_example' for CMake config files
[12.638s] Level 1:colcon.colcon_core.shell:create_environment_hook('unitree_ros2_example', 'cmake_prefix_path')
[12.638s] INFO:colcon.colcon_core.shell:Creating environment hook '/home/vi/lxy/b2+z1/b2z1_ros2/example/install/unitree_ros2_example/share/unitree_ros2_example/hook/cmake_prefix_path.ps1'
[12.638s] INFO:colcon.colcon_core.shell:Creating environment descriptor '/home/vi/lxy/b2+z1/b2z1_ros2/example/install/unitree_ros2_example/share/unitree_ros2_example/hook/cmake_prefix_path.dsv'
[12.639s] INFO:colcon.colcon_core.shell:Creating environment hook '/home/vi/lxy/b2+z1/b2z1_ros2/example/install/unitree_ros2_example/share/unitree_ros2_example/hook/cmake_prefix_path.sh'
[12.640s] Level 1:colcon.colcon_core.environment:checking '/home/vi/lxy/b2+z1/b2z1_ros2/example/install/unitree_ros2_example/bin'
[12.640s] Level 1:colcon.colcon_core.shell:create_environment_hook('unitree_ros2_example', 'path')
[12.640s] INFO:colcon.colcon_core.shell:Creating environment hook '/home/vi/lxy/b2+z1/b2z1_ros2/example/install/unitree_ros2_example/share/unitree_ros2_example/hook/path.ps1'
[12.640s] INFO:colcon.colcon_core.shell:Creating environment descriptor '/home/vi/lxy/b2+z1/b2z1_ros2/example/install/unitree_ros2_example/share/unitree_ros2_example/hook/path.dsv'
[12.641s] INFO:colcon.colcon_core.shell:Creating environment hook '/home/vi/lxy/b2+z1/b2z1_ros2/example/install/unitree_ros2_example/share/unitree_ros2_example/hook/path.sh'
[12.641s] Level 1:colcon.colcon_core.environment:checking '/home/vi/lxy/b2+z1/b2z1_ros2/example/install/unitree_ros2_example/lib/pkgconfig/unitree_ros2_example.pc'
[12.642s] Level 1:colcon.colcon_core.environment:checking '/home/vi/lxy/b2+z1/b2z1_ros2/example/install/unitree_ros2_example/lib/python3.10/site-packages'
[12.642s] Level 1:colcon.colcon_core.environment:checking '/home/vi/lxy/b2+z1/b2z1_ros2/example/install/unitree_ros2_example/bin'
[12.642s] Level 1:colcon.colcon_core.shell:create_environment_hook('unitree_ros2_example', 'pythonscriptspath')
[12.643s] INFO:colcon.colcon_core.shell:Creating environment hook '/home/vi/lxy/b2+z1/b2z1_ros2/example/install/unitree_ros2_example/share/unitree_ros2_example/hook/pythonscriptspath.ps1'
[12.643s] INFO:colcon.colcon_core.shell:Creating environment descriptor '/home/vi/lxy/b2+z1/b2z1_ros2/example/install/unitree_ros2_example/share/unitree_ros2_example/hook/pythonscriptspath.dsv'
[12.643s] INFO:colcon.colcon_core.shell:Creating environment hook '/home/vi/lxy/b2+z1/b2z1_ros2/example/install/unitree_ros2_example/share/unitree_ros2_example/hook/pythonscriptspath.sh'
[12.644s] INFO:colcon.colcon_core.shell:Creating package script '/home/vi/lxy/b2+z1/b2z1_ros2/example/install/unitree_ros2_example/share/unitree_ros2_example/package.ps1'
[12.645s] INFO:colcon.colcon_core.shell:Creating package descriptor '/home/vi/lxy/b2+z1/b2z1_ros2/example/install/unitree_ros2_example/share/unitree_ros2_example/package.dsv'
[12.646s] INFO:colcon.colcon_core.shell:Creating package script '/home/vi/lxy/b2+z1/b2z1_ros2/example/install/unitree_ros2_example/share/unitree_ros2_example/package.sh'
[12.647s] INFO:colcon.colcon_core.shell:Creating package script '/home/vi/lxy/b2+z1/b2z1_ros2/example/install/unitree_ros2_example/share/unitree_ros2_example/package.bash'
[12.647s] INFO:colcon.colcon_core.shell:Creating package script '/home/vi/lxy/b2+z1/b2z1_ros2/example/install/unitree_ros2_example/share/unitree_ros2_example/package.zsh'
[12.648s] Level 1:colcon.colcon_core.environment:create_file_with_runtime_dependencies(/home/vi/lxy/b2+z1/b2z1_ros2/example/install/unitree_ros2_example/share/colcon-core/packages/unitree_ros2_example)
[12.648s] DEBUG:colcon.colcon_parallel_executor.executor.parallel:closing loop
[12.648s] DEBUG:colcon.colcon_parallel_executor.executor.parallel:loop closed
[12.648s] DEBUG:colcon.colcon_parallel_executor.executor.parallel:run_until_complete finished with '0'
[12.649s] DEBUG:colcon.colcon_core.event_reactor:joining thread
[12.655s] INFO:colcon.colcon_core.plugin_system:Skipping extension 'colcon_notification.desktop_notification.terminal_notifier': Not used on non-Darwin systems
[12.656s] INFO:colcon.colcon_core.plugin_system:Skipping extension 'colcon_notification.desktop_notification.win32': Not used on non-Windows systems
[12.656s] INFO:colcon.colcon_notification.desktop_notification:Sending desktop notification using 'notify2'
[12.656s] DEBUG:colcon.colcon_notification.desktop_notification.notify2:Failed to initialize notify2: org.freedesktop.DBus.Error.AccessDenied: Failed to connect to socket /run/user/1000/bus: Operation not permitted
[12.656s] DEBUG:colcon.colcon_core.event_reactor:joined thread
[12.656s] INFO:colcon.colcon_core.shell:Creating prefix script '/home/vi/lxy/b2+z1/b2z1_ros2/example/install/local_setup.ps1'
[12.657s] INFO:colcon.colcon_core.shell:Creating prefix util module '/home/vi/lxy/b2+z1/b2z1_ros2/example/install/_local_setup_util_ps1.py'
[12.659s] INFO:colcon.colcon_core.shell:Creating prefix chain script '/home/vi/lxy/b2+z1/b2z1_ros2/example/install/setup.ps1'
[12.660s] INFO:colcon.colcon_core.shell:Creating prefix script '/home/vi/lxy/b2+z1/b2z1_ros2/example/install/local_setup.sh'
[12.661s] INFO:colcon.colcon_core.shell:Creating prefix util module '/home/vi/lxy/b2+z1/b2z1_ros2/example/install/_local_setup_util_sh.py'
[12.662s] INFO:colcon.colcon_core.shell:Creating prefix chain script '/home/vi/lxy/b2+z1/b2z1_ros2/example/install/setup.sh'
[12.663s] INFO:colcon.colcon_core.shell:Creating prefix script '/home/vi/lxy/b2+z1/b2z1_ros2/example/install/local_setup.bash'
[12.664s] INFO:colcon.colcon_core.shell:Creating prefix chain script '/home/vi/lxy/b2+z1/b2z1_ros2/example/install/setup.bash'
[12.665s] INFO:colcon.colcon_core.shell:Creating prefix script '/home/vi/lxy/b2+z1/b2z1_ros2/example/install/local_setup.zsh'
[12.665s] INFO:colcon.colcon_core.shell:Creating prefix chain script '/home/vi/lxy/b2+z1/b2z1_ros2/example/install/setup.zsh'
