[0.012s] Invoking command in '/home/vi/lxy/b2+z1/b2z1_ros2/cyclonedds_ws/build/unitree_api': CMAKE_PREFIX_PATH=/opt/ros/humble /usr/bin/cmake /home/vi/lxy/b2+z1/b2z1_ros2/cyclonedds_ws/src/unitree/unitree_api -DCMAKE_INSTALL_PREFIX=/home/vi/lxy/b2+z1/b2z1_ros2/cyclonedds_ws/install/unitree_api
[0.064s] -- The C compiler identification is GNU 11.4.0
[0.116s] -- The CXX compiler identification is GNU 11.4.0
[0.125s] -- Detecting C compiler ABI info
[0.203s] -- Detecting C compiler ABI info - done
[0.215s] -- Check for working C compiler: /usr/bin/cc - skipped
[0.216s] -- Detecting C compile features
[0.216s] -- Detecting C compile features - done
[0.221s] -- Detecting CXX compiler ABI info
[0.302s] -- Detecting CXX compiler ABI info - done
[0.315s] -- Check for working CXX compiler: /usr/bin/c++ - skipped
[0.315s] -- Detecting CXX compile features
[0.316s] -- Detecting CXX compile features - done
[0.319s] -- Found ament_cmake: 1.3.14 (/opt/ros/humble/share/ament_cmake/cmake)
[0.450s] -- Found Python3: /usr/bin/python3 (found version "3.10.12") found components: Interpreter 
[0.535s] -- Found geometry_msgs: 4.9.1 (/opt/ros/humble/share/geometry_msgs/cmake)
[0.564s] -- Found rosidl_generator_c: 3.1.8 (/opt/ros/humble/share/rosidl_generator_c/cmake)
[0.568s] -- Found rosidl_adapter: 3.1.8 (/opt/ros/humble/share/rosidl_adapter/cmake)
[0.575s] -- Found rosidl_generator_cpp: 3.1.8 (/opt/ros/humble/share/rosidl_generator_cpp/cmake)
[0.584s] -- Using all available rosidl_typesupport_c: rosidl_typesupport_fastrtps_c;rosidl_typesupport_introspection_c
[0.597s] -- Using all available rosidl_typesupport_cpp: rosidl_typesupport_fastrtps_cpp;rosidl_typesupport_introspection_cpp
[0.629s] -- Found rosidl_default_generators: 1.2.1 (/opt/ros/humble/share/rosidl_default_generators/cmake)
[0.639s] -- Found rosidl_generator_dds_idl: 0.8.1 (/opt/ros/humble/share/rosidl_generator_dds_idl/cmake)
[0.904s] -- Found ament_cmake_ros: 0.10.0 (/opt/ros/humble/share/ament_cmake_ros/cmake)
[1.317s] -- Using all available rosidl_typesupport_c: rosidl_typesupport_fastrtps_c;rosidl_typesupport_introspection_c
[1.477s] -- Using all available rosidl_typesupport_cpp: rosidl_typesupport_fastrtps_cpp;rosidl_typesupport_introspection_cpp
[1.496s] -- Found PythonInterp: /usr/bin/python3 (found suitable version "3.10.12", minimum required is "3.6") 
[1.498s] -- Found python_cmake_module: 0.10.0 (/opt/ros/humble/share/python_cmake_module/cmake)
[1.524s] -- Found PythonLibs: /usr/lib/x86_64-linux-gnu/libpython3.10.so (found suitable version "3.10.12", minimum required is "3.5") 
[1.524s] -- Using PYTHON_EXECUTABLE: /usr/bin/python3
[1.524s] -- Using PYTHON_INCLUDE_DIRS: /usr/include/python3.10
[1.524s] -- Using PYTHON_LIBRARIES: /usr/lib/x86_64-linux-gnu/libpython3.10.so
[1.542s] -- Found PythonExtra: .so  
[1.697s] -- Found ament_lint_auto: 0.12.15 (/opt/ros/humble/share/ament_lint_auto/cmake)
[1.713s] -- Added test 'copyright' to check source files copyright and LICENSE
[1.715s] -- Added test 'lint_cmake' to check CMake code style
[1.716s] -- Added test 'xmllint' to check XML markup files
[1.719s] -- Configuring done
[1.764s] -- Generating done
[1.775s] -- Build files have been written to: /home/vi/lxy/b2+z1/b2z1_ros2/cyclonedds_ws/build/unitree_api
[1.794s] Invoked command in '/home/vi/lxy/b2+z1/b2z1_ros2/cyclonedds_ws/build/unitree_api' returned '0': CMAKE_PREFIX_PATH=/opt/ros/humble /usr/bin/cmake /home/vi/lxy/b2+z1/b2z1_ros2/cyclonedds_ws/src/unitree/unitree_api -DCMAKE_INSTALL_PREFIX=/home/vi/lxy/b2+z1/b2z1_ros2/cyclonedds_ws/install/unitree_api
[1.797s] Invoking command in '/home/vi/lxy/b2+z1/b2z1_ros2/cyclonedds_ws/build/unitree_api': CMAKE_PREFIX_PATH=/opt/ros/humble /usr/bin/cmake --build /home/vi/lxy/b2+z1/b2z1_ros2/cyclonedds_ws/build/unitree_api -- -j128 -l128
[1.841s] [  1%] Generating C code for ROS interfaces
[1.850s] [  2%] Generating Rust code for ROS interfaces
[1.851s] [  3%] Generating DDS interfaces
[1.851s] [  4%] Generating C++ code for ROS interfaces
[1.859s] [  4%] Built target ament_cmake_python_copy_unitree_api
[2.039s] running egg_info
[2.040s] creating unitree_api.egg-info
[2.040s] writing unitree_api.egg-info/PKG-INFO
[2.040s] writing dependency_links to unitree_api.egg-info/dependency_links.txt
[2.040s] writing top-level names to unitree_api.egg-info/top_level.txt
[2.041s] writing manifest file 'unitree_api.egg-info/SOURCES.txt'
[2.042s] reading manifest file 'unitree_api.egg-info/SOURCES.txt'
[2.042s] writing manifest file 'unitree_api.egg-info/SOURCES.txt'
[2.062s] [  4%] Built target ament_cmake_python_build_unitree_api_egg
[2.082s] [  4%] Built target unitree_api__rs
[2.086s] [  4%] Built target unitree_api__dds_connext_idl
[2.267s] [  4%] Built target unitree_api__cpp
[2.279s] [  5%] Generating C++ type support for eProsima Fast-RTPS
[2.279s] [  6%] Generating C++ introspection for ROS interfaces
[2.280s] [  7%] Generating C++ type support dispatch for ROS interfaces
[2.295s] [ 10%] Building C object CMakeFiles/unitree_api__rosidl_generator_c.dir/rosidl_generator_c/unitree_api/msg/detail/request__functions.c.o
[2.296s] [ 10%] Building C object CMakeFiles/unitree_api__rosidl_generator_c.dir/rosidl_generator_c/unitree_api/msg/detail/request_identity__functions.c.o
[2.296s] [ 12%] Building C object CMakeFiles/unitree_api__rosidl_generator_c.dir/rosidl_generator_c/unitree_api/msg/detail/request_header__functions.c.o
[2.296s] [ 12%] Building C object CMakeFiles/unitree_api__rosidl_generator_c.dir/rosidl_generator_c/unitree_api/msg/detail/request_policy__functions.c.o
[2.296s] [ 13%] Building C object CMakeFiles/unitree_api__rosidl_generator_c.dir/rosidl_generator_c/unitree_api/msg/detail/request_lease__functions.c.o
[2.296s] [ 14%] Building C object CMakeFiles/unitree_api__rosidl_generator_c.dir/rosidl_generator_c/unitree_api/msg/detail/response__functions.c.o
[2.296s] [ 15%] Building C object CMakeFiles/unitree_api__rosidl_generator_c.dir/rosidl_generator_c/unitree_api/msg/detail/response_header__functions.c.o
[2.298s] [ 16%] Building C object CMakeFiles/unitree_api__rosidl_generator_c.dir/rosidl_generator_c/unitree_api/msg/detail/response_status__functions.c.o
[2.342s] [ 17%] Linking C shared library libunitree_api__rosidl_generator_c.so
[2.378s] [ 17%] Built target unitree_api__rosidl_generator_c
[2.388s] [ 19%] Generating C type support for eProsima Fast-RTPS
[2.390s] [ 20%] Generating C introspection for ROS interfaces
[2.390s] [ 21%] Generating C type support dispatch for ROS interfaces
[2.561s] [ 22%] Building CXX object CMakeFiles/unitree_api__rosidl_typesupport_cpp.dir/rosidl_typesupport_cpp/unitree_api/msg/request__type_support.cpp.o
[2.562s] [ 23%] Building CXX object CMakeFiles/unitree_api__rosidl_typesupport_cpp.dir/rosidl_typesupport_cpp/unitree_api/msg/request_identity__type_support.cpp.o
[2.562s] [ 25%] Building CXX object CMakeFiles/unitree_api__rosidl_typesupport_cpp.dir/rosidl_typesupport_cpp/unitree_api/msg/request_lease__type_support.cpp.o
[2.562s] [ 25%] Building CXX object CMakeFiles/unitree_api__rosidl_typesupport_cpp.dir/rosidl_typesupport_cpp/unitree_api/msg/request_header__type_support.cpp.o
[2.563s] [ 26%] Building CXX object CMakeFiles/unitree_api__rosidl_typesupport_cpp.dir/rosidl_typesupport_cpp/unitree_api/msg/response_header__type_support.cpp.o
[2.564s] [ 28%] Building CXX object CMakeFiles/unitree_api__rosidl_typesupport_cpp.dir/rosidl_typesupport_cpp/unitree_api/msg/response_status__type_support.cpp.o
[2.564s] [ 29%] Building CXX object CMakeFiles/unitree_api__rosidl_typesupport_cpp.dir/rosidl_typesupport_cpp/unitree_api/msg/request_policy__type_support.cpp.o
[2.564s] [ 30%] Building CXX object CMakeFiles/unitree_api__rosidl_typesupport_cpp.dir/rosidl_typesupport_cpp/unitree_api/msg/response__type_support.cpp.o
[2.617s] [ 31%] Building CXX object CMakeFiles/unitree_api__rosidl_typesupport_introspection_cpp.dir/rosidl_typesupport_introspection_cpp/unitree_api/msg/detail/request__type_support.cpp.o
[2.617s] [ 32%] Building CXX object CMakeFiles/unitree_api__rosidl_typesupport_introspection_cpp.dir/rosidl_typesupport_introspection_cpp/unitree_api/msg/detail/request_header__type_support.cpp.o
[2.618s] [ 33%] Building CXX object CMakeFiles/unitree_api__rosidl_typesupport_introspection_cpp.dir/rosidl_typesupport_introspection_cpp/unitree_api/msg/detail/request_identity__type_support.cpp.o
[2.618s] [ 34%] Building CXX object CMakeFiles/unitree_api__rosidl_typesupport_introspection_cpp.dir/rosidl_typesupport_introspection_cpp/unitree_api/msg/detail/request_lease__type_support.cpp.o
[2.618s] [ 35%] Building CXX object CMakeFiles/unitree_api__rosidl_typesupport_introspection_cpp.dir/rosidl_typesupport_introspection_cpp/unitree_api/msg/detail/request_policy__type_support.cpp.o
[2.619s] [ 37%] Building CXX object CMakeFiles/unitree_api__rosidl_typesupport_introspection_cpp.dir/rosidl_typesupport_introspection_cpp/unitree_api/msg/detail/response__type_support.cpp.o
[2.619s] [ 38%] Building CXX object CMakeFiles/unitree_api__rosidl_typesupport_introspection_cpp.dir/rosidl_typesupport_introspection_cpp/unitree_api/msg/detail/response_header__type_support.cpp.o
[2.619s] [ 39%] Building CXX object CMakeFiles/unitree_api__rosidl_typesupport_introspection_cpp.dir/rosidl_typesupport_introspection_cpp/unitree_api/msg/detail/response_status__type_support.cpp.o
[2.666s] [ 40%] Building CXX object CMakeFiles/unitree_api__rosidl_typesupport_fastrtps_cpp.dir/rosidl_typesupport_fastrtps_cpp/unitree_api/msg/detail/dds_fastrtps/request__type_support.cpp.o
[2.666s] [ 42%] Building CXX object CMakeFiles/unitree_api__rosidl_typesupport_fastrtps_cpp.dir/rosidl_typesupport_fastrtps_cpp/unitree_api/msg/detail/dds_fastrtps/request_lease__type_support.cpp.o
[2.667s] [ 42%] Building CXX object CMakeFiles/unitree_api__rosidl_typesupport_fastrtps_cpp.dir/rosidl_typesupport_fastrtps_cpp/unitree_api/msg/detail/dds_fastrtps/request_identity__type_support.cpp.o
[2.667s] [ 43%] Building CXX object CMakeFiles/unitree_api__rosidl_typesupport_fastrtps_cpp.dir/rosidl_typesupport_fastrtps_cpp/unitree_api/msg/detail/dds_fastrtps/request_header__type_support.cpp.o
[2.667s] [ 44%] Building CXX object CMakeFiles/unitree_api__rosidl_typesupport_fastrtps_cpp.dir/rosidl_typesupport_fastrtps_cpp/unitree_api/msg/detail/dds_fastrtps/request_policy__type_support.cpp.o
[2.667s] [ 46%] Building CXX object CMakeFiles/unitree_api__rosidl_typesupport_fastrtps_cpp.dir/rosidl_typesupport_fastrtps_cpp/unitree_api/msg/detail/dds_fastrtps/response__type_support.cpp.o
[2.668s] [ 47%] Building CXX object CMakeFiles/unitree_api__rosidl_typesupport_fastrtps_cpp.dir/rosidl_typesupport_fastrtps_cpp/unitree_api/msg/detail/dds_fastrtps/response_status__type_support.cpp.o
[2.668s] [ 48%] Building CXX object CMakeFiles/unitree_api__rosidl_typesupport_fastrtps_cpp.dir/rosidl_typesupport_fastrtps_cpp/unitree_api/msg/detail/dds_fastrtps/response_header__type_support.cpp.o
[2.670s] [ 49%] Building CXX object CMakeFiles/unitree_api__rosidl_typesupport_c.dir/rosidl_typesupport_c/unitree_api/msg/request__type_support.cpp.o
[2.671s] [ 50%] Building CXX object CMakeFiles/unitree_api__rosidl_typesupport_c.dir/rosidl_typesupport_c/unitree_api/msg/request_header__type_support.cpp.o
[2.671s] [ 52%] Building CXX object CMakeFiles/unitree_api__rosidl_typesupport_c.dir/rosidl_typesupport_c/unitree_api/msg/response__type_support.cpp.o
[2.671s] [ 52%] Building CXX object CMakeFiles/unitree_api__rosidl_typesupport_c.dir/rosidl_typesupport_c/unitree_api/msg/request_policy__type_support.cpp.o
[2.671s] [ 56%] Building CXX object CMakeFiles/unitree_api__rosidl_typesupport_c.dir/rosidl_typesupport_c/unitree_api/msg/request_identity__type_support.cpp.o
[2.671s] [ 56%] Building CXX object CMakeFiles/unitree_api__rosidl_typesupport_c.dir/rosidl_typesupport_c/unitree_api/msg/request_lease__type_support.cpp.o
[2.671s] [ 56%] Building CXX object CMakeFiles/unitree_api__rosidl_typesupport_c.dir/rosidl_typesupport_c/unitree_api/msg/response_header__type_support.cpp.o
[2.673s] [ 57%] Building CXX object CMakeFiles/unitree_api__rosidl_typesupport_c.dir/rosidl_typesupport_c/unitree_api/msg/response_status__type_support.cpp.o
[2.708s] [ 58%] Linking CXX shared library libunitree_api__rosidl_typesupport_c.so
[2.757s] [ 60%] Building C object CMakeFiles/unitree_api__rosidl_typesupport_introspection_c.dir/rosidl_typesupport_introspection_c/unitree_api/msg/detail/request_identity__type_support.c.o
[2.757s] [ 60%] Building C object CMakeFiles/unitree_api__rosidl_typesupport_introspection_c.dir/rosidl_typesupport_introspection_c/unitree_api/msg/detail/request_header__type_support.c.o
[2.757s] [ 61%] Building C object CMakeFiles/unitree_api__rosidl_typesupport_introspection_c.dir/rosidl_typesupport_introspection_c/unitree_api/msg/detail/request__type_support.c.o
[2.757s] [ 62%] Building C object CMakeFiles/unitree_api__rosidl_typesupport_introspection_c.dir/rosidl_typesupport_introspection_c/unitree_api/msg/detail/request_lease__type_support.c.o
[2.758s] [ 66%] Building C object CMakeFiles/unitree_api__rosidl_typesupport_introspection_c.dir/rosidl_typesupport_introspection_c/unitree_api/msg/detail/response__type_support.c.o
[2.758s] [ 66%] Building C object CMakeFiles/unitree_api__rosidl_typesupport_introspection_c.dir/rosidl_typesupport_introspection_c/unitree_api/msg/detail/response_header__type_support.c.o
[2.758s] [ 66%] Building C object CMakeFiles/unitree_api__rosidl_typesupport_introspection_c.dir/rosidl_typesupport_introspection_c/unitree_api/msg/detail/response_status__type_support.c.o
[2.760s] [ 67%] Building C object CMakeFiles/unitree_api__rosidl_typesupport_introspection_c.dir/rosidl_typesupport_introspection_c/unitree_api/msg/detail/request_policy__type_support.c.o
[2.761s] [ 67%] Built target unitree_api__rosidl_typesupport_c
[2.782s] [ 70%] Building CXX object CMakeFiles/unitree_api__rosidl_typesupport_fastrtps_c.dir/rosidl_typesupport_fastrtps_c/unitree_api/msg/detail/request__type_support_c.cpp.o
[2.782s] [ 70%] Building CXX object CMakeFiles/unitree_api__rosidl_typesupport_fastrtps_c.dir/rosidl_typesupport_fastrtps_c/unitree_api/msg/detail/request_header__type_support_c.cpp.o
[2.783s] [ 70%] Building CXX object CMakeFiles/unitree_api__rosidl_typesupport_fastrtps_c.dir/rosidl_typesupport_fastrtps_c/unitree_api/msg/detail/request_identity__type_support_c.cpp.o
[2.783s] [ 71%] Building CXX object CMakeFiles/unitree_api__rosidl_typesupport_fastrtps_c.dir/rosidl_typesupport_fastrtps_c/unitree_api/msg/detail/request_lease__type_support_c.cpp.o
[2.783s] [ 73%] Building CXX object CMakeFiles/unitree_api__rosidl_typesupport_fastrtps_c.dir/rosidl_typesupport_fastrtps_c/unitree_api/msg/detail/request_policy__type_support_c.cpp.o
[2.783s] [ 74%] Building CXX object CMakeFiles/unitree_api__rosidl_typesupport_fastrtps_c.dir/rosidl_typesupport_fastrtps_c/unitree_api/msg/detail/response__type_support_c.cpp.o
[2.785s] [ 75%] Building CXX object CMakeFiles/unitree_api__rosidl_typesupport_fastrtps_c.dir/rosidl_typesupport_fastrtps_c/unitree_api/msg/detail/response_status__type_support_c.cpp.o
[2.785s] [ 76%] Building CXX object CMakeFiles/unitree_api__rosidl_typesupport_fastrtps_c.dir/rosidl_typesupport_fastrtps_c/unitree_api/msg/detail/response_header__type_support_c.cpp.o
[2.807s] [ 77%] Linking C shared library libunitree_api__rosidl_typesupport_introspection_c.so
[2.809s] [ 78%] Linking CXX shared library libunitree_api__rosidl_typesupport_cpp.so
[2.843s] [ 78%] Built target unitree_api__rosidl_typesupport_introspection_c
[2.852s] [ 78%] Built target unitree_api__rosidl_typesupport_cpp
[2.973s] [ 79%] Linking CXX shared library libunitree_api__rosidl_typesupport_introspection_cpp.so
[3.036s] [ 80%] Linking CXX shared library libunitree_api__rosidl_typesupport_fastrtps_cpp.so
[3.041s] [ 80%] Built target unitree_api__rosidl_typesupport_introspection_cpp
[3.062s] [ 82%] Linking CXX shared library libunitree_api__rosidl_typesupport_fastrtps_c.so
[3.109s] [ 82%] Built target unitree_api__rosidl_typesupport_fastrtps_cpp
[3.132s] [ 82%] Built target unitree_api__rosidl_typesupport_fastrtps_c
[3.156s] [ 82%] Built target unitree_api
[3.184s] [ 83%] Generating Python code for ROS interfaces
[3.901s] [ 83%] Built target unitree_api__py
[3.919s] [ 84%] Building C object CMakeFiles/unitree_api__rosidl_generator_py.dir/rosidl_generator_py/unitree_api/msg/_request_s.c.o
[3.919s] [ 85%] Building C object CMakeFiles/unitree_api__rosidl_generator_py.dir/rosidl_generator_py/unitree_api/msg/_request_header_s.c.o
[3.920s] [ 86%] Building C object CMakeFiles/unitree_api__rosidl_generator_py.dir/rosidl_generator_py/unitree_api/msg/_request_identity_s.c.o
[3.920s] [ 87%] Building C object CMakeFiles/unitree_api__rosidl_generator_py.dir/rosidl_generator_py/unitree_api/msg/_request_lease_s.c.o
[3.920s] [ 89%] Building C object CMakeFiles/unitree_api__rosidl_generator_py.dir/rosidl_generator_py/unitree_api/msg/_request_policy_s.c.o
[3.920s] [ 89%] Building C object CMakeFiles/unitree_api__rosidl_generator_py.dir/rosidl_generator_py/unitree_api/msg/_response_s.c.o
[3.921s] [ 91%] Building C object CMakeFiles/unitree_api__rosidl_generator_py.dir/rosidl_generator_py/unitree_api/msg/_response_header_s.c.o
[3.921s] [ 92%] Building C object CMakeFiles/unitree_api__rosidl_generator_py.dir/rosidl_generator_py/unitree_api/msg/_response_status_s.c.o
[4.014s] [ 93%] Linking C shared library rosidl_generator_py/unitree_api/libunitree_api__rosidl_generator_py.so
[4.054s] [ 93%] Built target unitree_api__rosidl_generator_py
[4.072s] [ 94%] Building C object CMakeFiles/unitree_api__rosidl_typesupport_fastrtps_c__pyext.dir/rosidl_generator_py/unitree_api/_unitree_api_s.ep.rosidl_typesupport_fastrtps_c.c.o
[4.073s] [ 95%] Building C object CMakeFiles/unitree_api__rosidl_typesupport_c__pyext.dir/rosidl_generator_py/unitree_api/_unitree_api_s.ep.rosidl_typesupport_c.c.o
[4.076s] [ 96%] Building C object CMakeFiles/unitree_api__rosidl_typesupport_introspection_c__pyext.dir/rosidl_generator_py/unitree_api/_unitree_api_s.ep.rosidl_typesupport_introspection_c.c.o
[4.179s] [ 97%] Linking C shared library rosidl_generator_py/unitree_api/unitree_api_s__rosidl_typesupport_fastrtps_c.cpython-310-x86_64-linux-gnu.so
[4.180s] [ 98%] Linking C shared library rosidl_generator_py/unitree_api/unitree_api_s__rosidl_typesupport_c.cpython-310-x86_64-linux-gnu.so
[4.182s] [100%] Linking C shared library rosidl_generator_py/unitree_api/unitree_api_s__rosidl_typesupport_introspection_c.cpython-310-x86_64-linux-gnu.so
[4.219s] [100%] Built target unitree_api__rosidl_typesupport_c__pyext
[4.219s] [100%] Built target unitree_api__rosidl_typesupport_fastrtps_c__pyext
[4.224s] [100%] Built target unitree_api__rosidl_typesupport_introspection_c__pyext
[4.238s] Invoked command in '/home/vi/lxy/b2+z1/b2z1_ros2/cyclonedds_ws/build/unitree_api' returned '0': CMAKE_PREFIX_PATH=/opt/ros/humble /usr/bin/cmake --build /home/vi/lxy/b2+z1/b2z1_ros2/cyclonedds_ws/build/unitree_api -- -j128 -l128
[4.249s] Invoking command in '/home/vi/lxy/b2+z1/b2z1_ros2/cyclonedds_ws/build/unitree_api': CMAKE_PREFIX_PATH=/opt/ros/humble /usr/bin/cmake --install /home/vi/lxy/b2+z1/b2z1_ros2/cyclonedds_ws/build/unitree_api
[4.257s] -- Install configuration: ""
[4.257s] -- Installing: /home/vi/lxy/b2+z1/b2z1_ros2/cyclonedds_ws/install/unitree_api/share/ament_index/resource_index/rosidl_interfaces/unitree_api
[4.257s] -- Installing: /home/vi/lxy/b2+z1/b2z1_ros2/cyclonedds_ws/install/unitree_api/include/unitree_api/unitree_api
[4.257s] -- Installing: /home/vi/lxy/b2+z1/b2z1_ros2/cyclonedds_ws/install/unitree_api/include/unitree_api/unitree_api/msg
[4.257s] -- Installing: /home/vi/lxy/b2+z1/b2z1_ros2/cyclonedds_ws/install/unitree_api/include/unitree_api/unitree_api/msg/request_policy.h
[4.257s] -- Installing: /home/vi/lxy/b2+z1/b2z1_ros2/cyclonedds_ws/install/unitree_api/include/unitree_api/unitree_api/msg/rosidl_generator_c__visibility_control.h
[4.257s] -- Installing: /home/vi/lxy/b2+z1/b2z1_ros2/cyclonedds_ws/install/unitree_api/include/unitree_api/unitree_api/msg/request_lease.h
[4.258s] -- Installing: /home/vi/lxy/b2+z1/b2z1_ros2/cyclonedds_ws/install/unitree_api/include/unitree_api/unitree_api/msg/response_header.h
[4.258s] -- Installing: /home/vi/lxy/b2+z1/b2z1_ros2/cyclonedds_ws/install/unitree_api/include/unitree_api/unitree_api/msg/request.h
[4.258s] -- Installing: /home/vi/lxy/b2+z1/b2z1_ros2/cyclonedds_ws/install/unitree_api/include/unitree_api/unitree_api/msg/request_identity.h
[4.258s] -- Installing: /home/vi/lxy/b2+z1/b2z1_ros2/cyclonedds_ws/install/unitree_api/include/unitree_api/unitree_api/msg/response_status.h
[4.258s] -- Installing: /home/vi/lxy/b2+z1/b2z1_ros2/cyclonedds_ws/install/unitree_api/include/unitree_api/unitree_api/msg/response.h
[4.258s] -- Installing: /home/vi/lxy/b2+z1/b2z1_ros2/cyclonedds_ws/install/unitree_api/include/unitree_api/unitree_api/msg/detail
[4.258s] -- Installing: /home/vi/lxy/b2+z1/b2z1_ros2/cyclonedds_ws/install/unitree_api/include/unitree_api/unitree_api/msg/detail/request_policy__functions.h
[4.258s] -- Installing: /home/vi/lxy/b2+z1/b2z1_ros2/cyclonedds_ws/install/unitree_api/include/unitree_api/unitree_api/msg/detail/response__functions.c
[4.259s] -- Installing: /home/vi/lxy/b2+z1/b2z1_ros2/cyclonedds_ws/install/unitree_api/include/unitree_api/unitree_api/msg/detail/request_policy__functions.c
[4.259s] -- Installing: /home/vi/lxy/b2+z1/b2z1_ros2/cyclonedds_ws/install/unitree_api/include/unitree_api/unitree_api/msg/detail/response__functions.h
[4.259s] -- Installing: /home/vi/lxy/b2+z1/b2z1_ros2/cyclonedds_ws/install/unitree_api/include/unitree_api/unitree_api/msg/detail/response_status__functions.c
[4.259s] -- Installing: /home/vi/lxy/b2+z1/b2z1_ros2/cyclonedds_ws/install/unitree_api/include/unitree_api/unitree_api/msg/detail/response_header__struct.h
[4.259s] -- Installing: /home/vi/lxy/b2+z1/b2z1_ros2/cyclonedds_ws/install/unitree_api/include/unitree_api/unitree_api/msg/detail/request_policy__type_support.h
[4.259s] -- Installing: /home/vi/lxy/b2+z1/b2z1_ros2/cyclonedds_ws/install/unitree_api/include/unitree_api/unitree_api/msg/detail/request_lease__struct.h
[4.259s] -- Installing: /home/vi/lxy/b2+z1/b2z1_ros2/cyclonedds_ws/install/unitree_api/include/unitree_api/unitree_api/msg/detail/request_identity__functions.c
[4.259s] -- Installing: /home/vi/lxy/b2+z1/b2z1_ros2/cyclonedds_ws/install/unitree_api/include/unitree_api/unitree_api/msg/detail/request_lease__type_support.h
[4.260s] -- Installing: /home/vi/lxy/b2+z1/b2z1_ros2/cyclonedds_ws/install/unitree_api/include/unitree_api/unitree_api/msg/detail/response_status__type_support.h
[4.260s] -- Installing: /home/vi/lxy/b2+z1/b2z1_ros2/cyclonedds_ws/install/unitree_api/include/unitree_api/unitree_api/msg/detail/request__struct.h
[4.260s] -- Installing: /home/vi/lxy/b2+z1/b2z1_ros2/cyclonedds_ws/install/unitree_api/include/unitree_api/unitree_api/msg/detail/response__struct.h
[4.260s] -- Installing: /home/vi/lxy/b2+z1/b2z1_ros2/cyclonedds_ws/install/unitree_api/include/unitree_api/unitree_api/msg/detail/response_status__functions.h
[4.260s] -- Installing: /home/vi/lxy/b2+z1/b2z1_ros2/cyclonedds_ws/install/unitree_api/include/unitree_api/unitree_api/msg/detail/request_policy__struct.h
[4.260s] -- Installing: /home/vi/lxy/b2+z1/b2z1_ros2/cyclonedds_ws/install/unitree_api/include/unitree_api/unitree_api/msg/detail/response_header__type_support.h
[4.260s] -- Installing: /home/vi/lxy/b2+z1/b2z1_ros2/cyclonedds_ws/install/unitree_api/include/unitree_api/unitree_api/msg/detail/response_status__struct.h
[4.261s] -- Installing: /home/vi/lxy/b2+z1/b2z1_ros2/cyclonedds_ws/install/unitree_api/include/unitree_api/unitree_api/msg/detail/request__functions.h
[4.261s] -- Installing: /home/vi/lxy/b2+z1/b2z1_ros2/cyclonedds_ws/install/unitree_api/include/unitree_api/unitree_api/msg/detail/request_header__functions.c
[4.261s] -- Installing: /home/vi/lxy/b2+z1/b2z1_ros2/cyclonedds_ws/install/unitree_api/include/unitree_api/unitree_api/msg/detail/request_lease__functions.h
[4.261s] -- Installing: /home/vi/lxy/b2+z1/b2z1_ros2/cyclonedds_ws/install/unitree_api/include/unitree_api/unitree_api/msg/detail/request_header__type_support.h
[4.261s] -- Installing: /home/vi/lxy/b2+z1/b2z1_ros2/cyclonedds_ws/install/unitree_api/include/unitree_api/unitree_api/msg/detail/request_identity__struct.h
[4.261s] -- Installing: /home/vi/lxy/b2+z1/b2z1_ros2/cyclonedds_ws/install/unitree_api/include/unitree_api/unitree_api/msg/detail/request_header__functions.h
[4.261s] -- Installing: /home/vi/lxy/b2+z1/b2z1_ros2/cyclonedds_ws/install/unitree_api/include/unitree_api/unitree_api/msg/detail/request__type_support.h
[4.261s] -- Installing: /home/vi/lxy/b2+z1/b2z1_ros2/cyclonedds_ws/install/unitree_api/include/unitree_api/unitree_api/msg/detail/request_identity__type_support.h
[4.262s] -- Installing: /home/vi/lxy/b2+z1/b2z1_ros2/cyclonedds_ws/install/unitree_api/include/unitree_api/unitree_api/msg/detail/request_lease__functions.c
[4.262s] -- Installing: /home/vi/lxy/b2+z1/b2z1_ros2/cyclonedds_ws/install/unitree_api/include/unitree_api/unitree_api/msg/detail/response__type_support.h
[4.262s] -- Installing: /home/vi/lxy/b2+z1/b2z1_ros2/cyclonedds_ws/install/unitree_api/include/unitree_api/unitree_api/msg/detail/request__functions.c
[4.262s] -- Installing: /home/vi/lxy/b2+z1/b2z1_ros2/cyclonedds_ws/install/unitree_api/include/unitree_api/unitree_api/msg/detail/request_header__struct.h
[4.262s] -- Installing: /home/vi/lxy/b2+z1/b2z1_ros2/cyclonedds_ws/install/unitree_api/include/unitree_api/unitree_api/msg/detail/response_header__functions.c
[4.262s] -- Installing: /home/vi/lxy/b2+z1/b2z1_ros2/cyclonedds_ws/install/unitree_api/include/unitree_api/unitree_api/msg/detail/request_identity__functions.h
[4.263s] -- Installing: /home/vi/lxy/b2+z1/b2z1_ros2/cyclonedds_ws/install/unitree_api/include/unitree_api/unitree_api/msg/detail/response_header__functions.h
[4.263s] -- Installing: /home/vi/lxy/b2+z1/b2z1_ros2/cyclonedds_ws/install/unitree_api/include/unitree_api/unitree_api/msg/request_header.h
[4.263s] -- Installing: /home/vi/lxy/b2+z1/b2z1_ros2/cyclonedds_ws/install/unitree_api/share/unitree_api/environment/library_path.sh
[4.263s] -- Installing: /home/vi/lxy/b2+z1/b2z1_ros2/cyclonedds_ws/install/unitree_api/share/unitree_api/environment/library_path.dsv
[4.263s] -- Installing: /home/vi/lxy/b2+z1/b2z1_ros2/cyclonedds_ws/install/unitree_api/lib/libunitree_api__rosidl_generator_c.so
[4.264s] -- Set runtime path of "/home/vi/lxy/b2+z1/b2z1_ros2/cyclonedds_ws/install/unitree_api/lib/libunitree_api__rosidl_generator_c.so" to ""
[4.264s] -- Up-to-date: /home/vi/lxy/b2+z1/b2z1_ros2/cyclonedds_ws/install/unitree_api/include/unitree_api/unitree_api
[4.264s] -- Up-to-date: /home/vi/lxy/b2+z1/b2z1_ros2/cyclonedds_ws/install/unitree_api/include/unitree_api/unitree_api/msg
[4.264s] -- Installing: /home/vi/lxy/b2+z1/b2z1_ros2/cyclonedds_ws/install/unitree_api/include/unitree_api/unitree_api/msg/rosidl_typesupport_fastrtps_c__visibility_control.h
[4.265s] -- Up-to-date: /home/vi/lxy/b2+z1/b2z1_ros2/cyclonedds_ws/install/unitree_api/include/unitree_api/unitree_api/msg/detail
[4.265s] -- Installing: /home/vi/lxy/b2+z1/b2z1_ros2/cyclonedds_ws/install/unitree_api/include/unitree_api/unitree_api/msg/detail/request_policy__rosidl_typesupport_fastrtps_c.h
[4.265s] -- Installing: /home/vi/lxy/b2+z1/b2z1_ros2/cyclonedds_ws/install/unitree_api/include/unitree_api/unitree_api/msg/detail/request_header__rosidl_typesupport_fastrtps_c.h
[4.265s] -- Installing: /home/vi/lxy/b2+z1/b2z1_ros2/cyclonedds_ws/install/unitree_api/include/unitree_api/unitree_api/msg/detail/response_status__rosidl_typesupport_fastrtps_c.h
[4.265s] -- Installing: /home/vi/lxy/b2+z1/b2z1_ros2/cyclonedds_ws/install/unitree_api/include/unitree_api/unitree_api/msg/detail/response__rosidl_typesupport_fastrtps_c.h
[4.265s] -- Installing: /home/vi/lxy/b2+z1/b2z1_ros2/cyclonedds_ws/install/unitree_api/include/unitree_api/unitree_api/msg/detail/request_identity__rosidl_typesupport_fastrtps_c.h
[4.266s] -- Installing: /home/vi/lxy/b2+z1/b2z1_ros2/cyclonedds_ws/install/unitree_api/include/unitree_api/unitree_api/msg/detail/request_lease__rosidl_typesupport_fastrtps_c.h
[4.266s] -- Installing: /home/vi/lxy/b2+z1/b2z1_ros2/cyclonedds_ws/install/unitree_api/include/unitree_api/unitree_api/msg/detail/request__rosidl_typesupport_fastrtps_c.h
[4.266s] -- Installing: /home/vi/lxy/b2+z1/b2z1_ros2/cyclonedds_ws/install/unitree_api/include/unitree_api/unitree_api/msg/detail/response_header__rosidl_typesupport_fastrtps_c.h
[4.266s] -- Installing: /home/vi/lxy/b2+z1/b2z1_ros2/cyclonedds_ws/install/unitree_api/lib/libunitree_api__rosidl_typesupport_fastrtps_c.so
[4.266s] -- Set runtime path of "/home/vi/lxy/b2+z1/b2z1_ros2/cyclonedds_ws/install/unitree_api/lib/libunitree_api__rosidl_typesupport_fastrtps_c.so" to ""
[4.266s] -- Up-to-date: /home/vi/lxy/b2+z1/b2z1_ros2/cyclonedds_ws/install/unitree_api/include/unitree_api/unitree_api
[4.267s] -- Up-to-date: /home/vi/lxy/b2+z1/b2z1_ros2/cyclonedds_ws/install/unitree_api/include/unitree_api/unitree_api/msg
[4.267s] -- Installing: /home/vi/lxy/b2+z1/b2z1_ros2/cyclonedds_ws/install/unitree_api/include/unitree_api/unitree_api/msg/response.hpp
[4.267s] -- Installing: /home/vi/lxy/b2+z1/b2z1_ros2/cyclonedds_ws/install/unitree_api/include/unitree_api/unitree_api/msg/response_header.hpp
[4.267s] -- Installing: /home/vi/lxy/b2+z1/b2z1_ros2/cyclonedds_ws/install/unitree_api/include/unitree_api/unitree_api/msg/request_lease.hpp
[4.267s] -- Installing: /home/vi/lxy/b2+z1/b2z1_ros2/cyclonedds_ws/install/unitree_api/include/unitree_api/unitree_api/msg/response_status.hpp
[4.267s] -- Installing: /home/vi/lxy/b2+z1/b2z1_ros2/cyclonedds_ws/install/unitree_api/include/unitree_api/unitree_api/msg/rosidl_generator_cpp__visibility_control.hpp
[4.268s] -- Up-to-date: /home/vi/lxy/b2+z1/b2z1_ros2/cyclonedds_ws/install/unitree_api/include/unitree_api/unitree_api/msg/detail
[4.268s] -- Installing: /home/vi/lxy/b2+z1/b2z1_ros2/cyclonedds_ws/install/unitree_api/include/unitree_api/unitree_api/msg/detail/response_header__traits.hpp
[4.268s] -- Installing: /home/vi/lxy/b2+z1/b2z1_ros2/cyclonedds_ws/install/unitree_api/include/unitree_api/unitree_api/msg/detail/request_lease__struct.hpp
[4.268s] -- Installing: /home/vi/lxy/b2+z1/b2z1_ros2/cyclonedds_ws/install/unitree_api/include/unitree_api/unitree_api/msg/detail/request_identity__traits.hpp
[4.268s] -- Installing: /home/vi/lxy/b2+z1/b2z1_ros2/cyclonedds_ws/install/unitree_api/include/unitree_api/unitree_api/msg/detail/response__traits.hpp
[4.268s] -- Installing: /home/vi/lxy/b2+z1/b2z1_ros2/cyclonedds_ws/install/unitree_api/include/unitree_api/unitree_api/msg/detail/request_header__struct.hpp
[4.268s] -- Installing: /home/vi/lxy/b2+z1/b2z1_ros2/cyclonedds_ws/install/unitree_api/include/unitree_api/unitree_api/msg/detail/request_header__type_support.hpp
[4.269s] -- Installing: /home/vi/lxy/b2+z1/b2z1_ros2/cyclonedds_ws/install/unitree_api/include/unitree_api/unitree_api/msg/detail/request_identity__builder.hpp
[4.269s] -- Installing: /home/vi/lxy/b2+z1/b2z1_ros2/cyclonedds_ws/install/unitree_api/include/unitree_api/unitree_api/msg/detail/request_policy__struct.hpp
[4.269s] -- Installing: /home/vi/lxy/b2+z1/b2z1_ros2/cyclonedds_ws/install/unitree_api/include/unitree_api/unitree_api/msg/detail/response__type_support.hpp
[4.269s] -- Installing: /home/vi/lxy/b2+z1/b2z1_ros2/cyclonedds_ws/install/unitree_api/include/unitree_api/unitree_api/msg/detail/request_header__traits.hpp
[4.269s] -- Installing: /home/vi/lxy/b2+z1/b2z1_ros2/cyclonedds_ws/install/unitree_api/include/unitree_api/unitree_api/msg/detail/response_header__builder.hpp
[4.269s] -- Installing: /home/vi/lxy/b2+z1/b2z1_ros2/cyclonedds_ws/install/unitree_api/include/unitree_api/unitree_api/msg/detail/response_status__traits.hpp
[4.269s] -- Installing: /home/vi/lxy/b2+z1/b2z1_ros2/cyclonedds_ws/install/unitree_api/include/unitree_api/unitree_api/msg/detail/request_lease__traits.hpp
[4.270s] -- Installing: /home/vi/lxy/b2+z1/b2z1_ros2/cyclonedds_ws/install/unitree_api/include/unitree_api/unitree_api/msg/detail/request_lease__type_support.hpp
[4.270s] -- Installing: /home/vi/lxy/b2+z1/b2z1_ros2/cyclonedds_ws/install/unitree_api/include/unitree_api/unitree_api/msg/detail/request_lease__builder.hpp
[4.270s] -- Installing: /home/vi/lxy/b2+z1/b2z1_ros2/cyclonedds_ws/install/unitree_api/include/unitree_api/unitree_api/msg/detail/request_policy__builder.hpp
[4.271s] -- Installing: /home/vi/lxy/b2+z1/b2z1_ros2/cyclonedds_ws/install/unitree_api/include/unitree_api/unitree_api/msg/detail/request__type_support.hpp
[4.271s] -- Installing: /home/vi/lxy/b2+z1/b2z1_ros2/cyclonedds_ws/install/unitree_api/include/unitree_api/unitree_api/msg/detail/request_policy__traits.hpp
[4.271s] -- Installing: /home/vi/lxy/b2+z1/b2z1_ros2/cyclonedds_ws/install/unitree_api/include/unitree_api/unitree_api/msg/detail/request__builder.hpp
[4.271s] -- Installing: /home/vi/lxy/b2+z1/b2z1_ros2/cyclonedds_ws/install/unitree_api/include/unitree_api/unitree_api/msg/detail/response_header__struct.hpp
[4.271s] -- Installing: /home/vi/lxy/b2+z1/b2z1_ros2/cyclonedds_ws/install/unitree_api/include/unitree_api/unitree_api/msg/detail/response_status__struct.hpp
[4.272s] -- Installing: /home/vi/lxy/b2+z1/b2z1_ros2/cyclonedds_ws/install/unitree_api/include/unitree_api/unitree_api/msg/detail/request_identity__struct.hpp
[4.272s] -- Installing: /home/vi/lxy/b2+z1/b2z1_ros2/cyclonedds_ws/install/unitree_api/include/unitree_api/unitree_api/msg/detail/request__struct.hpp
[4.272s] -- Installing: /home/vi/lxy/b2+z1/b2z1_ros2/cyclonedds_ws/install/unitree_api/include/unitree_api/unitree_api/msg/detail/response__builder.hpp
[4.273s] -- Installing: /home/vi/lxy/b2+z1/b2z1_ros2/cyclonedds_ws/install/unitree_api/include/unitree_api/unitree_api/msg/detail/request_header__builder.hpp
[4.273s] -- Installing: /home/vi/lxy/b2+z1/b2z1_ros2/cyclonedds_ws/install/unitree_api/include/unitree_api/unitree_api/msg/detail/response__struct.hpp
[4.273s] -- Installing: /home/vi/lxy/b2+z1/b2z1_ros2/cyclonedds_ws/install/unitree_api/include/unitree_api/unitree_api/msg/detail/response_header__type_support.hpp
[4.274s] -- Installing: /home/vi/lxy/b2+z1/b2z1_ros2/cyclonedds_ws/install/unitree_api/include/unitree_api/unitree_api/msg/detail/request_policy__type_support.hpp
[4.274s] -- Installing: /home/vi/lxy/b2+z1/b2z1_ros2/cyclonedds_ws/install/unitree_api/include/unitree_api/unitree_api/msg/detail/response_status__type_support.hpp
[4.274s] -- Installing: /home/vi/lxy/b2+z1/b2z1_ros2/cyclonedds_ws/install/unitree_api/include/unitree_api/unitree_api/msg/detail/response_status__builder.hpp
[4.274s] -- Installing: /home/vi/lxy/b2+z1/b2z1_ros2/cyclonedds_ws/install/unitree_api/include/unitree_api/unitree_api/msg/detail/request_identity__type_support.hpp
[4.274s] -- Installing: /home/vi/lxy/b2+z1/b2z1_ros2/cyclonedds_ws/install/unitree_api/include/unitree_api/unitree_api/msg/detail/request__traits.hpp
[4.274s] -- Installing: /home/vi/lxy/b2+z1/b2z1_ros2/cyclonedds_ws/install/unitree_api/include/unitree_api/unitree_api/msg/request_header.hpp
[4.274s] -- Installing: /home/vi/lxy/b2+z1/b2z1_ros2/cyclonedds_ws/install/unitree_api/include/unitree_api/unitree_api/msg/request.hpp
[4.275s] -- Installing: /home/vi/lxy/b2+z1/b2z1_ros2/cyclonedds_ws/install/unitree_api/include/unitree_api/unitree_api/msg/request_identity.hpp
[4.275s] -- Installing: /home/vi/lxy/b2+z1/b2z1_ros2/cyclonedds_ws/install/unitree_api/include/unitree_api/unitree_api/msg/request_policy.hpp
[4.275s] -- Up-to-date: /home/vi/lxy/b2+z1/b2z1_ros2/cyclonedds_ws/install/unitree_api/include/unitree_api/unitree_api
[4.275s] -- Up-to-date: /home/vi/lxy/b2+z1/b2z1_ros2/cyclonedds_ws/install/unitree_api/include/unitree_api/unitree_api/msg
[4.275s] -- Up-to-date: /home/vi/lxy/b2+z1/b2z1_ros2/cyclonedds_ws/install/unitree_api/include/unitree_api/unitree_api/msg/detail
[4.276s] -- Installing: /home/vi/lxy/b2+z1/b2z1_ros2/cyclonedds_ws/install/unitree_api/include/unitree_api/unitree_api/msg/detail/dds_fastrtps
[4.276s] -- Installing: /home/vi/lxy/b2+z1/b2z1_ros2/cyclonedds_ws/install/unitree_api/include/unitree_api/unitree_api/msg/detail/request__rosidl_typesupport_fastrtps_cpp.hpp
[4.276s] -- Installing: /home/vi/lxy/b2+z1/b2z1_ros2/cyclonedds_ws/install/unitree_api/include/unitree_api/unitree_api/msg/detail/request_header__rosidl_typesupport_fastrtps_cpp.hpp
[4.277s] -- Installing: /home/vi/lxy/b2+z1/b2z1_ros2/cyclonedds_ws/install/unitree_api/include/unitree_api/unitree_api/msg/detail/response_status__rosidl_typesupport_fastrtps_cpp.hpp
[4.277s] -- Installing: /home/vi/lxy/b2+z1/b2z1_ros2/cyclonedds_ws/install/unitree_api/include/unitree_api/unitree_api/msg/detail/request_identity__rosidl_typesupport_fastrtps_cpp.hpp
[4.277s] -- Installing: /home/vi/lxy/b2+z1/b2z1_ros2/cyclonedds_ws/install/unitree_api/include/unitree_api/unitree_api/msg/detail/request_lease__rosidl_typesupport_fastrtps_cpp.hpp
[4.277s] -- Installing: /home/vi/lxy/b2+z1/b2z1_ros2/cyclonedds_ws/install/unitree_api/include/unitree_api/unitree_api/msg/detail/response_header__rosidl_typesupport_fastrtps_cpp.hpp
[4.277s] -- Installing: /home/vi/lxy/b2+z1/b2z1_ros2/cyclonedds_ws/install/unitree_api/include/unitree_api/unitree_api/msg/detail/request_policy__rosidl_typesupport_fastrtps_cpp.hpp
[4.277s] -- Installing: /home/vi/lxy/b2+z1/b2z1_ros2/cyclonedds_ws/install/unitree_api/include/unitree_api/unitree_api/msg/detail/response__rosidl_typesupport_fastrtps_cpp.hpp
[4.277s] -- Installing: /home/vi/lxy/b2+z1/b2z1_ros2/cyclonedds_ws/install/unitree_api/include/unitree_api/unitree_api/msg/rosidl_typesupport_fastrtps_cpp__visibility_control.h
[4.277s] -- Installing: /home/vi/lxy/b2+z1/b2z1_ros2/cyclonedds_ws/install/unitree_api/lib/libunitree_api__rosidl_typesupport_fastrtps_cpp.so
[4.277s] -- Set runtime path of "/home/vi/lxy/b2+z1/b2z1_ros2/cyclonedds_ws/install/unitree_api/lib/libunitree_api__rosidl_typesupport_fastrtps_cpp.so" to ""
[4.278s] -- Up-to-date: /home/vi/lxy/b2+z1/b2z1_ros2/cyclonedds_ws/install/unitree_api/include/unitree_api/unitree_api
[4.278s] -- Up-to-date: /home/vi/lxy/b2+z1/b2z1_ros2/cyclonedds_ws/install/unitree_api/include/unitree_api/unitree_api/msg
[4.278s] -- Up-to-date: /home/vi/lxy/b2+z1/b2z1_ros2/cyclonedds_ws/install/unitree_api/include/unitree_api/unitree_api/msg/detail
[4.278s] -- Installing: /home/vi/lxy/b2+z1/b2z1_ros2/cyclonedds_ws/install/unitree_api/include/unitree_api/unitree_api/msg/detail/request__type_support.c
[4.278s] -- Installing: /home/vi/lxy/b2+z1/b2z1_ros2/cyclonedds_ws/install/unitree_api/include/unitree_api/unitree_api/msg/detail/response_header__type_support.c
[4.278s] -- Installing: /home/vi/lxy/b2+z1/b2z1_ros2/cyclonedds_ws/install/unitree_api/include/unitree_api/unitree_api/msg/detail/request__rosidl_typesupport_introspection_c.h
[4.278s] -- Installing: /home/vi/lxy/b2+z1/b2z1_ros2/cyclonedds_ws/install/unitree_api/include/unitree_api/unitree_api/msg/detail/request_identity__rosidl_typesupport_introspection_c.h
[4.278s] -- Installing: /home/vi/lxy/b2+z1/b2z1_ros2/cyclonedds_ws/install/unitree_api/include/unitree_api/unitree_api/msg/detail/request_header__rosidl_typesupport_introspection_c.h
[4.278s] -- Installing: /home/vi/lxy/b2+z1/b2z1_ros2/cyclonedds_ws/install/unitree_api/include/unitree_api/unitree_api/msg/detail/request_identity__type_support.c
[4.279s] -- Installing: /home/vi/lxy/b2+z1/b2z1_ros2/cyclonedds_ws/install/unitree_api/include/unitree_api/unitree_api/msg/detail/response__rosidl_typesupport_introspection_c.h
[4.279s] -- Installing: /home/vi/lxy/b2+z1/b2z1_ros2/cyclonedds_ws/install/unitree_api/include/unitree_api/unitree_api/msg/detail/response__type_support.c
[4.279s] -- Installing: /home/vi/lxy/b2+z1/b2z1_ros2/cyclonedds_ws/install/unitree_api/include/unitree_api/unitree_api/msg/detail/request_lease__rosidl_typesupport_introspection_c.h
[4.279s] -- Installing: /home/vi/lxy/b2+z1/b2z1_ros2/cyclonedds_ws/install/unitree_api/include/unitree_api/unitree_api/msg/detail/request_lease__type_support.c
[4.279s] -- Installing: /home/vi/lxy/b2+z1/b2z1_ros2/cyclonedds_ws/install/unitree_api/include/unitree_api/unitree_api/msg/detail/request_policy__rosidl_typesupport_introspection_c.h
[4.280s] -- Installing: /home/vi/lxy/b2+z1/b2z1_ros2/cyclonedds_ws/install/unitree_api/include/unitree_api/unitree_api/msg/detail/response_status__rosidl_typesupport_introspection_c.h
[4.280s] -- Installing: /home/vi/lxy/b2+z1/b2z1_ros2/cyclonedds_ws/install/unitree_api/include/unitree_api/unitree_api/msg/detail/request_header__type_support.c
[4.280s] -- Installing: /home/vi/lxy/b2+z1/b2z1_ros2/cyclonedds_ws/install/unitree_api/include/unitree_api/unitree_api/msg/detail/response_status__type_support.c
[4.280s] -- Installing: /home/vi/lxy/b2+z1/b2z1_ros2/cyclonedds_ws/install/unitree_api/include/unitree_api/unitree_api/msg/detail/response_header__rosidl_typesupport_introspection_c.h
[4.280s] -- Installing: /home/vi/lxy/b2+z1/b2z1_ros2/cyclonedds_ws/install/unitree_api/include/unitree_api/unitree_api/msg/detail/request_policy__type_support.c
[4.280s] -- Installing: /home/vi/lxy/b2+z1/b2z1_ros2/cyclonedds_ws/install/unitree_api/include/unitree_api/unitree_api/msg/rosidl_typesupport_introspection_c__visibility_control.h
[4.280s] -- Installing: /home/vi/lxy/b2+z1/b2z1_ros2/cyclonedds_ws/install/unitree_api/lib/libunitree_api__rosidl_typesupport_introspection_c.so
[4.280s] -- Set runtime path of "/home/vi/lxy/b2+z1/b2z1_ros2/cyclonedds_ws/install/unitree_api/lib/libunitree_api__rosidl_typesupport_introspection_c.so" to ""
[4.280s] -- Installing: /home/vi/lxy/b2+z1/b2z1_ros2/cyclonedds_ws/install/unitree_api/lib/libunitree_api__rosidl_typesupport_c.so
[4.280s] -- Set runtime path of "/home/vi/lxy/b2+z1/b2z1_ros2/cyclonedds_ws/install/unitree_api/lib/libunitree_api__rosidl_typesupport_c.so" to ""
[4.281s] -- Up-to-date: /home/vi/lxy/b2+z1/b2z1_ros2/cyclonedds_ws/install/unitree_api/include/unitree_api/unitree_api
[4.281s] -- Up-to-date: /home/vi/lxy/b2+z1/b2z1_ros2/cyclonedds_ws/install/unitree_api/include/unitree_api/unitree_api/msg
[4.281s] -- Up-to-date: /home/vi/lxy/b2+z1/b2z1_ros2/cyclonedds_ws/install/unitree_api/include/unitree_api/unitree_api/msg/detail
[4.281s] -- Installing: /home/vi/lxy/b2+z1/b2z1_ros2/cyclonedds_ws/install/unitree_api/include/unitree_api/unitree_api/msg/detail/request_lease__type_support.cpp
[4.281s] -- Installing: /home/vi/lxy/b2+z1/b2z1_ros2/cyclonedds_ws/install/unitree_api/include/unitree_api/unitree_api/msg/detail/request_policy__rosidl_typesupport_introspection_cpp.hpp
[4.281s] -- Installing: /home/vi/lxy/b2+z1/b2z1_ros2/cyclonedds_ws/install/unitree_api/include/unitree_api/unitree_api/msg/detail/response_header__type_support.cpp
[4.281s] -- Installing: /home/vi/lxy/b2+z1/b2z1_ros2/cyclonedds_ws/install/unitree_api/include/unitree_api/unitree_api/msg/detail/request_lease__rosidl_typesupport_introspection_cpp.hpp
[4.281s] -- Installing: /home/vi/lxy/b2+z1/b2z1_ros2/cyclonedds_ws/install/unitree_api/include/unitree_api/unitree_api/msg/detail/request__rosidl_typesupport_introspection_cpp.hpp
[4.281s] -- Installing: /home/vi/lxy/b2+z1/b2z1_ros2/cyclonedds_ws/install/unitree_api/include/unitree_api/unitree_api/msg/detail/request__type_support.cpp
[4.281s] -- Installing: /home/vi/lxy/b2+z1/b2z1_ros2/cyclonedds_ws/install/unitree_api/include/unitree_api/unitree_api/msg/detail/response_header__rosidl_typesupport_introspection_cpp.hpp
[4.281s] -- Installing: /home/vi/lxy/b2+z1/b2z1_ros2/cyclonedds_ws/install/unitree_api/include/unitree_api/unitree_api/msg/detail/request_header__rosidl_typesupport_introspection_cpp.hpp
[4.281s] -- Installing: /home/vi/lxy/b2+z1/b2z1_ros2/cyclonedds_ws/install/unitree_api/include/unitree_api/unitree_api/msg/detail/request_header__type_support.cpp
[4.281s] -- Installing: /home/vi/lxy/b2+z1/b2z1_ros2/cyclonedds_ws/install/unitree_api/include/unitree_api/unitree_api/msg/detail/response_status__rosidl_typesupport_introspection_cpp.hpp
[4.282s] -- Installing: /home/vi/lxy/b2+z1/b2z1_ros2/cyclonedds_ws/install/unitree_api/include/unitree_api/unitree_api/msg/detail/request_policy__type_support.cpp
[4.282s] -- Installing: /home/vi/lxy/b2+z1/b2z1_ros2/cyclonedds_ws/install/unitree_api/include/unitree_api/unitree_api/msg/detail/response__type_support.cpp
[4.282s] -- Installing: /home/vi/lxy/b2+z1/b2z1_ros2/cyclonedds_ws/install/unitree_api/include/unitree_api/unitree_api/msg/detail/response__rosidl_typesupport_introspection_cpp.hpp
[4.282s] -- Installing: /home/vi/lxy/b2+z1/b2z1_ros2/cyclonedds_ws/install/unitree_api/include/unitree_api/unitree_api/msg/detail/request_identity__type_support.cpp
[4.282s] -- Installing: /home/vi/lxy/b2+z1/b2z1_ros2/cyclonedds_ws/install/unitree_api/include/unitree_api/unitree_api/msg/detail/request_identity__rosidl_typesupport_introspection_cpp.hpp
[4.282s] -- Installing: /home/vi/lxy/b2+z1/b2z1_ros2/cyclonedds_ws/install/unitree_api/include/unitree_api/unitree_api/msg/detail/response_status__type_support.cpp
[4.282s] -- Installing: /home/vi/lxy/b2+z1/b2z1_ros2/cyclonedds_ws/install/unitree_api/lib/libunitree_api__rosidl_typesupport_introspection_cpp.so
[4.282s] -- Set runtime path of "/home/vi/lxy/b2+z1/b2z1_ros2/cyclonedds_ws/install/unitree_api/lib/libunitree_api__rosidl_typesupport_introspection_cpp.so" to ""
[4.282s] -- Installing: /home/vi/lxy/b2+z1/b2z1_ros2/cyclonedds_ws/install/unitree_api/lib/libunitree_api__rosidl_typesupport_cpp.so
[4.283s] -- Set runtime path of "/home/vi/lxy/b2+z1/b2z1_ros2/cyclonedds_ws/install/unitree_api/lib/libunitree_api__rosidl_typesupport_cpp.so" to ""
[4.283s] -- Installing: /home/vi/lxy/b2+z1/b2z1_ros2/cyclonedds_ws/install/unitree_api/share/unitree_api/environment/pythonpath.sh
[4.283s] -- Installing: /home/vi/lxy/b2+z1/b2z1_ros2/cyclonedds_ws/install/unitree_api/share/unitree_api/environment/pythonpath.dsv
[4.283s] -- Installing: /home/vi/lxy/b2+z1/b2z1_ros2/cyclonedds_ws/install/unitree_api/local/lib/python3.10/dist-packages/unitree_api-0.0.0-py3.10.egg-info
[4.283s] -- Installing: /home/vi/lxy/b2+z1/b2z1_ros2/cyclonedds_ws/install/unitree_api/local/lib/python3.10/dist-packages/unitree_api-0.0.0-py3.10.egg-info/SOURCES.txt
[4.283s] -- Installing: /home/vi/lxy/b2+z1/b2z1_ros2/cyclonedds_ws/install/unitree_api/local/lib/python3.10/dist-packages/unitree_api-0.0.0-py3.10.egg-info/dependency_links.txt
[4.283s] -- Installing: /home/vi/lxy/b2+z1/b2z1_ros2/cyclonedds_ws/install/unitree_api/local/lib/python3.10/dist-packages/unitree_api-0.0.0-py3.10.egg-info/top_level.txt
[4.283s] -- Installing: /home/vi/lxy/b2+z1/b2z1_ros2/cyclonedds_ws/install/unitree_api/local/lib/python3.10/dist-packages/unitree_api-0.0.0-py3.10.egg-info/PKG-INFO
[4.283s] -- Installing: /home/vi/lxy/b2+z1/b2z1_ros2/cyclonedds_ws/install/unitree_api/local/lib/python3.10/dist-packages/unitree_api
[4.283s] -- Installing: /home/vi/lxy/b2+z1/b2z1_ros2/cyclonedds_ws/install/unitree_api/local/lib/python3.10/dist-packages/unitree_api/_unitree_api_s.ep.rosidl_typesupport_introspection_c.c
[4.283s] -- Installing: /home/vi/lxy/b2+z1/b2z1_ros2/cyclonedds_ws/install/unitree_api/local/lib/python3.10/dist-packages/unitree_api/unitree_api_s__rosidl_typesupport_fastrtps_c.cpython-310-x86_64-linux-gnu.so
[4.283s] -- Installing: /home/vi/lxy/b2+z1/b2z1_ros2/cyclonedds_ws/install/unitree_api/local/lib/python3.10/dist-packages/unitree_api/unitree_api_s__rosidl_typesupport_c.cpython-310-x86_64-linux-gnu.so
[4.284s] -- Installing: /home/vi/lxy/b2+z1/b2z1_ros2/cyclonedds_ws/install/unitree_api/local/lib/python3.10/dist-packages/unitree_api/libunitree_api__rosidl_generator_py.so
[4.284s] -- Installing: /home/vi/lxy/b2+z1/b2z1_ros2/cyclonedds_ws/install/unitree_api/local/lib/python3.10/dist-packages/unitree_api/_unitree_api_s.ep.rosidl_typesupport_c.c
[4.284s] -- Installing: /home/vi/lxy/b2+z1/b2z1_ros2/cyclonedds_ws/install/unitree_api/local/lib/python3.10/dist-packages/unitree_api/msg
[4.284s] -- Installing: /home/vi/lxy/b2+z1/b2z1_ros2/cyclonedds_ws/install/unitree_api/local/lib/python3.10/dist-packages/unitree_api/msg/_response_s.c
[4.284s] -- Installing: /home/vi/lxy/b2+z1/b2z1_ros2/cyclonedds_ws/install/unitree_api/local/lib/python3.10/dist-packages/unitree_api/msg/_request_lease_s.c
[4.284s] -- Installing: /home/vi/lxy/b2+z1/b2z1_ros2/cyclonedds_ws/install/unitree_api/local/lib/python3.10/dist-packages/unitree_api/msg/_request_header.py
[4.284s] -- Installing: /home/vi/lxy/b2+z1/b2z1_ros2/cyclonedds_ws/install/unitree_api/local/lib/python3.10/dist-packages/unitree_api/msg/_request_policy_s.c
[4.284s] -- Installing: /home/vi/lxy/b2+z1/b2z1_ros2/cyclonedds_ws/install/unitree_api/local/lib/python3.10/dist-packages/unitree_api/msg/_request_identity_s.c
[4.284s] -- Installing: /home/vi/lxy/b2+z1/b2z1_ros2/cyclonedds_ws/install/unitree_api/local/lib/python3.10/dist-packages/unitree_api/msg/_response_header.py
[4.284s] -- Installing: /home/vi/lxy/b2+z1/b2z1_ros2/cyclonedds_ws/install/unitree_api/local/lib/python3.10/dist-packages/unitree_api/msg/_request_lease.py
[4.285s] -- Installing: /home/vi/lxy/b2+z1/b2z1_ros2/cyclonedds_ws/install/unitree_api/local/lib/python3.10/dist-packages/unitree_api/msg/_response_status_s.c
[4.285s] -- Installing: /home/vi/lxy/b2+z1/b2z1_ros2/cyclonedds_ws/install/unitree_api/local/lib/python3.10/dist-packages/unitree_api/msg/_request_header_s.c
[4.285s] -- Installing: /home/vi/lxy/b2+z1/b2z1_ros2/cyclonedds_ws/install/unitree_api/local/lib/python3.10/dist-packages/unitree_api/msg/_request_identity.py
[4.285s] -- Installing: /home/vi/lxy/b2+z1/b2z1_ros2/cyclonedds_ws/install/unitree_api/local/lib/python3.10/dist-packages/unitree_api/msg/_request.py
[4.285s] -- Installing: /home/vi/lxy/b2+z1/b2z1_ros2/cyclonedds_ws/install/unitree_api/local/lib/python3.10/dist-packages/unitree_api/msg/_response_header_s.c
[4.285s] -- Installing: /home/vi/lxy/b2+z1/b2z1_ros2/cyclonedds_ws/install/unitree_api/local/lib/python3.10/dist-packages/unitree_api/msg/_request_policy.py
[4.285s] -- Installing: /home/vi/lxy/b2+z1/b2z1_ros2/cyclonedds_ws/install/unitree_api/local/lib/python3.10/dist-packages/unitree_api/msg/_response_status.py
[4.285s] -- Installing: /home/vi/lxy/b2+z1/b2z1_ros2/cyclonedds_ws/install/unitree_api/local/lib/python3.10/dist-packages/unitree_api/msg/__init__.py
[4.285s] -- Installing: /home/vi/lxy/b2+z1/b2z1_ros2/cyclonedds_ws/install/unitree_api/local/lib/python3.10/dist-packages/unitree_api/msg/_response.py
[4.285s] -- Installing: /home/vi/lxy/b2+z1/b2z1_ros2/cyclonedds_ws/install/unitree_api/local/lib/python3.10/dist-packages/unitree_api/msg/_request_s.c
[4.286s] -- Installing: /home/vi/lxy/b2+z1/b2z1_ros2/cyclonedds_ws/install/unitree_api/local/lib/python3.10/dist-packages/unitree_api/unitree_api_s__rosidl_typesupport_introspection_c.cpython-310-x86_64-linux-gnu.so
[4.286s] -- Installing: /home/vi/lxy/b2+z1/b2z1_ros2/cyclonedds_ws/install/unitree_api/local/lib/python3.10/dist-packages/unitree_api/__init__.py
[4.286s] -- Installing: /home/vi/lxy/b2+z1/b2z1_ros2/cyclonedds_ws/install/unitree_api/local/lib/python3.10/dist-packages/unitree_api/_unitree_api_s.ep.rosidl_typesupport_fastrtps_c.c
[4.320s] Listing '/home/vi/lxy/b2+z1/b2z1_ros2/cyclonedds_ws/install/unitree_api/local/lib/python3.10/dist-packages/unitree_api'...
[4.320s] Compiling '/home/vi/lxy/b2+z1/b2z1_ros2/cyclonedds_ws/install/unitree_api/local/lib/python3.10/dist-packages/unitree_api/__init__.py'...
[4.320s] Listing '/home/vi/lxy/b2+z1/b2z1_ros2/cyclonedds_ws/install/unitree_api/local/lib/python3.10/dist-packages/unitree_api/msg'...
[4.320s] Compiling '/home/vi/lxy/b2+z1/b2z1_ros2/cyclonedds_ws/install/unitree_api/local/lib/python3.10/dist-packages/unitree_api/msg/__init__.py'...
[4.320s] Compiling '/home/vi/lxy/b2+z1/b2z1_ros2/cyclonedds_ws/install/unitree_api/local/lib/python3.10/dist-packages/unitree_api/msg/_request.py'...
[4.320s] Compiling '/home/vi/lxy/b2+z1/b2z1_ros2/cyclonedds_ws/install/unitree_api/local/lib/python3.10/dist-packages/unitree_api/msg/_request_header.py'...
[4.321s] Compiling '/home/vi/lxy/b2+z1/b2z1_ros2/cyclonedds_ws/install/unitree_api/local/lib/python3.10/dist-packages/unitree_api/msg/_request_identity.py'...
[4.321s] Compiling '/home/vi/lxy/b2+z1/b2z1_ros2/cyclonedds_ws/install/unitree_api/local/lib/python3.10/dist-packages/unitree_api/msg/_request_lease.py'...
[4.321s] Compiling '/home/vi/lxy/b2+z1/b2z1_ros2/cyclonedds_ws/install/unitree_api/local/lib/python3.10/dist-packages/unitree_api/msg/_request_policy.py'...
[4.321s] Compiling '/home/vi/lxy/b2+z1/b2z1_ros2/cyclonedds_ws/install/unitree_api/local/lib/python3.10/dist-packages/unitree_api/msg/_response.py'...
[4.321s] Compiling '/home/vi/lxy/b2+z1/b2z1_ros2/cyclonedds_ws/install/unitree_api/local/lib/python3.10/dist-packages/unitree_api/msg/_response_header.py'...
[4.321s] Compiling '/home/vi/lxy/b2+z1/b2z1_ros2/cyclonedds_ws/install/unitree_api/local/lib/python3.10/dist-packages/unitree_api/msg/_response_status.py'...
[4.325s] -- Installing: /home/vi/lxy/b2+z1/b2z1_ros2/cyclonedds_ws/install/unitree_api/local/lib/python3.10/dist-packages/unitree_api/unitree_api_s__rosidl_typesupport_fastrtps_c.cpython-310-x86_64-linux-gnu.so
[4.326s] -- Set runtime path of "/home/vi/lxy/b2+z1/b2z1_ros2/cyclonedds_ws/install/unitree_api/local/lib/python3.10/dist-packages/unitree_api/unitree_api_s__rosidl_typesupport_fastrtps_c.cpython-310-x86_64-linux-gnu.so" to ""
[4.326s] -- Installing: /home/vi/lxy/b2+z1/b2z1_ros2/cyclonedds_ws/install/unitree_api/local/lib/python3.10/dist-packages/unitree_api/unitree_api_s__rosidl_typesupport_introspection_c.cpython-310-x86_64-linux-gnu.so
[4.326s] -- Set runtime path of "/home/vi/lxy/b2+z1/b2z1_ros2/cyclonedds_ws/install/unitree_api/local/lib/python3.10/dist-packages/unitree_api/unitree_api_s__rosidl_typesupport_introspection_c.cpython-310-x86_64-linux-gnu.so" to ""
[4.327s] -- Installing: /home/vi/lxy/b2+z1/b2z1_ros2/cyclonedds_ws/install/unitree_api/local/lib/python3.10/dist-packages/unitree_api/unitree_api_s__rosidl_typesupport_c.cpython-310-x86_64-linux-gnu.so
[4.327s] -- Set runtime path of "/home/vi/lxy/b2+z1/b2z1_ros2/cyclonedds_ws/install/unitree_api/local/lib/python3.10/dist-packages/unitree_api/unitree_api_s__rosidl_typesupport_c.cpython-310-x86_64-linux-gnu.so" to ""
[4.327s] -- Installing: /home/vi/lxy/b2+z1/b2z1_ros2/cyclonedds_ws/install/unitree_api/lib/libunitree_api__rosidl_generator_py.so
[4.328s] -- Set runtime path of "/home/vi/lxy/b2+z1/b2z1_ros2/cyclonedds_ws/install/unitree_api/lib/libunitree_api__rosidl_generator_py.so" to ""
[4.328s] -- Installing: /home/vi/lxy/b2+z1/b2z1_ros2/cyclonedds_ws/install/unitree_api/share/ament_index/resource_index/rust_packages/unitree_api
[4.328s] -- Installing: /home/vi/lxy/b2+z1/b2z1_ros2/cyclonedds_ws/install/unitree_api/share/unitree_api/rust
[4.328s] -- Installing: /home/vi/lxy/b2+z1/b2z1_ros2/cyclonedds_ws/install/unitree_api/share/unitree_api/rust/Cargo.toml
[4.328s] -- Installing: /home/vi/lxy/b2+z1/b2z1_ros2/cyclonedds_ws/install/unitree_api/share/unitree_api/rust/src
[4.328s] -- Installing: /home/vi/lxy/b2+z1/b2z1_ros2/cyclonedds_ws/install/unitree_api/share/unitree_api/rust/src/lib.rs
[4.329s] -- Installing: /home/vi/lxy/b2+z1/b2z1_ros2/cyclonedds_ws/install/unitree_api/share/unitree_api/rust/src/msg.rs
[4.329s] -- Installing: /home/vi/lxy/b2+z1/b2z1_ros2/cyclonedds_ws/install/unitree_api/share/unitree_api/rust/src/msg
[4.329s] -- Installing: /home/vi/lxy/b2+z1/b2z1_ros2/cyclonedds_ws/install/unitree_api/share/unitree_api/rust/src/msg/rmw.rs
[4.329s] -- Installing: /home/vi/lxy/b2+z1/b2z1_ros2/cyclonedds_ws/install/unitree_api/share/unitree_api/rust/build.rs
[4.329s] -- Installing: /home/vi/lxy/b2+z1/b2z1_ros2/cyclonedds_ws/install/unitree_api/share/unitree_api/msg/Request.idl
[4.330s] -- Installing: /home/vi/lxy/b2+z1/b2z1_ros2/cyclonedds_ws/install/unitree_api/share/unitree_api/msg/RequestHeader.idl
[4.330s] -- Installing: /home/vi/lxy/b2+z1/b2z1_ros2/cyclonedds_ws/install/unitree_api/share/unitree_api/msg/RequestIdentity.idl
[4.330s] -- Installing: /home/vi/lxy/b2+z1/b2z1_ros2/cyclonedds_ws/install/unitree_api/share/unitree_api/msg/RequestLease.idl
[4.330s] -- Installing: /home/vi/lxy/b2+z1/b2z1_ros2/cyclonedds_ws/install/unitree_api/share/unitree_api/msg/RequestPolicy.idl
[4.330s] -- Installing: /home/vi/lxy/b2+z1/b2z1_ros2/cyclonedds_ws/install/unitree_api/share/unitree_api/msg/Response.idl
[4.331s] -- Installing: /home/vi/lxy/b2+z1/b2z1_ros2/cyclonedds_ws/install/unitree_api/share/unitree_api/msg/ResponseHeader.idl
[4.331s] -- Installing: /home/vi/lxy/b2+z1/b2z1_ros2/cyclonedds_ws/install/unitree_api/share/unitree_api/msg/ResponseStatus.idl
[4.331s] -- Installing: /home/vi/lxy/b2+z1/b2z1_ros2/cyclonedds_ws/install/unitree_api/share/unitree_api/msg/Request.msg
[4.331s] -- Installing: /home/vi/lxy/b2+z1/b2z1_ros2/cyclonedds_ws/install/unitree_api/share/unitree_api/msg/RequestHeader.msg
[4.331s] -- Installing: /home/vi/lxy/b2+z1/b2z1_ros2/cyclonedds_ws/install/unitree_api/share/unitree_api/msg/RequestIdentity.msg
[4.332s] -- Installing: /home/vi/lxy/b2+z1/b2z1_ros2/cyclonedds_ws/install/unitree_api/share/unitree_api/msg/RequestLease.msg
[4.332s] -- Installing: /home/vi/lxy/b2+z1/b2z1_ros2/cyclonedds_ws/install/unitree_api/share/unitree_api/msg/RequestPolicy.msg
[4.332s] -- Installing: /home/vi/lxy/b2+z1/b2z1_ros2/cyclonedds_ws/install/unitree_api/share/unitree_api/msg/Response.msg
[4.332s] -- Installing: /home/vi/lxy/b2+z1/b2z1_ros2/cyclonedds_ws/install/unitree_api/share/unitree_api/msg/ResponseHeader.msg
[4.332s] -- Installing: /home/vi/lxy/b2+z1/b2z1_ros2/cyclonedds_ws/install/unitree_api/share/unitree_api/msg/ResponseStatus.msg
[4.333s] -- Installing: /home/vi/lxy/b2+z1/b2z1_ros2/cyclonedds_ws/install/unitree_api/share/unitree_api/msg/dds_connext
[4.333s] -- Installing: /home/vi/lxy/b2+z1/b2z1_ros2/cyclonedds_ws/install/unitree_api/share/unitree_api/msg/dds_connext/ResponseStatus_.idl
[4.333s] -- Installing: /home/vi/lxy/b2+z1/b2z1_ros2/cyclonedds_ws/install/unitree_api/share/unitree_api/msg/dds_connext/Request_.idl
[4.333s] -- Installing: /home/vi/lxy/b2+z1/b2z1_ros2/cyclonedds_ws/install/unitree_api/share/unitree_api/msg/dds_connext/RequestHeader_.idl
[4.333s] -- Installing: /home/vi/lxy/b2+z1/b2z1_ros2/cyclonedds_ws/install/unitree_api/share/unitree_api/msg/dds_connext/RequestIdentity_.idl
[4.333s] -- Installing: /home/vi/lxy/b2+z1/b2z1_ros2/cyclonedds_ws/install/unitree_api/share/unitree_api/msg/dds_connext/Response_.idl
[4.333s] -- Installing: /home/vi/lxy/b2+z1/b2z1_ros2/cyclonedds_ws/install/unitree_api/share/unitree_api/msg/dds_connext/RequestPolicy_.idl
[4.334s] -- Installing: /home/vi/lxy/b2+z1/b2z1_ros2/cyclonedds_ws/install/unitree_api/share/unitree_api/msg/dds_connext/ResponseHeader_.idl
[4.334s] -- Installing: /home/vi/lxy/b2+z1/b2z1_ros2/cyclonedds_ws/install/unitree_api/share/unitree_api/msg/dds_connext/RequestLease_.idl
[4.334s] -- Installing: /home/vi/lxy/b2+z1/b2z1_ros2/cyclonedds_ws/install/unitree_api/share/ament_index/resource_index/package_run_dependencies/unitree_api
[4.334s] -- Installing: /home/vi/lxy/b2+z1/b2z1_ros2/cyclonedds_ws/install/unitree_api/share/ament_index/resource_index/parent_prefix_path/unitree_api
[4.335s] -- Installing: /home/vi/lxy/b2+z1/b2z1_ros2/cyclonedds_ws/install/unitree_api/share/unitree_api/environment/ament_prefix_path.sh
[4.335s] -- Installing: /home/vi/lxy/b2+z1/b2z1_ros2/cyclonedds_ws/install/unitree_api/share/unitree_api/environment/ament_prefix_path.dsv
[4.335s] -- Installing: /home/vi/lxy/b2+z1/b2z1_ros2/cyclonedds_ws/install/unitree_api/share/unitree_api/environment/path.sh
[4.335s] -- Installing: /home/vi/lxy/b2+z1/b2z1_ros2/cyclonedds_ws/install/unitree_api/share/unitree_api/environment/path.dsv
[4.335s] -- Installing: /home/vi/lxy/b2+z1/b2z1_ros2/cyclonedds_ws/install/unitree_api/share/unitree_api/local_setup.bash
[4.336s] -- Installing: /home/vi/lxy/b2+z1/b2z1_ros2/cyclonedds_ws/install/unitree_api/share/unitree_api/local_setup.sh
[4.336s] -- Installing: /home/vi/lxy/b2+z1/b2z1_ros2/cyclonedds_ws/install/unitree_api/share/unitree_api/local_setup.zsh
[4.336s] -- Installing: /home/vi/lxy/b2+z1/b2z1_ros2/cyclonedds_ws/install/unitree_api/share/unitree_api/local_setup.dsv
[4.336s] -- Installing: /home/vi/lxy/b2+z1/b2z1_ros2/cyclonedds_ws/install/unitree_api/share/unitree_api/package.dsv
[4.336s] -- Installing: /home/vi/lxy/b2+z1/b2z1_ros2/cyclonedds_ws/install/unitree_api/share/ament_index/resource_index/packages/unitree_api
[4.337s] -- Installing: /home/vi/lxy/b2+z1/b2z1_ros2/cyclonedds_ws/install/unitree_api/share/unitree_api/cmake/export_unitree_api__rosidl_generator_cExport.cmake
[4.337s] -- Installing: /home/vi/lxy/b2+z1/b2z1_ros2/cyclonedds_ws/install/unitree_api/share/unitree_api/cmake/export_unitree_api__rosidl_generator_cExport-noconfig.cmake
[4.337s] -- Installing: /home/vi/lxy/b2+z1/b2z1_ros2/cyclonedds_ws/install/unitree_api/share/unitree_api/cmake/export_unitree_api__rosidl_typesupport_fastrtps_cExport.cmake
[4.337s] -- Installing: /home/vi/lxy/b2+z1/b2z1_ros2/cyclonedds_ws/install/unitree_api/share/unitree_api/cmake/export_unitree_api__rosidl_typesupport_fastrtps_cExport-noconfig.cmake
[4.338s] -- Installing: /home/vi/lxy/b2+z1/b2z1_ros2/cyclonedds_ws/install/unitree_api/share/unitree_api/cmake/export_unitree_api__rosidl_generator_cppExport.cmake
[4.338s] -- Installing: /home/vi/lxy/b2+z1/b2z1_ros2/cyclonedds_ws/install/unitree_api/share/unitree_api/cmake/export_unitree_api__rosidl_typesupport_fastrtps_cppExport.cmake
[4.338s] -- Installing: /home/vi/lxy/b2+z1/b2z1_ros2/cyclonedds_ws/install/unitree_api/share/unitree_api/cmake/export_unitree_api__rosidl_typesupport_fastrtps_cppExport-noconfig.cmake
[4.338s] -- Installing: /home/vi/lxy/b2+z1/b2z1_ros2/cyclonedds_ws/install/unitree_api/share/unitree_api/cmake/unitree_api__rosidl_typesupport_introspection_cExport.cmake
[4.338s] -- Installing: /home/vi/lxy/b2+z1/b2z1_ros2/cyclonedds_ws/install/unitree_api/share/unitree_api/cmake/unitree_api__rosidl_typesupport_introspection_cExport-noconfig.cmake
[4.339s] -- Installing: /home/vi/lxy/b2+z1/b2z1_ros2/cyclonedds_ws/install/unitree_api/share/unitree_api/cmake/unitree_api__rosidl_typesupport_cExport.cmake
[4.339s] -- Installing: /home/vi/lxy/b2+z1/b2z1_ros2/cyclonedds_ws/install/unitree_api/share/unitree_api/cmake/unitree_api__rosidl_typesupport_cExport-noconfig.cmake
[4.339s] -- Installing: /home/vi/lxy/b2+z1/b2z1_ros2/cyclonedds_ws/install/unitree_api/share/unitree_api/cmake/unitree_api__rosidl_typesupport_introspection_cppExport.cmake
[4.339s] -- Installing: /home/vi/lxy/b2+z1/b2z1_ros2/cyclonedds_ws/install/unitree_api/share/unitree_api/cmake/unitree_api__rosidl_typesupport_introspection_cppExport-noconfig.cmake
[4.340s] -- Installing: /home/vi/lxy/b2+z1/b2z1_ros2/cyclonedds_ws/install/unitree_api/share/unitree_api/cmake/unitree_api__rosidl_typesupport_cppExport.cmake
[4.340s] -- Installing: /home/vi/lxy/b2+z1/b2z1_ros2/cyclonedds_ws/install/unitree_api/share/unitree_api/cmake/unitree_api__rosidl_typesupport_cppExport-noconfig.cmake
[4.340s] -- Installing: /home/vi/lxy/b2+z1/b2z1_ros2/cyclonedds_ws/install/unitree_api/share/unitree_api/cmake/export_unitree_api__rosidl_generator_pyExport.cmake
[4.340s] -- Installing: /home/vi/lxy/b2+z1/b2z1_ros2/cyclonedds_ws/install/unitree_api/share/unitree_api/cmake/export_unitree_api__rosidl_generator_pyExport-noconfig.cmake
[4.340s] -- Installing: /home/vi/lxy/b2+z1/b2z1_ros2/cyclonedds_ws/install/unitree_api/share/unitree_api/cmake/rosidl_cmake-extras.cmake
[4.341s] -- Installing: /home/vi/lxy/b2+z1/b2z1_ros2/cyclonedds_ws/install/unitree_api/share/unitree_api/cmake/ament_cmake_export_dependencies-extras.cmake
[4.341s] -- Installing: /home/vi/lxy/b2+z1/b2z1_ros2/cyclonedds_ws/install/unitree_api/share/unitree_api/cmake/ament_cmake_export_include_directories-extras.cmake
[4.341s] -- Installing: /home/vi/lxy/b2+z1/b2z1_ros2/cyclonedds_ws/install/unitree_api/share/unitree_api/cmake/ament_cmake_export_libraries-extras.cmake
[4.341s] -- Installing: /home/vi/lxy/b2+z1/b2z1_ros2/cyclonedds_ws/install/unitree_api/share/unitree_api/cmake/ament_cmake_export_targets-extras.cmake
[4.341s] -- Installing: /home/vi/lxy/b2+z1/b2z1_ros2/cyclonedds_ws/install/unitree_api/share/unitree_api/cmake/rosidl_cmake_export_typesupport_targets-extras.cmake
[4.342s] -- Installing: /home/vi/lxy/b2+z1/b2z1_ros2/cyclonedds_ws/install/unitree_api/share/unitree_api/cmake/rosidl_cmake_export_typesupport_libraries-extras.cmake
[4.342s] -- Installing: /home/vi/lxy/b2+z1/b2z1_ros2/cyclonedds_ws/install/unitree_api/share/unitree_api/cmake/unitree_apiConfig.cmake
[4.342s] -- Installing: /home/vi/lxy/b2+z1/b2z1_ros2/cyclonedds_ws/install/unitree_api/share/unitree_api/cmake/unitree_apiConfig-version.cmake
[4.342s] -- Installing: /home/vi/lxy/b2+z1/b2z1_ros2/cyclonedds_ws/install/unitree_api/share/unitree_api/package.xml
[4.390s] Invoked command in '/home/vi/lxy/b2+z1/b2z1_ros2/cyclonedds_ws/build/unitree_api' returned '0': CMAKE_PREFIX_PATH=/opt/ros/humble /usr/bin/cmake --install /home/vi/lxy/b2+z1/b2z1_ros2/cyclonedds_ws/build/unitree_api
