In file included from /home/vi/lxy/b2+z1/b2z1_ros2/example/src/../../../z1_sdk/include/unitree_arm_sdk/thirdparty/robotics.h:9,
                 from /home/vi/lxy/b2+z1/b2z1_ros2/example/src/../../../z1_sdk/include/unitree_arm_sdk/model/ArmModel.h:5,
                 from /home/vi/lxy/b2+z1/b2z1_ros2/example/src/../../../z1_sdk/include/unitree_arm_sdk/control/ctrlComponents.h:9,
                 from /home/vi/lxy/b2+z1/b2z1_ros2/example/src/../../../z1_sdk/include/unitree_arm_sdk/control/unitreeArm.h:4,
                 from /home/vi/lxy/b2+z1/b2z1_ros2/example/src/src/b2/b2z1_stand_example.cpp:19:
/home/vi/lxy/b2+z1/b2z1_ros2/example/src/../../../z1_sdk/include/unitree_arm_sdk/math/mathTools.h: In constructor ‘UNITREE_ARM::AvgCov::AvgCov(unsigned int, std::string, bool, unsigned int, unsigned int, double)’:
/home/vi/lxy/b2+z1/b2z1_ros2/example/src/../../../z1_sdk/include/unitree_arm_sdk/math/mathTools.h:244:17: warning: ‘UNITREE_ARM::AvgCov::_valueName’ will be initialized after [-Wreorder]
  244 |     std::string _valueName;
      |                 ^~~~~~~~~~
/home/vi/lxy/b2+z1/b2z1_ros2/example/src/../../../z1_sdk/include/unitree_arm_sdk/math/mathTools.h:238:10: warning:   ‘bool UNITREE_ARM::AvgCov::_avgOnly’ [-Wreorder]
  238 |     bool _avgOnly;
      |          ^~~~~~~~
In file included from /home/vi/lxy/b2+z1/b2z1_ros2/example/src/../../../z1_sdk/include/unitree_arm_sdk/thirdparty/robotics.h:9,
                 from /home/vi/lxy/b2+z1/b2z1_ros2/example/src/../../../z1_sdk/include/unitree_arm_sdk/model/ArmModel.h:5,
                 from /home/vi/lxy/b2+z1/b2z1_ros2/example/src/../../../z1_sdk/include/unitree_arm_sdk/control/ctrlComponents.h:9,
                 from /home/vi/lxy/b2+z1/b2z1_ros2/example/src/../../../z1_sdk/include/unitree_arm_sdk/control/unitreeArm.h:4,
                 from /home/vi/lxy/b2+z1/b2z1_ros2/example/src/src/b2/b2z1_stand_example.cpp:19:
/home/vi/lxy/b2+z1/b2z1_ros2/example/src/../../../z1_sdk/include/unitree_arm_sdk/math/mathTools.h:210:5: warning:   when initialized here [-Wreorder]
  210 |     AvgCov(unsigned int size, std::string name, bool avgOnly=false, unsigned int showPeriod=1000, unsigned int waitCount=5000, double zoomFactor=10000)
      |     ^~~~~~
