-- The C compiler identification is GNU 11.4.0
-- The CXX compiler identification is GNU 11.4.0
-- Detecting C compiler ABI info
-- Detecting C compiler ABI info - done
-- Check for working C compiler: /usr/bin/cc - skipped
-- Detecting C compile features
-- Detecting C compile features - done
-- Detecting CXX compiler ABI info
-- Detecting CXX compiler ABI info - done
-- Check for working CXX compiler: /usr/bin/c++ - skipped
-- Detecting CXX compile features
-- Detecting CXX compile features - done
-- Found z1_sdk at /home/vi/lxy/b2+z1/b2z1_ros2/example/src/../../../z1_sdk
-- Found ament_cmake: 1.3.14 (/opt/ros/humble/share/ament_cmake/cmake)
-- Found Python3: /usr/bin/python3 (found version "3.10.12") found components: Interpreter 
-- Found unitree_go: 0.0.0 (/home/vi/lxy/b2+z1/b2z1_ros2/cyclonedds_ws/install/unitree_go/share/unitree_go/cmake)
-- Found rosidl_generator_c: 3.1.8 (/opt/ros/humble/share/rosidl_generator_c/cmake)
-- Found rosidl_adapter: 3.1.8 (/opt/ros/humble/share/rosidl_adapter/cmake)
-- Found rosidl_generator_cpp: 3.1.8 (/opt/ros/humble/share/rosidl_generator_cpp/cmake)
-- Using all available rosidl_typesupport_c: rosidl_typesupport_fastrtps_c;rosidl_typesupport_introspection_c
-- Using all available rosidl_typesupport_cpp: rosidl_typesupport_fastrtps_cpp;rosidl_typesupport_introspection_cpp
-- Found unitree_hg: 0.0.0 (/home/vi/lxy/b2+z1/b2z1_ros2/cyclonedds_ws/install/unitree_hg/share/unitree_hg/cmake)
-- Found unitree_api: 0.0.0 (/home/vi/lxy/b2+z1/b2z1_ros2/cyclonedds_ws/install/unitree_api/share/unitree_api/cmake)
-- Found rclcpp: 16.0.19 (/opt/ros/humble/share/rclcpp/cmake)
-- Found rmw_implementation_cmake: 6.1.2 (/opt/ros/humble/share/rmw_implementation_cmake/cmake)
-- Found rmw_fastrtps_cpp: 6.2.10 (/opt/ros/humble/share/rmw_fastrtps_cpp/cmake)
-- Found OpenSSL: /usr/lib/x86_64-linux-gnu/libcrypto.so (found version "3.0.2")  
-- Found FastRTPS: /opt/ros/humble/include  
-- Using RMW implementation 'rmw_fastrtps_cpp' as default
-- Looking for pthread.h
-- Looking for pthread.h - found
-- Performing Test CMAKE_HAVE_LIBC_PTHREAD
-- Performing Test CMAKE_HAVE_LIBC_PTHREAD - Success
-- Found Threads: TRUE  
-- Found rosbag2_cpp: 0.15.16 (/opt/ros/humble/share/rosbag2_cpp/cmake)
-- Found yaml-cpp version 0.7.0
-- Found ament_lint_auto: 0.12.15 (/opt/ros/humble/share/ament_lint_auto/cmake)
-- Added test 'copyright' to check source files copyright and LICENSE
-- Added test 'cppcheck' to perform static code analysis on C / C++ code
-- Configured cppcheck include dirs: 
-- Configured cppcheck exclude dirs and/or files: 
-- Added test 'cpplint' to check C / C++ code against the Google style
-- Configured cpplint exclude dirs and/or files: 
-- Added test 'lint_cmake' to check CMake code style
-- Added test 'uncrustify' to check C / C++ code style
-- Configured uncrustify additional arguments: 
-- Added test 'xmllint' to check XML markup files
-- Configuring done
-- Generating done
-- Build files have been written to: /home/vi/lxy/b2+z1/b2z1_ros2/example/build/unitree_ros2_example
Consolidate compiler generated dependencies of target read_low_state
[  1%] Building CXX object CMakeFiles/b2z1_stand_example.dir/src/b2/b2z1_stand_example.cpp.o
Consolidate compiler generated dependencies of target low_level_ctrl
[  3%] Building CXX object CMakeFiles/b2z1_stand_example.dir/src/common/motor_crc.cpp.o
Consolidate compiler generated dependencies of target low_level_ctrl_hg
Consolidate compiler generated dependencies of target read_low_state_hg
Consolidate compiler generated dependencies of target read_motion_state
Consolidate compiler generated dependencies of target g1_low_level_example
Consolidate compiler generated dependencies of target read_wireless_controller
[  6%] Built target read_low_state
Consolidate compiler generated dependencies of target g1_audio_client_example
Consolidate compiler generated dependencies of target go2_stand_example
Consolidate compiler generated dependencies of target go2_sport_client
Consolidate compiler generated dependencies of target g1_ankle_swing_example
Consolidate compiler generated dependencies of target go2_robot_state_client
Consolidate compiler generated dependencies of target g1_arm_sdk_dds_example
Consolidate compiler generated dependencies of target g1_arm_action_example
Consolidate compiler generated dependencies of target b2w_sport_client
Consolidate compiler generated dependencies of target b2w_stand_example
Consolidate compiler generated dependencies of target b2_sport_client
Consolidate compiler generated dependencies of target b2_stand_example
Consolidate compiler generated dependencies of target g1_loco_client_example
Consolidate compiler generated dependencies of target g1_dex3_example
Consolidate compiler generated dependencies of target g1_dual_arm_example
[ 11%] Built target low_level_ctrl
[ 16%] Built target low_level_ctrl_hg
[ 19%] Built target read_low_state_hg
[ 22%] Built target read_motion_state
[ 27%] Built target g1_low_level_example
[ 32%] Built target g1_audio_client_example
[ 34%] Built target read_wireless_controller
[ 39%] Built target g1_arm_sdk_dds_example
[ 47%] Built target go2_robot_state_client
[ 49%] Built target go2_stand_example
[ 54%] Built target g1_ankle_swing_example
[ 59%] Built target g1_arm_action_example
[ 63%] Built target go2_sport_client
[ 70%] Built target g1_dex3_example
[ 73%] Built target b2w_sport_client
[ 78%] Built target b2_sport_client
[ 80%] Building CXX object CMakeFiles/b2_stand_example.dir/src/common/motor_crc.cpp.o
[ 88%] Built target b2w_stand_example
[ 95%] Building CXX object CMakeFiles/b2_stand_example.dir/src/b2/b2_stand_example.cpp.o
[ 95%] Built target g1_loco_client_example
[ 96%] Built target g1_dual_arm_example
[ 98%] Linking CXX executable b2_stand_example
[ 98%] Built target b2_stand_example
[100%] Linking CXX executable b2z1_stand_example
[100%] Built target b2z1_stand_example
-- Install configuration: ""
-- Up-to-date: /home/vi/lxy/b2+z1/b2z1_ros2/example/install/unitree_ros2_example/bin/low_level_ctrl
-- Up-to-date: /home/vi/lxy/b2+z1/b2z1_ros2/example/install/unitree_ros2_example/bin/low_level_ctrl_hg
-- Up-to-date: /home/vi/lxy/b2+z1/b2z1_ros2/example/install/unitree_ros2_example/bin/g1_low_level_example
-- Up-to-date: /home/vi/lxy/b2+z1/b2z1_ros2/example/install/unitree_ros2_example/bin/read_low_state
-- Up-to-date: /home/vi/lxy/b2+z1/b2z1_ros2/example/install/unitree_ros2_example/bin/read_low_state_hg
-- Up-to-date: /home/vi/lxy/b2+z1/b2z1_ros2/example/install/unitree_ros2_example/bin/read_motion_state
-- Up-to-date: /home/vi/lxy/b2+z1/b2z1_ros2/example/install/unitree_ros2_example/bin/read_wireless_controller
-- Up-to-date: /home/vi/lxy/b2+z1/b2z1_ros2/example/install/unitree_ros2_example/bin/go2_sport_client
-- Up-to-date: /home/vi/lxy/b2+z1/b2z1_ros2/example/install/unitree_ros2_example/bin/go2_stand_example
-- Up-to-date: /home/vi/lxy/b2+z1/b2z1_ros2/example/install/unitree_ros2_example/bin/b2_sport_client
-- Installing: /home/vi/lxy/b2+z1/b2z1_ros2/example/install/unitree_ros2_example/bin/b2_stand_example
-- Set runtime path of "/home/vi/lxy/b2+z1/b2z1_ros2/example/install/unitree_ros2_example/bin/b2_stand_example" to ""
-- Installing: /home/vi/lxy/b2+z1/b2z1_ros2/example/install/unitree_ros2_example/bin/b2z1_stand_example
-- Set runtime path of "/home/vi/lxy/b2+z1/b2z1_ros2/example/install/unitree_ros2_example/bin/b2z1_stand_example" to ""
-- Up-to-date: /home/vi/lxy/b2+z1/b2z1_ros2/example/install/unitree_ros2_example/bin/b2w_sport_client
-- Up-to-date: /home/vi/lxy/b2+z1/b2z1_ros2/example/install/unitree_ros2_example/bin/b2w_stand_example
-- Up-to-date: /home/vi/lxy/b2+z1/b2z1_ros2/example/install/unitree_ros2_example/bin/go2_robot_state_client
-- Up-to-date: /home/vi/lxy/b2+z1/b2z1_ros2/example/install/unitree_ros2_example/bin/g1_arm_sdk_dds_example
-- Up-to-date: /home/vi/lxy/b2+z1/b2z1_ros2/example/install/unitree_ros2_example/bin/g1_arm_action_example
-- Up-to-date: /home/vi/lxy/b2+z1/b2z1_ros2/example/install/unitree_ros2_example/bin/g1_dex3_example
-- Up-to-date: /home/vi/lxy/b2+z1/b2z1_ros2/example/install/unitree_ros2_example/bin/g1_loco_client_example
-- Up-to-date: /home/vi/lxy/b2+z1/b2z1_ros2/example/install/unitree_ros2_example/bin/g1_ankle_swing_example
-- Up-to-date: /home/vi/lxy/b2+z1/b2z1_ros2/example/install/unitree_ros2_example/bin/g1_dual_arm_example
-- Up-to-date: /home/vi/lxy/b2+z1/b2z1_ros2/example/install/unitree_ros2_example/bin/g1_audio_client_example
-- Up-to-date: /home/vi/lxy/b2+z1/b2z1_ros2/example/install/unitree_ros2_example/share/ament_index/resource_index/package_run_dependencies/unitree_ros2_example
-- Up-to-date: /home/vi/lxy/b2+z1/b2z1_ros2/example/install/unitree_ros2_example/share/ament_index/resource_index/parent_prefix_path/unitree_ros2_example
-- Up-to-date: /home/vi/lxy/b2+z1/b2z1_ros2/example/install/unitree_ros2_example/share/unitree_ros2_example/environment/ament_prefix_path.sh
-- Installing: /home/vi/lxy/b2+z1/b2z1_ros2/example/install/unitree_ros2_example/share/unitree_ros2_example/environment/ament_prefix_path.dsv
-- Up-to-date: /home/vi/lxy/b2+z1/b2z1_ros2/example/install/unitree_ros2_example/share/unitree_ros2_example/environment/path.sh
-- Installing: /home/vi/lxy/b2+z1/b2z1_ros2/example/install/unitree_ros2_example/share/unitree_ros2_example/environment/path.dsv
-- Up-to-date: /home/vi/lxy/b2+z1/b2z1_ros2/example/install/unitree_ros2_example/share/unitree_ros2_example/local_setup.bash
-- Up-to-date: /home/vi/lxy/b2+z1/b2z1_ros2/example/install/unitree_ros2_example/share/unitree_ros2_example/local_setup.sh
-- Up-to-date: /home/vi/lxy/b2+z1/b2z1_ros2/example/install/unitree_ros2_example/share/unitree_ros2_example/local_setup.zsh
-- Installing: /home/vi/lxy/b2+z1/b2z1_ros2/example/install/unitree_ros2_example/share/unitree_ros2_example/local_setup.dsv
-- Installing: /home/vi/lxy/b2+z1/b2z1_ros2/example/install/unitree_ros2_example/share/unitree_ros2_example/package.dsv
-- Up-to-date: /home/vi/lxy/b2+z1/b2z1_ros2/example/install/unitree_ros2_example/share/ament_index/resource_index/packages/unitree_ros2_example
-- Up-to-date: /home/vi/lxy/b2+z1/b2z1_ros2/example/install/unitree_ros2_example/share/unitree_ros2_example/cmake/unitree_ros2_exampleConfig.cmake
-- Up-to-date: /home/vi/lxy/b2+z1/b2z1_ros2/example/install/unitree_ros2_example/share/unitree_ros2_example/cmake/unitree_ros2_exampleConfig-version.cmake
-- Up-to-date: /home/vi/lxy/b2+z1/b2z1_ros2/example/install/unitree_ros2_example/share/unitree_ros2_example/package.xml
