[0.010s] Invoking command in '/home/vi/lxy/b2+z1/b2z1_ros2/example/build/unitree_ros2_example': CMAKE_PREFIX_PATH=${CMAKE_PREFIX_PATH}:/opt/ros/humble /usr/bin/cmake /home/vi/lxy/b2+z1/b2z1_ros2/example/src -DCMAKE_INSTALL_PREFIX=/home/vi/lxy/b2+z1/b2z1_ros2/example/install/unitree_ros2_example
[0.066s] -- The C compiler identification is GNU 11.4.0
[0.117s] -- The CXX compiler identification is GNU 11.4.0
[0.126s] -- Detecting C compiler ABI info
[0.201s] -- Detecting C compiler ABI info - done
[0.213s] -- Check for working C compiler: /usr/bin/cc - skipped
[0.214s] -- Detecting C compile features
[0.214s] -- Detecting C compile features - done
[0.219s] -- Detecting CXX compiler ABI info
[0.304s] -- Detecting CXX compiler ABI info - done
[0.317s] -- Check for working CXX compiler: /usr/bin/c++ - skipped
[0.318s] -- Detecting CXX compile features
[0.318s] -- Detecting CXX compile features - done
[0.319s] -- Found z1_sdk at /home/vi/lxy/b2+z1/b2z1_ros2/example/src/../../../z1_sdk
[0.323s] -- Found ament_cmake: 1.3.14 (/opt/ros/humble/share/ament_cmake/cmake)
[0.462s] -- Found Python3: /usr/bin/python3 (found version "3.10.12") found components: Interpreter 
[0.560s] -- Found unitree_go: 0.0.0 (/home/vi/lxy/b2+z1/b2z1_ros2/cyclonedds_ws/install/unitree_go/share/unitree_go/cmake)
[0.606s] -- Found rosidl_generator_c: 3.1.8 (/opt/ros/humble/share/rosidl_generator_c/cmake)
[0.611s] -- Found rosidl_adapter: 3.1.8 (/opt/ros/humble/share/rosidl_adapter/cmake)
[0.619s] -- Found rosidl_generator_cpp: 3.1.8 (/opt/ros/humble/share/rosidl_generator_cpp/cmake)
[0.629s] -- Using all available rosidl_typesupport_c: rosidl_typesupport_fastrtps_c;rosidl_typesupport_introspection_c
[0.643s] -- Using all available rosidl_typesupport_cpp: rosidl_typesupport_fastrtps_cpp;rosidl_typesupport_introspection_cpp
[0.688s] -- Found unitree_hg: 0.0.0 (/home/vi/lxy/b2+z1/b2z1_ros2/cyclonedds_ws/install/unitree_hg/share/unitree_hg/cmake)
[0.699s] -- Found unitree_api: 0.0.0 (/home/vi/lxy/b2+z1/b2z1_ros2/cyclonedds_ws/install/unitree_api/share/unitree_api/cmake)
[0.710s] -- Found rclcpp: 16.0.19 (/opt/ros/humble/share/rclcpp/cmake)
[0.744s] -- Found rmw_implementation_cmake: 6.1.2 (/opt/ros/humble/share/rmw_implementation_cmake/cmake)
[0.746s] -- Found rmw_fastrtps_cpp: 6.2.10 (/opt/ros/humble/share/rmw_fastrtps_cpp/cmake)
[0.846s] -- Found OpenSSL: /usr/lib/x86_64-linux-gnu/libcrypto.so (found version "3.0.2")  
[0.871s] -- Found FastRTPS: /opt/ros/humble/include  
[0.914s] -- Using RMW implementation 'rmw_fastrtps_cpp' as default
[0.922s] -- Looking for pthread.h
[0.999s] -- Looking for pthread.h - found
[1.000s] -- Performing Test CMAKE_HAVE_LIBC_PTHREAD
[1.073s] -- Performing Test CMAKE_HAVE_LIBC_PTHREAD - Success
[1.074s] -- Found Threads: TRUE  
[1.107s] -- Found rosbag2_cpp: 0.15.16 (/opt/ros/humble/share/rosbag2_cpp/cmake)
[1.183s] -- Found yaml-cpp version 0.7.0
[1.187s] -- Found ament_lint_auto: 0.12.15 (/opt/ros/humble/share/ament_lint_auto/cmake)
[1.252s] -- Added test 'copyright' to check source files copyright and LICENSE
[1.259s] -- Added test 'cppcheck' to perform static code analysis on C / C++ code
[1.261s] -- Configured cppcheck include dirs: 
[1.261s] -- Configured cppcheck exclude dirs and/or files: 
[1.268s] -- Added test 'cpplint' to check C / C++ code against the Google style
[1.268s] -- Configured cpplint exclude dirs and/or files: 
[1.271s] -- Added test 'lint_cmake' to check CMake code style
[1.278s] -- Added test 'uncrustify' to check C / C++ code style
[1.278s] -- Configured uncrustify additional arguments: 
[1.279s] -- Added test 'xmllint' to check XML markup files
[1.280s] -- Configuring done
[1.395s] -- Generating done
[1.431s] -- Build files have been written to: /home/vi/lxy/b2+z1/b2z1_ros2/example/build/unitree_ros2_example
[1.443s] Invoked command in '/home/vi/lxy/b2+z1/b2z1_ros2/example/build/unitree_ros2_example' returned '0': CMAKE_PREFIX_PATH=${CMAKE_PREFIX_PATH}:/opt/ros/humble /usr/bin/cmake /home/vi/lxy/b2+z1/b2z1_ros2/example/src -DCMAKE_INSTALL_PREFIX=/home/vi/lxy/b2+z1/b2z1_ros2/example/install/unitree_ros2_example
[1.444s] Invoking command in '/home/vi/lxy/b2+z1/b2z1_ros2/example/build/unitree_ros2_example': CMAKE_PREFIX_PATH=${CMAKE_PREFIX_PATH}:/opt/ros/humble /usr/bin/cmake --build /home/vi/lxy/b2+z1/b2z1_ros2/example/build/unitree_ros2_example -- -j128 -l128
[1.502s] Consolidate compiler generated dependencies of target read_low_state
[1.511s] [  1%] Building CXX object CMakeFiles/b2z1_stand_example.dir/src/b2/b2z1_stand_example.cpp.o
[1.512s] Consolidate compiler generated dependencies of target low_level_ctrl
[1.513s] [  3%] Building CXX object CMakeFiles/b2z1_stand_example.dir/src/common/motor_crc.cpp.o
[1.515s] Consolidate compiler generated dependencies of target low_level_ctrl_hg
[1.515s] Consolidate compiler generated dependencies of target read_low_state_hg
[1.515s] Consolidate compiler generated dependencies of target read_motion_state
[1.515s] Consolidate compiler generated dependencies of target g1_low_level_example
[1.516s] Consolidate compiler generated dependencies of target read_wireless_controller
[1.518s] [  6%] Built target read_low_state
[1.519s] Consolidate compiler generated dependencies of target g1_audio_client_example
[1.520s] Consolidate compiler generated dependencies of target go2_stand_example
[1.520s] Consolidate compiler generated dependencies of target go2_sport_client
[1.520s] Consolidate compiler generated dependencies of target g1_ankle_swing_example
[1.520s] Consolidate compiler generated dependencies of target go2_robot_state_client
[1.521s] Consolidate compiler generated dependencies of target g1_arm_sdk_dds_example
[1.521s] Consolidate compiler generated dependencies of target g1_arm_action_example
[1.521s] Consolidate compiler generated dependencies of target b2w_sport_client
[1.521s] Consolidate compiler generated dependencies of target b2w_stand_example
[1.522s] Consolidate compiler generated dependencies of target b2_sport_client
[1.522s] Consolidate compiler generated dependencies of target b2_stand_example
[1.522s] Consolidate compiler generated dependencies of target g1_loco_client_example
[1.522s] Consolidate compiler generated dependencies of target g1_dex3_example
[1.522s] Consolidate compiler generated dependencies of target g1_dual_arm_example
[1.527s] [ 11%] Built target low_level_ctrl
[1.530s] [ 16%] Built target low_level_ctrl_hg
[1.530s] [ 19%] Built target read_low_state_hg
[1.535s] [ 22%] Built target read_motion_state
[1.535s] [ 27%] Built target g1_low_level_example
[1.536s] [ 32%] Built target g1_audio_client_example
[1.536s] [ 34%] Built target read_wireless_controller
[1.537s] [ 39%] Built target g1_arm_sdk_dds_example
[1.537s] [ 47%] Built target go2_robot_state_client
[1.537s] [ 49%] Built target go2_stand_example
[1.537s] [ 54%] Built target g1_ankle_swing_example
[1.538s] [ 59%] Built target g1_arm_action_example
[1.539s] [ 63%] Built target go2_sport_client
[1.540s] [ 70%] Built target g1_dex3_example
[1.540s] [ 73%] Built target b2w_sport_client
[1.541s] [ 78%] Built target b2_sport_client
[1.541s] [ 80%] Building CXX object CMakeFiles/b2_stand_example.dir/src/common/motor_crc.cpp.o
[1.541s] [ 88%] Built target b2w_stand_example
[1.541s] [ 95%] Building CXX object CMakeFiles/b2_stand_example.dir/src/b2/b2_stand_example.cpp.o
[1.542s] [ 95%] Built target g1_loco_client_example
[1.542s] [ 96%] Built target g1_dual_arm_example
[4.672s] In file included from /home/vi/lxy/b2+z1/b2z1_ros2/example/src/../../../z1_sdk/include/unitree_arm_sdk/thirdparty/robotics.h:9,
[4.672s]                  from /home/vi/lxy/b2+z1/b2z1_ros2/example/src/../../../z1_sdk/include/unitree_arm_sdk/model/ArmModel.h:5,
[4.672s]                  from /home/vi/lxy/b2+z1/b2z1_ros2/example/src/../../../z1_sdk/include/unitree_arm_sdk/control/ctrlComponents.h:9,
[4.672s]                  from /home/vi/lxy/b2+z1/b2z1_ros2/example/src/../../../z1_sdk/include/unitree_arm_sdk/control/unitreeArm.h:4,
[4.672s]                  from /home/vi/lxy/b2+z1/b2z1_ros2/example/src/src/b2/b2z1_stand_example.cpp:19:
[4.672s] /home/vi/lxy/b2+z1/b2z1_ros2/example/src/../../../z1_sdk/include/unitree_arm_sdk/math/mathTools.h: In constructor ‘UNITREE_ARM::AvgCov::AvgCov(unsigned int, std::string, bool, unsigned int, unsigned int, double)’:
[4.672s] /home/vi/lxy/b2+z1/b2z1_ros2/example/src/../../../z1_sdk/include/unitree_arm_sdk/math/mathTools.h:244:17: warning: ‘UNITREE_ARM::AvgCov::_valueName’ will be initialized after [-Wreorder]
[4.672s]   244 |     std::string _valueName;
[4.672s]       |                 ^~~~~~~~~~
[4.672s] /home/vi/lxy/b2+z1/b2z1_ros2/example/src/../../../z1_sdk/include/unitree_arm_sdk/math/mathTools.h:238:10: warning:   ‘bool UNITREE_ARM::AvgCov::_avgOnly’ [-Wreorder]
[4.673s]   238 |     bool _avgOnly;
[4.673s]       |          ^~~~~~~~
[4.673s] In file included from /home/vi/lxy/b2+z1/b2z1_ros2/example/src/../../../z1_sdk/include/unitree_arm_sdk/thirdparty/robotics.h:9,
[4.673s]                  from /home/vi/lxy/b2+z1/b2z1_ros2/example/src/../../../z1_sdk/include/unitree_arm_sdk/model/ArmModel.h:5,
[4.673s]                  from /home/vi/lxy/b2+z1/b2z1_ros2/example/src/../../../z1_sdk/include/unitree_arm_sdk/control/ctrlComponents.h:9,
[4.673s]                  from /home/vi/lxy/b2+z1/b2z1_ros2/example/src/../../../z1_sdk/include/unitree_arm_sdk/control/unitreeArm.h:4,
[4.673s]                  from /home/vi/lxy/b2+z1/b2z1_ros2/example/src/src/b2/b2z1_stand_example.cpp:19:
[4.673s] /home/vi/lxy/b2+z1/b2z1_ros2/example/src/../../../z1_sdk/include/unitree_arm_sdk/math/mathTools.h:210:5: warning:   when initialized here [-Wreorder]
[4.673s]   210 |     AvgCov(unsigned int size, std::string name, bool avgOnly=false, unsigned int showPeriod=1000, unsigned int waitCount=5000, double zoomFactor=10000)
[4.673s]       |     ^~~~~~
[12.017s] [ 98%] Linking CXX executable b2_stand_example
[12.511s] [ 98%] Built target b2_stand_example
[13.129s] [100%] Linking CXX executable b2z1_stand_example
[13.629s] [100%] Built target b2z1_stand_example
[13.643s] Invoked command in '/home/vi/lxy/b2+z1/b2z1_ros2/example/build/unitree_ros2_example' returned '0': CMAKE_PREFIX_PATH=${CMAKE_PREFIX_PATH}:/opt/ros/humble /usr/bin/cmake --build /home/vi/lxy/b2+z1/b2z1_ros2/example/build/unitree_ros2_example -- -j128 -l128
[13.653s] Invoking command in '/home/vi/lxy/b2+z1/b2z1_ros2/example/build/unitree_ros2_example': CMAKE_PREFIX_PATH=${CMAKE_PREFIX_PATH}:/opt/ros/humble /usr/bin/cmake --install /home/vi/lxy/b2+z1/b2z1_ros2/example/build/unitree_ros2_example
[13.660s] -- Install configuration: ""
[13.660s] -- Up-to-date: /home/vi/lxy/b2+z1/b2z1_ros2/example/install/unitree_ros2_example/bin/low_level_ctrl
[13.661s] -- Up-to-date: /home/vi/lxy/b2+z1/b2z1_ros2/example/install/unitree_ros2_example/bin/low_level_ctrl_hg
[13.661s] -- Up-to-date: /home/vi/lxy/b2+z1/b2z1_ros2/example/install/unitree_ros2_example/bin/g1_low_level_example
[13.661s] -- Up-to-date: /home/vi/lxy/b2+z1/b2z1_ros2/example/install/unitree_ros2_example/bin/read_low_state
[13.662s] -- Up-to-date: /home/vi/lxy/b2+z1/b2z1_ros2/example/install/unitree_ros2_example/bin/read_low_state_hg
[13.662s] -- Up-to-date: /home/vi/lxy/b2+z1/b2z1_ros2/example/install/unitree_ros2_example/bin/read_motion_state
[13.662s] -- Up-to-date: /home/vi/lxy/b2+z1/b2z1_ros2/example/install/unitree_ros2_example/bin/read_wireless_controller
[13.663s] -- Up-to-date: /home/vi/lxy/b2+z1/b2z1_ros2/example/install/unitree_ros2_example/bin/go2_sport_client
[13.663s] -- Up-to-date: /home/vi/lxy/b2+z1/b2z1_ros2/example/install/unitree_ros2_example/bin/go2_stand_example
[13.663s] -- Up-to-date: /home/vi/lxy/b2+z1/b2z1_ros2/example/install/unitree_ros2_example/bin/b2_sport_client
[13.664s] -- Installing: /home/vi/lxy/b2+z1/b2z1_ros2/example/install/unitree_ros2_example/bin/b2_stand_example
[13.672s] -- Set runtime path of "/home/vi/lxy/b2+z1/b2z1_ros2/example/install/unitree_ros2_example/bin/b2_stand_example" to ""
[13.673s] -- Installing: /home/vi/lxy/b2+z1/b2z1_ros2/example/install/unitree_ros2_example/bin/b2z1_stand_example
[13.680s] -- Set runtime path of "/home/vi/lxy/b2+z1/b2z1_ros2/example/install/unitree_ros2_example/bin/b2z1_stand_example" to ""
[13.681s] -- Up-to-date: /home/vi/lxy/b2+z1/b2z1_ros2/example/install/unitree_ros2_example/bin/b2w_sport_client
[13.681s] -- Up-to-date: /home/vi/lxy/b2+z1/b2z1_ros2/example/install/unitree_ros2_example/bin/b2w_stand_example
[13.681s] -- Up-to-date: /home/vi/lxy/b2+z1/b2z1_ros2/example/install/unitree_ros2_example/bin/go2_robot_state_client
[13.681s] -- Up-to-date: /home/vi/lxy/b2+z1/b2z1_ros2/example/install/unitree_ros2_example/bin/g1_arm_sdk_dds_example
[13.682s] -- Up-to-date: /home/vi/lxy/b2+z1/b2z1_ros2/example/install/unitree_ros2_example/bin/g1_arm_action_example
[13.682s] -- Up-to-date: /home/vi/lxy/b2+z1/b2z1_ros2/example/install/unitree_ros2_example/bin/g1_dex3_example
[13.682s] -- Up-to-date: /home/vi/lxy/b2+z1/b2z1_ros2/example/install/unitree_ros2_example/bin/g1_loco_client_example
[13.683s] -- Up-to-date: /home/vi/lxy/b2+z1/b2z1_ros2/example/install/unitree_ros2_example/bin/g1_ankle_swing_example
[13.683s] -- Up-to-date: /home/vi/lxy/b2+z1/b2z1_ros2/example/install/unitree_ros2_example/bin/g1_dual_arm_example
[13.683s] -- Up-to-date: /home/vi/lxy/b2+z1/b2z1_ros2/example/install/unitree_ros2_example/bin/g1_audio_client_example
[13.684s] -- Up-to-date: /home/vi/lxy/b2+z1/b2z1_ros2/example/install/unitree_ros2_example/share/ament_index/resource_index/package_run_dependencies/unitree_ros2_example
[13.684s] -- Up-to-date: /home/vi/lxy/b2+z1/b2z1_ros2/example/install/unitree_ros2_example/share/ament_index/resource_index/parent_prefix_path/unitree_ros2_example
[13.684s] -- Up-to-date: /home/vi/lxy/b2+z1/b2z1_ros2/example/install/unitree_ros2_example/share/unitree_ros2_example/environment/ament_prefix_path.sh
[13.684s] -- Installing: /home/vi/lxy/b2+z1/b2z1_ros2/example/install/unitree_ros2_example/share/unitree_ros2_example/environment/ament_prefix_path.dsv
[13.684s] -- Up-to-date: /home/vi/lxy/b2+z1/b2z1_ros2/example/install/unitree_ros2_example/share/unitree_ros2_example/environment/path.sh
[13.685s] -- Installing: /home/vi/lxy/b2+z1/b2z1_ros2/example/install/unitree_ros2_example/share/unitree_ros2_example/environment/path.dsv
[13.685s] -- Up-to-date: /home/vi/lxy/b2+z1/b2z1_ros2/example/install/unitree_ros2_example/share/unitree_ros2_example/local_setup.bash
[13.685s] -- Up-to-date: /home/vi/lxy/b2+z1/b2z1_ros2/example/install/unitree_ros2_example/share/unitree_ros2_example/local_setup.sh
[13.685s] -- Up-to-date: /home/vi/lxy/b2+z1/b2z1_ros2/example/install/unitree_ros2_example/share/unitree_ros2_example/local_setup.zsh
[13.685s] -- Installing: /home/vi/lxy/b2+z1/b2z1_ros2/example/install/unitree_ros2_example/share/unitree_ros2_example/local_setup.dsv
[13.685s] -- Installing: /home/vi/lxy/b2+z1/b2z1_ros2/example/install/unitree_ros2_example/share/unitree_ros2_example/package.dsv
[13.685s] -- Up-to-date: /home/vi/lxy/b2+z1/b2z1_ros2/example/install/unitree_ros2_example/share/ament_index/resource_index/packages/unitree_ros2_example
[13.685s] -- Up-to-date: /home/vi/lxy/b2+z1/b2z1_ros2/example/install/unitree_ros2_example/share/unitree_ros2_example/cmake/unitree_ros2_exampleConfig.cmake
[13.686s] -- Up-to-date: /home/vi/lxy/b2+z1/b2z1_ros2/example/install/unitree_ros2_example/share/unitree_ros2_example/cmake/unitree_ros2_exampleConfig-version.cmake
[13.686s] -- Up-to-date: /home/vi/lxy/b2+z1/b2z1_ros2/example/install/unitree_ros2_example/share/unitree_ros2_example/package.xml
[30.018s] Invoked command in '/home/vi/lxy/b2+z1/b2z1_ros2/example/build/unitree_ros2_example' returned '0': CMAKE_PREFIX_PATH=${CMAKE_PREFIX_PATH}:/opt/ros/humble /usr/bin/cmake --install /home/vi/lxy/b2+z1/b2z1_ros2/example/build/unitree_ros2_example
