-- The C compiler identification is GNU 11.4.0
-- The CXX compiler identification is GNU 11.4.0
-- Detecting C compiler ABI info
-- Detecting C compiler ABI info - done
-- Check for working C compiler: /usr/bin/cc - skipped
-- Detecting C compile features
-- Detecting C compile features - done
-- Detecting CXX compiler ABI info
-- Detecting CXX compiler ABI info - done
-- Check for working CXX compiler: /usr/bin/c++ - skipped
-- Detecting CXX compile features
-- Detecting CXX compile features - done
-- Found ament_cmake: 1.3.14 (/opt/ros/humble/share/ament_cmake/cmake)
-- Found Python3: /usr/bin/python3 (found version "3.10.12") found components: Interpreter 
-- Found geometry_msgs: 4.9.1 (/opt/ros/humble/share/geometry_msgs/cmake)
-- Found rosidl_generator_c: 3.1.8 (/opt/ros/humble/share/rosidl_generator_c/cmake)
-- Found rosidl_adapter: 3.1.8 (/opt/ros/humble/share/rosidl_adapter/cmake)
-- Found rosidl_generator_cpp: 3.1.8 (/opt/ros/humble/share/rosidl_generator_cpp/cmake)
-- Using all available rosidl_typesupport_c: rosidl_typesupport_fastrtps_c;rosidl_typesupport_introspection_c
-- Using all available rosidl_typesupport_cpp: rosidl_typesupport_fastrtps_cpp;rosidl_typesupport_introspection_cpp
-- Found rosidl_default_generators: 1.2.1 (/opt/ros/humble/share/rosidl_default_generators/cmake)
-- Found rosidl_generator_dds_idl: 0.8.1 (/opt/ros/humble/share/rosidl_generator_dds_idl/cmake)
-- Found ament_cmake_ros: 0.10.0 (/opt/ros/humble/share/ament_cmake_ros/cmake)
-- Using all available rosidl_typesupport_c: rosidl_typesupport_fastrtps_c;rosidl_typesupport_introspection_c
-- Using all available rosidl_typesupport_cpp: rosidl_typesupport_fastrtps_cpp;rosidl_typesupport_introspection_cpp
-- Found PythonInterp: /usr/bin/python3 (found suitable version "3.10.12", minimum required is "3.6") 
-- Found python_cmake_module: 0.10.0 (/opt/ros/humble/share/python_cmake_module/cmake)
-- Found PythonLibs: /usr/lib/x86_64-linux-gnu/libpython3.10.so (found suitable version "3.10.12", minimum required is "3.5") 
-- Using PYTHON_EXECUTABLE: /usr/bin/python3
-- Using PYTHON_INCLUDE_DIRS: /usr/include/python3.10
-- Using PYTHON_LIBRARIES: /usr/lib/x86_64-linux-gnu/libpython3.10.so
-- Found PythonExtra: .so  
-- Found ament_lint_auto: 0.12.15 (/opt/ros/humble/share/ament_lint_auto/cmake)
-- Added test 'copyright' to check source files copyright and LICENSE
-- Added test 'lint_cmake' to check CMake code style
-- Added test 'xmllint' to check XML markup files
-- Configuring done
-- Generating done
-- Build files have been written to: /home/vi/lxy/b2+z1/b2z1_ros2/cyclonedds_ws/build/unitree_hg
[  1%] Generating C code for ROS interfaces
[  2%] Generating Rust code for ROS interfaces
[  3%] Generating DDS interfaces
[  3%] Generating C++ code for ROS interfaces
[  3%] Built target ament_cmake_python_copy_unitree_hg
running egg_info
creating unitree_hg.egg-info
writing unitree_hg.egg-info/PKG-INFO
writing dependency_links to unitree_hg.egg-info/dependency_links.txt
writing top-level names to unitree_hg.egg-info/top_level.txt
writing manifest file 'unitree_hg.egg-info/SOURCES.txt'
reading manifest file 'unitree_hg.egg-info/SOURCES.txt'
writing manifest file 'unitree_hg.egg-info/SOURCES.txt'
[  3%] Built target ament_cmake_python_build_unitree_hg_egg
[  3%] Built target unitree_hg__rs
[  3%] Built target unitree_hg__dds_connext_idl
[  3%] Built target unitree_hg__cpp
[  4%] Generating C++ introspection for ROS interfaces
[  4%] Generating C++ type support dispatch for ROS interfaces
[  5%] Generating C++ type support for eProsima Fast-RTPS
[  6%] Building C object CMakeFiles/unitree_hg__rosidl_generator_c.dir/rosidl_generator_c/unitree_hg/msg/detail/bms_cmd__functions.c.o
[  7%] Building C object CMakeFiles/unitree_hg__rosidl_generator_c.dir/rosidl_generator_c/unitree_hg/msg/detail/hand_cmd__functions.c.o
[  8%] Building C object CMakeFiles/unitree_hg__rosidl_generator_c.dir/rosidl_generator_c/unitree_hg/msg/detail/bms_state__functions.c.o
[  8%] Building C object CMakeFiles/unitree_hg__rosidl_generator_c.dir/rosidl_generator_c/unitree_hg/msg/detail/imu_state__functions.c.o
[ 10%] Building C object CMakeFiles/unitree_hg__rosidl_generator_c.dir/rosidl_generator_c/unitree_hg/msg/detail/low_cmd__functions.c.o
[ 10%] Building C object CMakeFiles/unitree_hg__rosidl_generator_c.dir/rosidl_generator_c/unitree_hg/msg/detail/low_state__functions.c.o
[ 11%] Building C object CMakeFiles/unitree_hg__rosidl_generator_c.dir/rosidl_generator_c/unitree_hg/msg/detail/hand_state__functions.c.o
[ 12%] Building C object CMakeFiles/unitree_hg__rosidl_generator_c.dir/rosidl_generator_c/unitree_hg/msg/detail/motor_cmd__functions.c.o
[ 13%] Building C object CMakeFiles/unitree_hg__rosidl_generator_c.dir/rosidl_generator_c/unitree_hg/msg/detail/press_sensor_state__functions.c.o
[ 14%] Building C object CMakeFiles/unitree_hg__rosidl_generator_c.dir/rosidl_generator_c/unitree_hg/msg/detail/main_board_state__functions.c.o
[ 15%] Building C object CMakeFiles/unitree_hg__rosidl_generator_c.dir/rosidl_generator_c/unitree_hg/msg/detail/motor_state__functions.c.o
[ 16%] Linking C shared library libunitree_hg__rosidl_generator_c.so
[ 16%] Built target unitree_hg__rosidl_generator_c
[ 17%] Generating C type support for eProsima Fast-RTPS
[ 18%] Generating C type support dispatch for ROS interfaces
[ 19%] Generating C introspection for ROS interfaces
[ 20%] Building CXX object CMakeFiles/unitree_hg__rosidl_typesupport_cpp.dir/rosidl_typesupport_cpp/unitree_hg/msg/bms_cmd__type_support.cpp.o
[ 21%] Building CXX object CMakeFiles/unitree_hg__rosidl_typesupport_cpp.dir/rosidl_typesupport_cpp/unitree_hg/msg/hand_cmd__type_support.cpp.o
[ 22%] Building CXX object CMakeFiles/unitree_hg__rosidl_typesupport_cpp.dir/rosidl_typesupport_cpp/unitree_hg/msg/hand_state__type_support.cpp.o
[ 23%] Building CXX object CMakeFiles/unitree_hg__rosidl_typesupport_cpp.dir/rosidl_typesupport_cpp/unitree_hg/msg/bms_state__type_support.cpp.o
[ 24%] Building CXX object CMakeFiles/unitree_hg__rosidl_typesupport_cpp.dir/rosidl_typesupport_cpp/unitree_hg/msg/imu_state__type_support.cpp.o
[ 26%] Building CXX object CMakeFiles/unitree_hg__rosidl_typesupport_cpp.dir/rosidl_typesupport_cpp/unitree_hg/msg/motor_state__type_support.cpp.o
[ 26%] Building CXX object CMakeFiles/unitree_hg__rosidl_typesupport_cpp.dir/rosidl_typesupport_cpp/unitree_hg/msg/main_board_state__type_support.cpp.o
[ 27%] Building CXX object CMakeFiles/unitree_hg__rosidl_typesupport_cpp.dir/rosidl_typesupport_cpp/unitree_hg/msg/press_sensor_state__type_support.cpp.o
[ 27%] Building CXX object CMakeFiles/unitree_hg__rosidl_typesupport_cpp.dir/rosidl_typesupport_cpp/unitree_hg/msg/motor_cmd__type_support.cpp.o
[ 28%] Building CXX object CMakeFiles/unitree_hg__rosidl_typesupport_cpp.dir/rosidl_typesupport_cpp/unitree_hg/msg/low_state__type_support.cpp.o
[ 29%] Building CXX object CMakeFiles/unitree_hg__rosidl_typesupport_cpp.dir/rosidl_typesupport_cpp/unitree_hg/msg/low_cmd__type_support.cpp.o
[ 32%] Building CXX object CMakeFiles/unitree_hg__rosidl_typesupport_introspection_cpp.dir/rosidl_typesupport_introspection_cpp/unitree_hg/msg/detail/bms_state__type_support.cpp.o
[ 32%] Building CXX object CMakeFiles/unitree_hg__rosidl_typesupport_introspection_cpp.dir/rosidl_typesupport_introspection_cpp/unitree_hg/msg/detail/hand_cmd__type_support.cpp.o
[ 32%] Building CXX object CMakeFiles/unitree_hg__rosidl_typesupport_introspection_cpp.dir/rosidl_typesupport_introspection_cpp/unitree_hg/msg/detail/bms_cmd__type_support.cpp.o
[ 33%] Building CXX object CMakeFiles/unitree_hg__rosidl_typesupport_introspection_cpp.dir/rosidl_typesupport_introspection_cpp/unitree_hg/msg/detail/hand_state__type_support.cpp.o
[ 34%] Building CXX object CMakeFiles/unitree_hg__rosidl_typesupport_introspection_cpp.dir/rosidl_typesupport_introspection_cpp/unitree_hg/msg/detail/main_board_state__type_support.cpp.o
[ 34%] Building CXX object CMakeFiles/unitree_hg__rosidl_typesupport_introspection_cpp.dir/rosidl_typesupport_introspection_cpp/unitree_hg/msg/detail/imu_state__type_support.cpp.o
[ 35%] Building CXX object CMakeFiles/unitree_hg__rosidl_typesupport_introspection_cpp.dir/rosidl_typesupport_introspection_cpp/unitree_hg/msg/detail/low_state__type_support.cpp.o
[ 36%] Building CXX object CMakeFiles/unitree_hg__rosidl_typesupport_introspection_cpp.dir/rosidl_typesupport_introspection_cpp/unitree_hg/msg/detail/low_cmd__type_support.cpp.o
[ 37%] Building CXX object CMakeFiles/unitree_hg__rosidl_typesupport_introspection_cpp.dir/rosidl_typesupport_introspection_cpp/unitree_hg/msg/detail/motor_state__type_support.cpp.o
[ 38%] Building CXX object CMakeFiles/unitree_hg__rosidl_typesupport_introspection_cpp.dir/rosidl_typesupport_introspection_cpp/unitree_hg/msg/detail/press_sensor_state__type_support.cpp.o
[ 39%] Building CXX object CMakeFiles/unitree_hg__rosidl_typesupport_introspection_cpp.dir/rosidl_typesupport_introspection_cpp/unitree_hg/msg/detail/motor_cmd__type_support.cpp.o
[ 40%] Building CXX object CMakeFiles/unitree_hg__rosidl_typesupport_c.dir/rosidl_typesupport_c/unitree_hg/msg/bms_cmd__type_support.cpp.o
[ 41%] Building CXX object CMakeFiles/unitree_hg__rosidl_typesupport_c.dir/rosidl_typesupport_c/unitree_hg/msg/bms_state__type_support.cpp.o
[ 42%] Building CXX object CMakeFiles/unitree_hg__rosidl_typesupport_c.dir/rosidl_typesupport_c/unitree_hg/msg/hand_cmd__type_support.cpp.o
[ 43%] Building CXX object CMakeFiles/unitree_hg__rosidl_typesupport_c.dir/rosidl_typesupport_c/unitree_hg/msg/hand_state__type_support.cpp.o
[ 43%] Building CXX object CMakeFiles/unitree_hg__rosidl_typesupport_c.dir/rosidl_typesupport_c/unitree_hg/msg/low_cmd__type_support.cpp.o
[ 44%] Building CXX object CMakeFiles/unitree_hg__rosidl_typesupport_c.dir/rosidl_typesupport_c/unitree_hg/msg/imu_state__type_support.cpp.o
[ 45%] Building CXX object CMakeFiles/unitree_hg__rosidl_typesupport_c.dir/rosidl_typesupport_c/unitree_hg/msg/low_state__type_support.cpp.o
[ 46%] Building CXX object CMakeFiles/unitree_hg__rosidl_typesupport_c.dir/rosidl_typesupport_c/unitree_hg/msg/main_board_state__type_support.cpp.o
[ 47%] Building CXX object CMakeFiles/unitree_hg__rosidl_typesupport_c.dir/rosidl_typesupport_c/unitree_hg/msg/motor_cmd__type_support.cpp.o
[ 48%] Building CXX object CMakeFiles/unitree_hg__rosidl_typesupport_c.dir/rosidl_typesupport_c/unitree_hg/msg/motor_state__type_support.cpp.o
[ 49%] Building CXX object CMakeFiles/unitree_hg__rosidl_typesupport_c.dir/rosidl_typesupport_c/unitree_hg/msg/press_sensor_state__type_support.cpp.o
[ 50%] Linking CXX shared library libunitree_hg__rosidl_typesupport_c.so
[ 51%] Building CXX object CMakeFiles/unitree_hg__rosidl_typesupport_fastrtps_cpp.dir/rosidl_typesupport_fastrtps_cpp/unitree_hg/msg/detail/dds_fastrtps/bms_state__type_support.cpp.o
[ 52%] Building CXX object CMakeFiles/unitree_hg__rosidl_typesupport_fastrtps_cpp.dir/rosidl_typesupport_fastrtps_cpp/unitree_hg/msg/detail/dds_fastrtps/bms_cmd__type_support.cpp.o
[ 53%] Building CXX object CMakeFiles/unitree_hg__rosidl_typesupport_fastrtps_cpp.dir/rosidl_typesupport_fastrtps_cpp/unitree_hg/msg/detail/dds_fastrtps/hand_cmd__type_support.cpp.o
[ 54%] Building CXX object CMakeFiles/unitree_hg__rosidl_typesupport_fastrtps_cpp.dir/rosidl_typesupport_fastrtps_cpp/unitree_hg/msg/detail/dds_fastrtps/imu_state__type_support.cpp.o
[ 55%] Building CXX object CMakeFiles/unitree_hg__rosidl_typesupport_fastrtps_cpp.dir/rosidl_typesupport_fastrtps_cpp/unitree_hg/msg/detail/dds_fastrtps/hand_state__type_support.cpp.o
[ 55%] Building CXX object CMakeFiles/unitree_hg__rosidl_typesupport_fastrtps_cpp.dir/rosidl_typesupport_fastrtps_cpp/unitree_hg/msg/detail/dds_fastrtps/low_state__type_support.cpp.o
[ 56%] Building CXX object CMakeFiles/unitree_hg__rosidl_typesupport_fastrtps_cpp.dir/rosidl_typesupport_fastrtps_cpp/unitree_hg/msg/detail/dds_fastrtps/low_cmd__type_support.cpp.o
[ 57%] Building CXX object CMakeFiles/unitree_hg__rosidl_typesupport_fastrtps_cpp.dir/rosidl_typesupport_fastrtps_cpp/unitree_hg/msg/detail/dds_fastrtps/main_board_state__type_support.cpp.o
[ 58%] Building CXX object CMakeFiles/unitree_hg__rosidl_typesupport_fastrtps_cpp.dir/rosidl_typesupport_fastrtps_cpp/unitree_hg/msg/detail/dds_fastrtps/motor_state__type_support.cpp.o
[ 60%] Building CXX object CMakeFiles/unitree_hg__rosidl_typesupport_fastrtps_cpp.dir/rosidl_typesupport_fastrtps_cpp/unitree_hg/msg/detail/dds_fastrtps/motor_cmd__type_support.cpp.o
[ 60%] Building CXX object CMakeFiles/unitree_hg__rosidl_typesupport_fastrtps_cpp.dir/rosidl_typesupport_fastrtps_cpp/unitree_hg/msg/detail/dds_fastrtps/press_sensor_state__type_support.cpp.o
[ 60%] Built target unitree_hg__rosidl_typesupport_c
[ 61%] Linking CXX shared library libunitree_hg__rosidl_typesupport_cpp.so
[ 62%] Building C object CMakeFiles/unitree_hg__rosidl_typesupport_introspection_c.dir/rosidl_typesupport_introspection_c/unitree_hg/msg/detail/bms_cmd__type_support.c.o
[ 63%] Building CXX object CMakeFiles/unitree_hg__rosidl_typesupport_fastrtps_c.dir/rosidl_typesupport_fastrtps_c/unitree_hg/msg/detail/hand_state__type_support_c.cpp.o
[ 65%] Building CXX object CMakeFiles/unitree_hg__rosidl_typesupport_fastrtps_c.dir/rosidl_typesupport_fastrtps_c/unitree_hg/msg/detail/bms_state__type_support_c.cpp.o
[ 65%] Building C object CMakeFiles/unitree_hg__rosidl_typesupport_introspection_c.dir/rosidl_typesupport_introspection_c/unitree_hg/msg/detail/hand_state__type_support.c.o
[ 65%] Building CXX object CMakeFiles/unitree_hg__rosidl_typesupport_fastrtps_c.dir/rosidl_typesupport_fastrtps_c/unitree_hg/msg/detail/bms_cmd__type_support_c.cpp.o
[ 66%] Building C object CMakeFiles/unitree_hg__rosidl_typesupport_introspection_c.dir/rosidl_typesupport_introspection_c/unitree_hg/msg/detail/hand_cmd__type_support.c.o
[ 67%] Building CXX object CMakeFiles/unitree_hg__rosidl_typesupport_fastrtps_c.dir/rosidl_typesupport_fastrtps_c/unitree_hg/msg/detail/hand_cmd__type_support_c.cpp.o
[ 68%] Building CXX object CMakeFiles/unitree_hg__rosidl_typesupport_fastrtps_c.dir/rosidl_typesupport_fastrtps_c/unitree_hg/msg/detail/low_cmd__type_support_c.cpp.o
[ 69%] Building CXX object CMakeFiles/unitree_hg__rosidl_typesupport_fastrtps_c.dir/rosidl_typesupport_fastrtps_c/unitree_hg/msg/detail/imu_state__type_support_c.cpp.o
[ 70%] Building C object CMakeFiles/unitree_hg__rosidl_typesupport_introspection_c.dir/rosidl_typesupport_introspection_c/unitree_hg/msg/detail/imu_state__type_support.c.o
[ 71%] Building CXX object CMakeFiles/unitree_hg__rosidl_typesupport_fastrtps_c.dir/rosidl_typesupport_fastrtps_c/unitree_hg/msg/detail/main_board_state__type_support_c.cpp.o
[ 72%] Building C object CMakeFiles/unitree_hg__rosidl_typesupport_introspection_c.dir/rosidl_typesupport_introspection_c/unitree_hg/msg/detail/main_board_state__type_support.c.o
[ 73%] Building CXX object CMakeFiles/unitree_hg__rosidl_typesupport_fastrtps_c.dir/rosidl_typesupport_fastrtps_c/unitree_hg/msg/detail/press_sensor_state__type_support_c.cpp.o
[ 74%] Building C object CMakeFiles/unitree_hg__rosidl_typesupport_introspection_c.dir/rosidl_typesupport_introspection_c/unitree_hg/msg/detail/low_cmd__type_support.c.o
[ 74%] Building C object CMakeFiles/unitree_hg__rosidl_typesupport_introspection_c.dir/rosidl_typesupport_introspection_c/unitree_hg/msg/detail/press_sensor_state__type_support.c.o
[ 75%] Building C object CMakeFiles/unitree_hg__rosidl_typesupport_introspection_c.dir/rosidl_typesupport_introspection_c/unitree_hg/msg/detail/low_state__type_support.c.o
[ 76%] Building C object CMakeFiles/unitree_hg__rosidl_typesupport_introspection_c.dir/rosidl_typesupport_introspection_c/unitree_hg/msg/detail/motor_state__type_support.c.o
[ 77%] Building CXX object CMakeFiles/unitree_hg__rosidl_typesupport_fastrtps_c.dir/rosidl_typesupport_fastrtps_c/unitree_hg/msg/detail/motor_state__type_support_c.cpp.o
[ 78%] Building CXX object CMakeFiles/unitree_hg__rosidl_typesupport_fastrtps_c.dir/rosidl_typesupport_fastrtps_c/unitree_hg/msg/detail/motor_cmd__type_support_c.cpp.o
[ 78%] Building C object CMakeFiles/unitree_hg__rosidl_typesupport_introspection_c.dir/rosidl_typesupport_introspection_c/unitree_hg/msg/detail/bms_state__type_support.c.o
[ 79%] Building CXX object CMakeFiles/unitree_hg__rosidl_typesupport_fastrtps_c.dir/rosidl_typesupport_fastrtps_c/unitree_hg/msg/detail/low_state__type_support_c.cpp.o
[ 80%] Building C object CMakeFiles/unitree_hg__rosidl_typesupport_introspection_c.dir/rosidl_typesupport_introspection_c/unitree_hg/msg/detail/motor_cmd__type_support.c.o
[ 80%] Built target unitree_hg__rosidl_typesupport_cpp
[ 81%] Linking C shared library libunitree_hg__rosidl_typesupport_introspection_c.so
[ 81%] Built target unitree_hg__rosidl_typesupport_introspection_c
[ 82%] Linking CXX shared library libunitree_hg__rosidl_typesupport_introspection_cpp.so
[ 82%] Built target unitree_hg__rosidl_typesupport_introspection_cpp
[ 83%] Linking CXX shared library libunitree_hg__rosidl_typesupport_fastrtps_cpp.so
[ 84%] Linking CXX shared library libunitree_hg__rosidl_typesupport_fastrtps_c.so
[ 84%] Built target unitree_hg__rosidl_typesupport_fastrtps_cpp
[ 84%] Built target unitree_hg__rosidl_typesupport_fastrtps_c
[ 84%] Built target unitree_hg
[ 85%] Generating Python code for ROS interfaces
[ 85%] Built target unitree_hg__py
[ 86%] Building C object CMakeFiles/unitree_hg__rosidl_generator_py.dir/rosidl_generator_py/unitree_hg/msg/_bms_state_s.c.o
[ 87%] Building C object CMakeFiles/unitree_hg__rosidl_generator_py.dir/rosidl_generator_py/unitree_hg/msg/_imu_state_s.c.o
[ 87%] Building C object CMakeFiles/unitree_hg__rosidl_generator_py.dir/rosidl_generator_py/unitree_hg/msg/_bms_cmd_s.c.o
[ 88%] Building C object CMakeFiles/unitree_hg__rosidl_generator_py.dir/rosidl_generator_py/unitree_hg/msg/_hand_cmd_s.c.o
[ 89%] Building C object CMakeFiles/unitree_hg__rosidl_generator_py.dir/rosidl_generator_py/unitree_hg/msg/_hand_state_s.c.o
[ 89%] Building C object CMakeFiles/unitree_hg__rosidl_generator_py.dir/rosidl_generator_py/unitree_hg/msg/_press_sensor_state_s.c.o
[ 90%] Building C object CMakeFiles/unitree_hg__rosidl_generator_py.dir/rosidl_generator_py/unitree_hg/msg/_low_state_s.c.o
[ 91%] Building C object CMakeFiles/unitree_hg__rosidl_generator_py.dir/rosidl_generator_py/unitree_hg/msg/_low_cmd_s.c.o
[ 92%] Building C object CMakeFiles/unitree_hg__rosidl_generator_py.dir/rosidl_generator_py/unitree_hg/msg/_main_board_state_s.c.o
[ 93%] Building C object CMakeFiles/unitree_hg__rosidl_generator_py.dir/rosidl_generator_py/unitree_hg/msg/_motor_cmd_s.c.o
[ 94%] Building C object CMakeFiles/unitree_hg__rosidl_generator_py.dir/rosidl_generator_py/unitree_hg/msg/_motor_state_s.c.o
[ 95%] Linking C shared library rosidl_generator_py/unitree_hg/libunitree_hg__rosidl_generator_py.so
[ 95%] Built target unitree_hg__rosidl_generator_py
[ 95%] Building C object CMakeFiles/unitree_hg__rosidl_typesupport_fastrtps_c__pyext.dir/rosidl_generator_py/unitree_hg/_unitree_hg_s.ep.rosidl_typesupport_fastrtps_c.c.o
[ 96%] Building C object CMakeFiles/unitree_hg__rosidl_typesupport_introspection_c__pyext.dir/rosidl_generator_py/unitree_hg/_unitree_hg_s.ep.rosidl_typesupport_introspection_c.c.o
[ 97%] Building C object CMakeFiles/unitree_hg__rosidl_typesupport_c__pyext.dir/rosidl_generator_py/unitree_hg/_unitree_hg_s.ep.rosidl_typesupport_c.c.o
[ 98%] Linking C shared library rosidl_generator_py/unitree_hg/unitree_hg_s__rosidl_typesupport_fastrtps_c.cpython-310-x86_64-linux-gnu.so
[ 99%] Linking C shared library rosidl_generator_py/unitree_hg/unitree_hg_s__rosidl_typesupport_introspection_c.cpython-310-x86_64-linux-gnu.so
[100%] Linking C shared library rosidl_generator_py/unitree_hg/unitree_hg_s__rosidl_typesupport_c.cpython-310-x86_64-linux-gnu.so
[100%] Built target unitree_hg__rosidl_typesupport_fastrtps_c__pyext
[100%] Built target unitree_hg__rosidl_typesupport_introspection_c__pyext
[100%] Built target unitree_hg__rosidl_typesupport_c__pyext
-- Install configuration: ""
-- Installing: /home/vi/lxy/b2+z1/b2z1_ros2/cyclonedds_ws/install/unitree_hg/share/ament_index/resource_index/rosidl_interfaces/unitree_hg
-- Installing: /home/vi/lxy/b2+z1/b2z1_ros2/cyclonedds_ws/install/unitree_hg/include/unitree_hg/unitree_hg
-- Installing: /home/vi/lxy/b2+z1/b2z1_ros2/cyclonedds_ws/install/unitree_hg/include/unitree_hg/unitree_hg/msg
-- Installing: /home/vi/lxy/b2+z1/b2z1_ros2/cyclonedds_ws/install/unitree_hg/include/unitree_hg/unitree_hg/msg/bms_cmd.h
-- Installing: /home/vi/lxy/b2+z1/b2z1_ros2/cyclonedds_ws/install/unitree_hg/include/unitree_hg/unitree_hg/msg/hand_cmd.h
-- Installing: /home/vi/lxy/b2+z1/b2z1_ros2/cyclonedds_ws/install/unitree_hg/include/unitree_hg/unitree_hg/msg/low_cmd.h
-- Installing: /home/vi/lxy/b2+z1/b2z1_ros2/cyclonedds_ws/install/unitree_hg/include/unitree_hg/unitree_hg/msg/rosidl_generator_c__visibility_control.h
-- Installing: /home/vi/lxy/b2+z1/b2z1_ros2/cyclonedds_ws/install/unitree_hg/include/unitree_hg/unitree_hg/msg/press_sensor_state.h
-- Installing: /home/vi/lxy/b2+z1/b2z1_ros2/cyclonedds_ws/install/unitree_hg/include/unitree_hg/unitree_hg/msg/bms_state.h
-- Installing: /home/vi/lxy/b2+z1/b2z1_ros2/cyclonedds_ws/install/unitree_hg/include/unitree_hg/unitree_hg/msg/imu_state.h
-- Installing: /home/vi/lxy/b2+z1/b2z1_ros2/cyclonedds_ws/install/unitree_hg/include/unitree_hg/unitree_hg/msg/hand_state.h
-- Installing: /home/vi/lxy/b2+z1/b2z1_ros2/cyclonedds_ws/install/unitree_hg/include/unitree_hg/unitree_hg/msg/motor_cmd.h
-- Installing: /home/vi/lxy/b2+z1/b2z1_ros2/cyclonedds_ws/install/unitree_hg/include/unitree_hg/unitree_hg/msg/main_board_state.h
-- Installing: /home/vi/lxy/b2+z1/b2z1_ros2/cyclonedds_ws/install/unitree_hg/include/unitree_hg/unitree_hg/msg/motor_state.h
-- Installing: /home/vi/lxy/b2+z1/b2z1_ros2/cyclonedds_ws/install/unitree_hg/include/unitree_hg/unitree_hg/msg/detail
-- Installing: /home/vi/lxy/b2+z1/b2z1_ros2/cyclonedds_ws/install/unitree_hg/include/unitree_hg/unitree_hg/msg/detail/bms_state__functions.c
-- Installing: /home/vi/lxy/b2+z1/b2z1_ros2/cyclonedds_ws/install/unitree_hg/include/unitree_hg/unitree_hg/msg/detail/hand_cmd__functions.c
-- Installing: /home/vi/lxy/b2+z1/b2z1_ros2/cyclonedds_ws/install/unitree_hg/include/unitree_hg/unitree_hg/msg/detail/motor_state__functions.h
-- Installing: /home/vi/lxy/b2+z1/b2z1_ros2/cyclonedds_ws/install/unitree_hg/include/unitree_hg/unitree_hg/msg/detail/main_board_state__functions.h
-- Installing: /home/vi/lxy/b2+z1/b2z1_ros2/cyclonedds_ws/install/unitree_hg/include/unitree_hg/unitree_hg/msg/detail/low_cmd__functions.h
-- Installing: /home/vi/lxy/b2+z1/b2z1_ros2/cyclonedds_ws/install/unitree_hg/include/unitree_hg/unitree_hg/msg/detail/hand_cmd__type_support.h
-- Installing: /home/vi/lxy/b2+z1/b2z1_ros2/cyclonedds_ws/install/unitree_hg/include/unitree_hg/unitree_hg/msg/detail/press_sensor_state__type_support.h
-- Installing: /home/vi/lxy/b2+z1/b2z1_ros2/cyclonedds_ws/install/unitree_hg/include/unitree_hg/unitree_hg/msg/detail/motor_state__struct.h
-- Installing: /home/vi/lxy/b2+z1/b2z1_ros2/cyclonedds_ws/install/unitree_hg/include/unitree_hg/unitree_hg/msg/detail/bms_cmd__functions.c
-- Installing: /home/vi/lxy/b2+z1/b2z1_ros2/cyclonedds_ws/install/unitree_hg/include/unitree_hg/unitree_hg/msg/detail/low_cmd__functions.c
-- Installing: /home/vi/lxy/b2+z1/b2z1_ros2/cyclonedds_ws/install/unitree_hg/include/unitree_hg/unitree_hg/msg/detail/low_cmd__type_support.h
-- Installing: /home/vi/lxy/b2+z1/b2z1_ros2/cyclonedds_ws/install/unitree_hg/include/unitree_hg/unitree_hg/msg/detail/imu_state__struct.h
-- Installing: /home/vi/lxy/b2+z1/b2z1_ros2/cyclonedds_ws/install/unitree_hg/include/unitree_hg/unitree_hg/msg/detail/main_board_state__struct.h
-- Installing: /home/vi/lxy/b2+z1/b2z1_ros2/cyclonedds_ws/install/unitree_hg/include/unitree_hg/unitree_hg/msg/detail/motor_state__type_support.h
-- Installing: /home/vi/lxy/b2+z1/b2z1_ros2/cyclonedds_ws/install/unitree_hg/include/unitree_hg/unitree_hg/msg/detail/press_sensor_state__struct.h
-- Installing: /home/vi/lxy/b2+z1/b2z1_ros2/cyclonedds_ws/install/unitree_hg/include/unitree_hg/unitree_hg/msg/detail/bms_state__struct.h
-- Installing: /home/vi/lxy/b2+z1/b2z1_ros2/cyclonedds_ws/install/unitree_hg/include/unitree_hg/unitree_hg/msg/detail/bms_cmd__type_support.h
-- Installing: /home/vi/lxy/b2+z1/b2z1_ros2/cyclonedds_ws/install/unitree_hg/include/unitree_hg/unitree_hg/msg/detail/press_sensor_state__functions.h
-- Installing: /home/vi/lxy/b2+z1/b2z1_ros2/cyclonedds_ws/install/unitree_hg/include/unitree_hg/unitree_hg/msg/detail/motor_state__functions.c
-- Installing: /home/vi/lxy/b2+z1/b2z1_ros2/cyclonedds_ws/install/unitree_hg/include/unitree_hg/unitree_hg/msg/detail/bms_state__type_support.h
-- Installing: /home/vi/lxy/b2+z1/b2z1_ros2/cyclonedds_ws/install/unitree_hg/include/unitree_hg/unitree_hg/msg/detail/hand_state__functions.h
-- Installing: /home/vi/lxy/b2+z1/b2z1_ros2/cyclonedds_ws/install/unitree_hg/include/unitree_hg/unitree_hg/msg/detail/low_state__functions.c
-- Installing: /home/vi/lxy/b2+z1/b2z1_ros2/cyclonedds_ws/install/unitree_hg/include/unitree_hg/unitree_hg/msg/detail/hand_cmd__functions.h
-- Installing: /home/vi/lxy/b2+z1/b2z1_ros2/cyclonedds_ws/install/unitree_hg/include/unitree_hg/unitree_hg/msg/detail/main_board_state__type_support.h
-- Installing: /home/vi/lxy/b2+z1/b2z1_ros2/cyclonedds_ws/install/unitree_hg/include/unitree_hg/unitree_hg/msg/detail/low_state__type_support.h
-- Installing: /home/vi/lxy/b2+z1/b2z1_ros2/cyclonedds_ws/install/unitree_hg/include/unitree_hg/unitree_hg/msg/detail/motor_cmd__struct.h
-- Installing: /home/vi/lxy/b2+z1/b2z1_ros2/cyclonedds_ws/install/unitree_hg/include/unitree_hg/unitree_hg/msg/detail/main_board_state__functions.c
-- Installing: /home/vi/lxy/b2+z1/b2z1_ros2/cyclonedds_ws/install/unitree_hg/include/unitree_hg/unitree_hg/msg/detail/bms_state__functions.h
-- Installing: /home/vi/lxy/b2+z1/b2z1_ros2/cyclonedds_ws/install/unitree_hg/include/unitree_hg/unitree_hg/msg/detail/hand_cmd__struct.h
-- Installing: /home/vi/lxy/b2+z1/b2z1_ros2/cyclonedds_ws/install/unitree_hg/include/unitree_hg/unitree_hg/msg/detail/press_sensor_state__functions.c
-- Installing: /home/vi/lxy/b2+z1/b2z1_ros2/cyclonedds_ws/install/unitree_hg/include/unitree_hg/unitree_hg/msg/detail/hand_state__struct.h
-- Installing: /home/vi/lxy/b2+z1/b2z1_ros2/cyclonedds_ws/install/unitree_hg/include/unitree_hg/unitree_hg/msg/detail/motor_cmd__type_support.h
-- Installing: /home/vi/lxy/b2+z1/b2z1_ros2/cyclonedds_ws/install/unitree_hg/include/unitree_hg/unitree_hg/msg/detail/imu_state__type_support.h
-- Installing: /home/vi/lxy/b2+z1/b2z1_ros2/cyclonedds_ws/install/unitree_hg/include/unitree_hg/unitree_hg/msg/detail/imu_state__functions.h
-- Installing: /home/vi/lxy/b2+z1/b2z1_ros2/cyclonedds_ws/install/unitree_hg/include/unitree_hg/unitree_hg/msg/detail/motor_cmd__functions.h
-- Installing: /home/vi/lxy/b2+z1/b2z1_ros2/cyclonedds_ws/install/unitree_hg/include/unitree_hg/unitree_hg/msg/detail/bms_cmd__struct.h
-- Installing: /home/vi/lxy/b2+z1/b2z1_ros2/cyclonedds_ws/install/unitree_hg/include/unitree_hg/unitree_hg/msg/detail/imu_state__functions.c
-- Installing: /home/vi/lxy/b2+z1/b2z1_ros2/cyclonedds_ws/install/unitree_hg/include/unitree_hg/unitree_hg/msg/detail/low_cmd__struct.h
-- Installing: /home/vi/lxy/b2+z1/b2z1_ros2/cyclonedds_ws/install/unitree_hg/include/unitree_hg/unitree_hg/msg/detail/low_state__struct.h
-- Installing: /home/vi/lxy/b2+z1/b2z1_ros2/cyclonedds_ws/install/unitree_hg/include/unitree_hg/unitree_hg/msg/detail/bms_cmd__functions.h
-- Installing: /home/vi/lxy/b2+z1/b2z1_ros2/cyclonedds_ws/install/unitree_hg/include/unitree_hg/unitree_hg/msg/detail/motor_cmd__functions.c
-- Installing: /home/vi/lxy/b2+z1/b2z1_ros2/cyclonedds_ws/install/unitree_hg/include/unitree_hg/unitree_hg/msg/detail/hand_state__functions.c
-- Installing: /home/vi/lxy/b2+z1/b2z1_ros2/cyclonedds_ws/install/unitree_hg/include/unitree_hg/unitree_hg/msg/detail/low_state__functions.h
-- Installing: /home/vi/lxy/b2+z1/b2z1_ros2/cyclonedds_ws/install/unitree_hg/include/unitree_hg/unitree_hg/msg/detail/hand_state__type_support.h
-- Installing: /home/vi/lxy/b2+z1/b2z1_ros2/cyclonedds_ws/install/unitree_hg/include/unitree_hg/unitree_hg/msg/low_state.h
-- Installing: /home/vi/lxy/b2+z1/b2z1_ros2/cyclonedds_ws/install/unitree_hg/share/unitree_hg/environment/library_path.sh
-- Installing: /home/vi/lxy/b2+z1/b2z1_ros2/cyclonedds_ws/install/unitree_hg/share/unitree_hg/environment/library_path.dsv
-- Installing: /home/vi/lxy/b2+z1/b2z1_ros2/cyclonedds_ws/install/unitree_hg/lib/libunitree_hg__rosidl_generator_c.so
-- Set runtime path of "/home/vi/lxy/b2+z1/b2z1_ros2/cyclonedds_ws/install/unitree_hg/lib/libunitree_hg__rosidl_generator_c.so" to ""
-- Up-to-date: /home/vi/lxy/b2+z1/b2z1_ros2/cyclonedds_ws/install/unitree_hg/include/unitree_hg/unitree_hg
-- Up-to-date: /home/vi/lxy/b2+z1/b2z1_ros2/cyclonedds_ws/install/unitree_hg/include/unitree_hg/unitree_hg/msg
-- Installing: /home/vi/lxy/b2+z1/b2z1_ros2/cyclonedds_ws/install/unitree_hg/include/unitree_hg/unitree_hg/msg/rosidl_typesupport_fastrtps_c__visibility_control.h
-- Up-to-date: /home/vi/lxy/b2+z1/b2z1_ros2/cyclonedds_ws/install/unitree_hg/include/unitree_hg/unitree_hg/msg/detail
-- Installing: /home/vi/lxy/b2+z1/b2z1_ros2/cyclonedds_ws/install/unitree_hg/include/unitree_hg/unitree_hg/msg/detail/motor_state__rosidl_typesupport_fastrtps_c.h
-- Installing: /home/vi/lxy/b2+z1/b2z1_ros2/cyclonedds_ws/install/unitree_hg/include/unitree_hg/unitree_hg/msg/detail/low_state__rosidl_typesupport_fastrtps_c.h
-- Installing: /home/vi/lxy/b2+z1/b2z1_ros2/cyclonedds_ws/install/unitree_hg/include/unitree_hg/unitree_hg/msg/detail/motor_cmd__rosidl_typesupport_fastrtps_c.h
-- Installing: /home/vi/lxy/b2+z1/b2z1_ros2/cyclonedds_ws/install/unitree_hg/include/unitree_hg/unitree_hg/msg/detail/bms_state__rosidl_typesupport_fastrtps_c.h
-- Installing: /home/vi/lxy/b2+z1/b2z1_ros2/cyclonedds_ws/install/unitree_hg/include/unitree_hg/unitree_hg/msg/detail/imu_state__rosidl_typesupport_fastrtps_c.h
-- Installing: /home/vi/lxy/b2+z1/b2z1_ros2/cyclonedds_ws/install/unitree_hg/include/unitree_hg/unitree_hg/msg/detail/press_sensor_state__rosidl_typesupport_fastrtps_c.h
-- Installing: /home/vi/lxy/b2+z1/b2z1_ros2/cyclonedds_ws/install/unitree_hg/include/unitree_hg/unitree_hg/msg/detail/main_board_state__rosidl_typesupport_fastrtps_c.h
-- Installing: /home/vi/lxy/b2+z1/b2z1_ros2/cyclonedds_ws/install/unitree_hg/include/unitree_hg/unitree_hg/msg/detail/hand_cmd__rosidl_typesupport_fastrtps_c.h
-- Installing: /home/vi/lxy/b2+z1/b2z1_ros2/cyclonedds_ws/install/unitree_hg/include/unitree_hg/unitree_hg/msg/detail/low_cmd__rosidl_typesupport_fastrtps_c.h
-- Installing: /home/vi/lxy/b2+z1/b2z1_ros2/cyclonedds_ws/install/unitree_hg/include/unitree_hg/unitree_hg/msg/detail/bms_cmd__rosidl_typesupport_fastrtps_c.h
-- Installing: /home/vi/lxy/b2+z1/b2z1_ros2/cyclonedds_ws/install/unitree_hg/include/unitree_hg/unitree_hg/msg/detail/hand_state__rosidl_typesupport_fastrtps_c.h
-- Installing: /home/vi/lxy/b2+z1/b2z1_ros2/cyclonedds_ws/install/unitree_hg/lib/libunitree_hg__rosidl_typesupport_fastrtps_c.so
-- Set runtime path of "/home/vi/lxy/b2+z1/b2z1_ros2/cyclonedds_ws/install/unitree_hg/lib/libunitree_hg__rosidl_typesupport_fastrtps_c.so" to ""
-- Up-to-date: /home/vi/lxy/b2+z1/b2z1_ros2/cyclonedds_ws/install/unitree_hg/include/unitree_hg/unitree_hg
-- Up-to-date: /home/vi/lxy/b2+z1/b2z1_ros2/cyclonedds_ws/install/unitree_hg/include/unitree_hg/unitree_hg/msg
-- Installing: /home/vi/lxy/b2+z1/b2z1_ros2/cyclonedds_ws/install/unitree_hg/include/unitree_hg/unitree_hg/msg/motor_state.hpp
-- Installing: /home/vi/lxy/b2+z1/b2z1_ros2/cyclonedds_ws/install/unitree_hg/include/unitree_hg/unitree_hg/msg/bms_cmd.hpp
-- Installing: /home/vi/lxy/b2+z1/b2z1_ros2/cyclonedds_ws/install/unitree_hg/include/unitree_hg/unitree_hg/msg/hand_state.hpp
-- Installing: /home/vi/lxy/b2+z1/b2z1_ros2/cyclonedds_ws/install/unitree_hg/include/unitree_hg/unitree_hg/msg/imu_state.hpp
-- Installing: /home/vi/lxy/b2+z1/b2z1_ros2/cyclonedds_ws/install/unitree_hg/include/unitree_hg/unitree_hg/msg/low_state.hpp
-- Installing: /home/vi/lxy/b2+z1/b2z1_ros2/cyclonedds_ws/install/unitree_hg/include/unitree_hg/unitree_hg/msg/rosidl_generator_cpp__visibility_control.hpp
-- Installing: /home/vi/lxy/b2+z1/b2z1_ros2/cyclonedds_ws/install/unitree_hg/include/unitree_hg/unitree_hg/msg/hand_cmd.hpp
-- Up-to-date: /home/vi/lxy/b2+z1/b2z1_ros2/cyclonedds_ws/install/unitree_hg/include/unitree_hg/unitree_hg/msg/detail
-- Installing: /home/vi/lxy/b2+z1/b2z1_ros2/cyclonedds_ws/install/unitree_hg/include/unitree_hg/unitree_hg/msg/detail/imu_state__struct.hpp
-- Installing: /home/vi/lxy/b2+z1/b2z1_ros2/cyclonedds_ws/install/unitree_hg/include/unitree_hg/unitree_hg/msg/detail/motor_cmd__type_support.hpp
-- Installing: /home/vi/lxy/b2+z1/b2z1_ros2/cyclonedds_ws/install/unitree_hg/include/unitree_hg/unitree_hg/msg/detail/low_cmd__traits.hpp
-- Installing: /home/vi/lxy/b2+z1/b2z1_ros2/cyclonedds_ws/install/unitree_hg/include/unitree_hg/unitree_hg/msg/detail/main_board_state__type_support.hpp
-- Installing: /home/vi/lxy/b2+z1/b2z1_ros2/cyclonedds_ws/install/unitree_hg/include/unitree_hg/unitree_hg/msg/detail/motor_cmd__builder.hpp
-- Installing: /home/vi/lxy/b2+z1/b2z1_ros2/cyclonedds_ws/install/unitree_hg/include/unitree_hg/unitree_hg/msg/detail/bms_state__builder.hpp
-- Installing: /home/vi/lxy/b2+z1/b2z1_ros2/cyclonedds_ws/install/unitree_hg/include/unitree_hg/unitree_hg/msg/detail/bms_cmd__builder.hpp
-- Installing: /home/vi/lxy/b2+z1/b2z1_ros2/cyclonedds_ws/install/unitree_hg/include/unitree_hg/unitree_hg/msg/detail/bms_cmd__struct.hpp
-- Installing: /home/vi/lxy/b2+z1/b2z1_ros2/cyclonedds_ws/install/unitree_hg/include/unitree_hg/unitree_hg/msg/detail/main_board_state__struct.hpp
-- Installing: /home/vi/lxy/b2+z1/b2z1_ros2/cyclonedds_ws/install/unitree_hg/include/unitree_hg/unitree_hg/msg/detail/main_board_state__builder.hpp
-- Installing: /home/vi/lxy/b2+z1/b2z1_ros2/cyclonedds_ws/install/unitree_hg/include/unitree_hg/unitree_hg/msg/detail/low_cmd__builder.hpp
-- Installing: /home/vi/lxy/b2+z1/b2z1_ros2/cyclonedds_ws/install/unitree_hg/include/unitree_hg/unitree_hg/msg/detail/motor_cmd__traits.hpp
-- Installing: /home/vi/lxy/b2+z1/b2z1_ros2/cyclonedds_ws/install/unitree_hg/include/unitree_hg/unitree_hg/msg/detail/hand_state__type_support.hpp
-- Installing: /home/vi/lxy/b2+z1/b2z1_ros2/cyclonedds_ws/install/unitree_hg/include/unitree_hg/unitree_hg/msg/detail/low_cmd__type_support.hpp
-- Installing: /home/vi/lxy/b2+z1/b2z1_ros2/cyclonedds_ws/install/unitree_hg/include/unitree_hg/unitree_hg/msg/detail/imu_state__type_support.hpp
-- Installing: /home/vi/lxy/b2+z1/b2z1_ros2/cyclonedds_ws/install/unitree_hg/include/unitree_hg/unitree_hg/msg/detail/main_board_state__traits.hpp
-- Installing: /home/vi/lxy/b2+z1/b2z1_ros2/cyclonedds_ws/install/unitree_hg/include/unitree_hg/unitree_hg/msg/detail/low_state__struct.hpp
-- Installing: /home/vi/lxy/b2+z1/b2z1_ros2/cyclonedds_ws/install/unitree_hg/include/unitree_hg/unitree_hg/msg/detail/hand_cmd__traits.hpp
-- Installing: /home/vi/lxy/b2+z1/b2z1_ros2/cyclonedds_ws/install/unitree_hg/include/unitree_hg/unitree_hg/msg/detail/bms_state__struct.hpp
-- Installing: /home/vi/lxy/b2+z1/b2z1_ros2/cyclonedds_ws/install/unitree_hg/include/unitree_hg/unitree_hg/msg/detail/hand_state__traits.hpp
-- Installing: /home/vi/lxy/b2+z1/b2z1_ros2/cyclonedds_ws/install/unitree_hg/include/unitree_hg/unitree_hg/msg/detail/motor_state__traits.hpp
-- Installing: /home/vi/lxy/b2+z1/b2z1_ros2/cyclonedds_ws/install/unitree_hg/include/unitree_hg/unitree_hg/msg/detail/press_sensor_state__type_support.hpp
-- Installing: /home/vi/lxy/b2+z1/b2z1_ros2/cyclonedds_ws/install/unitree_hg/include/unitree_hg/unitree_hg/msg/detail/low_cmd__struct.hpp
-- Installing: /home/vi/lxy/b2+z1/b2z1_ros2/cyclonedds_ws/install/unitree_hg/include/unitree_hg/unitree_hg/msg/detail/hand_state__builder.hpp
-- Installing: /home/vi/lxy/b2+z1/b2z1_ros2/cyclonedds_ws/install/unitree_hg/include/unitree_hg/unitree_hg/msg/detail/imu_state__builder.hpp
-- Installing: /home/vi/lxy/b2+z1/b2z1_ros2/cyclonedds_ws/install/unitree_hg/include/unitree_hg/unitree_hg/msg/detail/press_sensor_state__traits.hpp
-- Installing: /home/vi/lxy/b2+z1/b2z1_ros2/cyclonedds_ws/install/unitree_hg/include/unitree_hg/unitree_hg/msg/detail/hand_state__struct.hpp
-- Installing: /home/vi/lxy/b2+z1/b2z1_ros2/cyclonedds_ws/install/unitree_hg/include/unitree_hg/unitree_hg/msg/detail/motor_state__type_support.hpp
-- Installing: /home/vi/lxy/b2+z1/b2z1_ros2/cyclonedds_ws/install/unitree_hg/include/unitree_hg/unitree_hg/msg/detail/motor_cmd__struct.hpp
-- Installing: /home/vi/lxy/b2+z1/b2z1_ros2/cyclonedds_ws/install/unitree_hg/include/unitree_hg/unitree_hg/msg/detail/press_sensor_state__builder.hpp
-- Installing: /home/vi/lxy/b2+z1/b2z1_ros2/cyclonedds_ws/install/unitree_hg/include/unitree_hg/unitree_hg/msg/detail/low_state__traits.hpp
-- Installing: /home/vi/lxy/b2+z1/b2z1_ros2/cyclonedds_ws/install/unitree_hg/include/unitree_hg/unitree_hg/msg/detail/imu_state__traits.hpp
-- Installing: /home/vi/lxy/b2+z1/b2z1_ros2/cyclonedds_ws/install/unitree_hg/include/unitree_hg/unitree_hg/msg/detail/bms_state__traits.hpp
-- Installing: /home/vi/lxy/b2+z1/b2z1_ros2/cyclonedds_ws/install/unitree_hg/include/unitree_hg/unitree_hg/msg/detail/motor_state__builder.hpp
-- Installing: /home/vi/lxy/b2+z1/b2z1_ros2/cyclonedds_ws/install/unitree_hg/include/unitree_hg/unitree_hg/msg/detail/bms_state__type_support.hpp
-- Installing: /home/vi/lxy/b2+z1/b2z1_ros2/cyclonedds_ws/install/unitree_hg/include/unitree_hg/unitree_hg/msg/detail/bms_cmd__traits.hpp
-- Installing: /home/vi/lxy/b2+z1/b2z1_ros2/cyclonedds_ws/install/unitree_hg/include/unitree_hg/unitree_hg/msg/detail/motor_state__struct.hpp
-- Installing: /home/vi/lxy/b2+z1/b2z1_ros2/cyclonedds_ws/install/unitree_hg/include/unitree_hg/unitree_hg/msg/detail/low_state__type_support.hpp
-- Installing: /home/vi/lxy/b2+z1/b2z1_ros2/cyclonedds_ws/install/unitree_hg/include/unitree_hg/unitree_hg/msg/detail/press_sensor_state__struct.hpp
-- Installing: /home/vi/lxy/b2+z1/b2z1_ros2/cyclonedds_ws/install/unitree_hg/include/unitree_hg/unitree_hg/msg/detail/hand_cmd__struct.hpp
-- Installing: /home/vi/lxy/b2+z1/b2z1_ros2/cyclonedds_ws/install/unitree_hg/include/unitree_hg/unitree_hg/msg/detail/low_state__builder.hpp
-- Installing: /home/vi/lxy/b2+z1/b2z1_ros2/cyclonedds_ws/install/unitree_hg/include/unitree_hg/unitree_hg/msg/detail/hand_cmd__builder.hpp
-- Installing: /home/vi/lxy/b2+z1/b2z1_ros2/cyclonedds_ws/install/unitree_hg/include/unitree_hg/unitree_hg/msg/detail/bms_cmd__type_support.hpp
-- Installing: /home/vi/lxy/b2+z1/b2z1_ros2/cyclonedds_ws/install/unitree_hg/include/unitree_hg/unitree_hg/msg/detail/hand_cmd__type_support.hpp
-- Installing: /home/vi/lxy/b2+z1/b2z1_ros2/cyclonedds_ws/install/unitree_hg/include/unitree_hg/unitree_hg/msg/low_cmd.hpp
-- Installing: /home/vi/lxy/b2+z1/b2z1_ros2/cyclonedds_ws/install/unitree_hg/include/unitree_hg/unitree_hg/msg/main_board_state.hpp
-- Installing: /home/vi/lxy/b2+z1/b2z1_ros2/cyclonedds_ws/install/unitree_hg/include/unitree_hg/unitree_hg/msg/press_sensor_state.hpp
-- Installing: /home/vi/lxy/b2+z1/b2z1_ros2/cyclonedds_ws/install/unitree_hg/include/unitree_hg/unitree_hg/msg/motor_cmd.hpp
-- Installing: /home/vi/lxy/b2+z1/b2z1_ros2/cyclonedds_ws/install/unitree_hg/include/unitree_hg/unitree_hg/msg/bms_state.hpp
-- Up-to-date: /home/vi/lxy/b2+z1/b2z1_ros2/cyclonedds_ws/install/unitree_hg/include/unitree_hg/unitree_hg
-- Up-to-date: /home/vi/lxy/b2+z1/b2z1_ros2/cyclonedds_ws/install/unitree_hg/include/unitree_hg/unitree_hg/msg
-- Up-to-date: /home/vi/lxy/b2+z1/b2z1_ros2/cyclonedds_ws/install/unitree_hg/include/unitree_hg/unitree_hg/msg/detail
-- Installing: /home/vi/lxy/b2+z1/b2z1_ros2/cyclonedds_ws/install/unitree_hg/include/unitree_hg/unitree_hg/msg/detail/motor_state__rosidl_typesupport_fastrtps_cpp.hpp
-- Installing: /home/vi/lxy/b2+z1/b2z1_ros2/cyclonedds_ws/install/unitree_hg/include/unitree_hg/unitree_hg/msg/detail/dds_fastrtps
-- Installing: /home/vi/lxy/b2+z1/b2z1_ros2/cyclonedds_ws/install/unitree_hg/include/unitree_hg/unitree_hg/msg/detail/imu_state__rosidl_typesupport_fastrtps_cpp.hpp
-- Installing: /home/vi/lxy/b2+z1/b2z1_ros2/cyclonedds_ws/install/unitree_hg/include/unitree_hg/unitree_hg/msg/detail/bms_state__rosidl_typesupport_fastrtps_cpp.hpp
-- Installing: /home/vi/lxy/b2+z1/b2z1_ros2/cyclonedds_ws/install/unitree_hg/include/unitree_hg/unitree_hg/msg/detail/low_cmd__rosidl_typesupport_fastrtps_cpp.hpp
-- Installing: /home/vi/lxy/b2+z1/b2z1_ros2/cyclonedds_ws/install/unitree_hg/include/unitree_hg/unitree_hg/msg/detail/bms_cmd__rosidl_typesupport_fastrtps_cpp.hpp
-- Installing: /home/vi/lxy/b2+z1/b2z1_ros2/cyclonedds_ws/install/unitree_hg/include/unitree_hg/unitree_hg/msg/detail/main_board_state__rosidl_typesupport_fastrtps_cpp.hpp
-- Installing: /home/vi/lxy/b2+z1/b2z1_ros2/cyclonedds_ws/install/unitree_hg/include/unitree_hg/unitree_hg/msg/detail/low_state__rosidl_typesupport_fastrtps_cpp.hpp
-- Installing: /home/vi/lxy/b2+z1/b2z1_ros2/cyclonedds_ws/install/unitree_hg/include/unitree_hg/unitree_hg/msg/detail/motor_cmd__rosidl_typesupport_fastrtps_cpp.hpp
-- Installing: /home/vi/lxy/b2+z1/b2z1_ros2/cyclonedds_ws/install/unitree_hg/include/unitree_hg/unitree_hg/msg/detail/hand_state__rosidl_typesupport_fastrtps_cpp.hpp
-- Installing: /home/vi/lxy/b2+z1/b2z1_ros2/cyclonedds_ws/install/unitree_hg/include/unitree_hg/unitree_hg/msg/detail/hand_cmd__rosidl_typesupport_fastrtps_cpp.hpp
-- Installing: /home/vi/lxy/b2+z1/b2z1_ros2/cyclonedds_ws/install/unitree_hg/include/unitree_hg/unitree_hg/msg/detail/press_sensor_state__rosidl_typesupport_fastrtps_cpp.hpp
-- Installing: /home/vi/lxy/b2+z1/b2z1_ros2/cyclonedds_ws/install/unitree_hg/include/unitree_hg/unitree_hg/msg/rosidl_typesupport_fastrtps_cpp__visibility_control.h
-- Installing: /home/vi/lxy/b2+z1/b2z1_ros2/cyclonedds_ws/install/unitree_hg/lib/libunitree_hg__rosidl_typesupport_fastrtps_cpp.so
-- Set runtime path of "/home/vi/lxy/b2+z1/b2z1_ros2/cyclonedds_ws/install/unitree_hg/lib/libunitree_hg__rosidl_typesupport_fastrtps_cpp.so" to ""
-- Up-to-date: /home/vi/lxy/b2+z1/b2z1_ros2/cyclonedds_ws/install/unitree_hg/include/unitree_hg/unitree_hg
-- Up-to-date: /home/vi/lxy/b2+z1/b2z1_ros2/cyclonedds_ws/install/unitree_hg/include/unitree_hg/unitree_hg/msg
-- Up-to-date: /home/vi/lxy/b2+z1/b2z1_ros2/cyclonedds_ws/install/unitree_hg/include/unitree_hg/unitree_hg/msg/detail
-- Installing: /home/vi/lxy/b2+z1/b2z1_ros2/cyclonedds_ws/install/unitree_hg/include/unitree_hg/unitree_hg/msg/detail/low_cmd__type_support.c
-- Installing: /home/vi/lxy/b2+z1/b2z1_ros2/cyclonedds_ws/install/unitree_hg/include/unitree_hg/unitree_hg/msg/detail/imu_state__rosidl_typesupport_introspection_c.h
-- Installing: /home/vi/lxy/b2+z1/b2z1_ros2/cyclonedds_ws/install/unitree_hg/include/unitree_hg/unitree_hg/msg/detail/motor_cmd__type_support.c
-- Installing: /home/vi/lxy/b2+z1/b2z1_ros2/cyclonedds_ws/install/unitree_hg/include/unitree_hg/unitree_hg/msg/detail/press_sensor_state__rosidl_typesupport_introspection_c.h
-- Installing: /home/vi/lxy/b2+z1/b2z1_ros2/cyclonedds_ws/install/unitree_hg/include/unitree_hg/unitree_hg/msg/detail/low_cmd__rosidl_typesupport_introspection_c.h
-- Installing: /home/vi/lxy/b2+z1/b2z1_ros2/cyclonedds_ws/install/unitree_hg/include/unitree_hg/unitree_hg/msg/detail/hand_cmd__rosidl_typesupport_introspection_c.h
-- Installing: /home/vi/lxy/b2+z1/b2z1_ros2/cyclonedds_ws/install/unitree_hg/include/unitree_hg/unitree_hg/msg/detail/main_board_state__type_support.c
-- Installing: /home/vi/lxy/b2+z1/b2z1_ros2/cyclonedds_ws/install/unitree_hg/include/unitree_hg/unitree_hg/msg/detail/bms_state__rosidl_typesupport_introspection_c.h
-- Installing: /home/vi/lxy/b2+z1/b2z1_ros2/cyclonedds_ws/install/unitree_hg/include/unitree_hg/unitree_hg/msg/detail/hand_state__rosidl_typesupport_introspection_c.h
-- Installing: /home/vi/lxy/b2+z1/b2z1_ros2/cyclonedds_ws/install/unitree_hg/include/unitree_hg/unitree_hg/msg/detail/imu_state__type_support.c
-- Installing: /home/vi/lxy/b2+z1/b2z1_ros2/cyclonedds_ws/install/unitree_hg/include/unitree_hg/unitree_hg/msg/detail/motor_state__type_support.c
-- Installing: /home/vi/lxy/b2+z1/b2z1_ros2/cyclonedds_ws/install/unitree_hg/include/unitree_hg/unitree_hg/msg/detail/bms_cmd__type_support.c
-- Installing: /home/vi/lxy/b2+z1/b2z1_ros2/cyclonedds_ws/install/unitree_hg/include/unitree_hg/unitree_hg/msg/detail/motor_state__rosidl_typesupport_introspection_c.h
-- Installing: /home/vi/lxy/b2+z1/b2z1_ros2/cyclonedds_ws/install/unitree_hg/include/unitree_hg/unitree_hg/msg/detail/low_state__type_support.c
-- Installing: /home/vi/lxy/b2+z1/b2z1_ros2/cyclonedds_ws/install/unitree_hg/include/unitree_hg/unitree_hg/msg/detail/hand_state__type_support.c
-- Installing: /home/vi/lxy/b2+z1/b2z1_ros2/cyclonedds_ws/install/unitree_hg/include/unitree_hg/unitree_hg/msg/detail/hand_cmd__type_support.c
-- Installing: /home/vi/lxy/b2+z1/b2z1_ros2/cyclonedds_ws/install/unitree_hg/include/unitree_hg/unitree_hg/msg/detail/main_board_state__rosidl_typesupport_introspection_c.h
-- Installing: /home/vi/lxy/b2+z1/b2z1_ros2/cyclonedds_ws/install/unitree_hg/include/unitree_hg/unitree_hg/msg/detail/low_state__rosidl_typesupport_introspection_c.h
-- Installing: /home/vi/lxy/b2+z1/b2z1_ros2/cyclonedds_ws/install/unitree_hg/include/unitree_hg/unitree_hg/msg/detail/motor_cmd__rosidl_typesupport_introspection_c.h
-- Installing: /home/vi/lxy/b2+z1/b2z1_ros2/cyclonedds_ws/install/unitree_hg/include/unitree_hg/unitree_hg/msg/detail/bms_cmd__rosidl_typesupport_introspection_c.h
-- Installing: /home/vi/lxy/b2+z1/b2z1_ros2/cyclonedds_ws/install/unitree_hg/include/unitree_hg/unitree_hg/msg/detail/press_sensor_state__type_support.c
-- Installing: /home/vi/lxy/b2+z1/b2z1_ros2/cyclonedds_ws/install/unitree_hg/include/unitree_hg/unitree_hg/msg/detail/bms_state__type_support.c
-- Installing: /home/vi/lxy/b2+z1/b2z1_ros2/cyclonedds_ws/install/unitree_hg/include/unitree_hg/unitree_hg/msg/rosidl_typesupport_introspection_c__visibility_control.h
-- Installing: /home/vi/lxy/b2+z1/b2z1_ros2/cyclonedds_ws/install/unitree_hg/lib/libunitree_hg__rosidl_typesupport_introspection_c.so
-- Set runtime path of "/home/vi/lxy/b2+z1/b2z1_ros2/cyclonedds_ws/install/unitree_hg/lib/libunitree_hg__rosidl_typesupport_introspection_c.so" to ""
-- Installing: /home/vi/lxy/b2+z1/b2z1_ros2/cyclonedds_ws/install/unitree_hg/lib/libunitree_hg__rosidl_typesupport_c.so
-- Set runtime path of "/home/vi/lxy/b2+z1/b2z1_ros2/cyclonedds_ws/install/unitree_hg/lib/libunitree_hg__rosidl_typesupport_c.so" to ""
-- Up-to-date: /home/vi/lxy/b2+z1/b2z1_ros2/cyclonedds_ws/install/unitree_hg/include/unitree_hg/unitree_hg
-- Up-to-date: /home/vi/lxy/b2+z1/b2z1_ros2/cyclonedds_ws/install/unitree_hg/include/unitree_hg/unitree_hg/msg
-- Up-to-date: /home/vi/lxy/b2+z1/b2z1_ros2/cyclonedds_ws/install/unitree_hg/include/unitree_hg/unitree_hg/msg/detail
-- Installing: /home/vi/lxy/b2+z1/b2z1_ros2/cyclonedds_ws/install/unitree_hg/include/unitree_hg/unitree_hg/msg/detail/hand_cmd__rosidl_typesupport_introspection_cpp.hpp
-- Installing: /home/vi/lxy/b2+z1/b2z1_ros2/cyclonedds_ws/install/unitree_hg/include/unitree_hg/unitree_hg/msg/detail/motor_state__type_support.cpp
-- Installing: /home/vi/lxy/b2+z1/b2z1_ros2/cyclonedds_ws/install/unitree_hg/include/unitree_hg/unitree_hg/msg/detail/low_cmd__type_support.cpp
-- Installing: /home/vi/lxy/b2+z1/b2z1_ros2/cyclonedds_ws/install/unitree_hg/include/unitree_hg/unitree_hg/msg/detail/low_state__rosidl_typesupport_introspection_cpp.hpp
-- Installing: /home/vi/lxy/b2+z1/b2z1_ros2/cyclonedds_ws/install/unitree_hg/include/unitree_hg/unitree_hg/msg/detail/imu_state__type_support.cpp
-- Installing: /home/vi/lxy/b2+z1/b2z1_ros2/cyclonedds_ws/install/unitree_hg/include/unitree_hg/unitree_hg/msg/detail/low_state__type_support.cpp
-- Installing: /home/vi/lxy/b2+z1/b2z1_ros2/cyclonedds_ws/install/unitree_hg/include/unitree_hg/unitree_hg/msg/detail/bms_cmd__type_support.cpp
-- Installing: /home/vi/lxy/b2+z1/b2z1_ros2/cyclonedds_ws/install/unitree_hg/include/unitree_hg/unitree_hg/msg/detail/low_cmd__rosidl_typesupport_introspection_cpp.hpp
-- Installing: /home/vi/lxy/b2+z1/b2z1_ros2/cyclonedds_ws/install/unitree_hg/include/unitree_hg/unitree_hg/msg/detail/hand_state__rosidl_typesupport_introspection_cpp.hpp
-- Installing: /home/vi/lxy/b2+z1/b2z1_ros2/cyclonedds_ws/install/unitree_hg/include/unitree_hg/unitree_hg/msg/detail/motor_cmd__rosidl_typesupport_introspection_cpp.hpp
-- Installing: /home/vi/lxy/b2+z1/b2z1_ros2/cyclonedds_ws/install/unitree_hg/include/unitree_hg/unitree_hg/msg/detail/bms_state__type_support.cpp
-- Installing: /home/vi/lxy/b2+z1/b2z1_ros2/cyclonedds_ws/install/unitree_hg/include/unitree_hg/unitree_hg/msg/detail/press_sensor_state__rosidl_typesupport_introspection_cpp.hpp
-- Installing: /home/vi/lxy/b2+z1/b2z1_ros2/cyclonedds_ws/install/unitree_hg/include/unitree_hg/unitree_hg/msg/detail/hand_cmd__type_support.cpp
-- Installing: /home/vi/lxy/b2+z1/b2z1_ros2/cyclonedds_ws/install/unitree_hg/include/unitree_hg/unitree_hg/msg/detail/main_board_state__type_support.cpp
-- Installing: /home/vi/lxy/b2+z1/b2z1_ros2/cyclonedds_ws/install/unitree_hg/include/unitree_hg/unitree_hg/msg/detail/bms_state__rosidl_typesupport_introspection_cpp.hpp
-- Installing: /home/vi/lxy/b2+z1/b2z1_ros2/cyclonedds_ws/install/unitree_hg/include/unitree_hg/unitree_hg/msg/detail/bms_cmd__rosidl_typesupport_introspection_cpp.hpp
-- Installing: /home/vi/lxy/b2+z1/b2z1_ros2/cyclonedds_ws/install/unitree_hg/include/unitree_hg/unitree_hg/msg/detail/main_board_state__rosidl_typesupport_introspection_cpp.hpp
-- Installing: /home/vi/lxy/b2+z1/b2z1_ros2/cyclonedds_ws/install/unitree_hg/include/unitree_hg/unitree_hg/msg/detail/motor_cmd__type_support.cpp
-- Installing: /home/vi/lxy/b2+z1/b2z1_ros2/cyclonedds_ws/install/unitree_hg/include/unitree_hg/unitree_hg/msg/detail/motor_state__rosidl_typesupport_introspection_cpp.hpp
-- Installing: /home/vi/lxy/b2+z1/b2z1_ros2/cyclonedds_ws/install/unitree_hg/include/unitree_hg/unitree_hg/msg/detail/press_sensor_state__type_support.cpp
-- Installing: /home/vi/lxy/b2+z1/b2z1_ros2/cyclonedds_ws/install/unitree_hg/include/unitree_hg/unitree_hg/msg/detail/imu_state__rosidl_typesupport_introspection_cpp.hpp
-- Installing: /home/vi/lxy/b2+z1/b2z1_ros2/cyclonedds_ws/install/unitree_hg/include/unitree_hg/unitree_hg/msg/detail/hand_state__type_support.cpp
-- Installing: /home/vi/lxy/b2+z1/b2z1_ros2/cyclonedds_ws/install/unitree_hg/lib/libunitree_hg__rosidl_typesupport_introspection_cpp.so
-- Set runtime path of "/home/vi/lxy/b2+z1/b2z1_ros2/cyclonedds_ws/install/unitree_hg/lib/libunitree_hg__rosidl_typesupport_introspection_cpp.so" to ""
-- Installing: /home/vi/lxy/b2+z1/b2z1_ros2/cyclonedds_ws/install/unitree_hg/lib/libunitree_hg__rosidl_typesupport_cpp.so
-- Set runtime path of "/home/vi/lxy/b2+z1/b2z1_ros2/cyclonedds_ws/install/unitree_hg/lib/libunitree_hg__rosidl_typesupport_cpp.so" to ""
-- Installing: /home/vi/lxy/b2+z1/b2z1_ros2/cyclonedds_ws/install/unitree_hg/share/unitree_hg/environment/pythonpath.sh
-- Installing: /home/vi/lxy/b2+z1/b2z1_ros2/cyclonedds_ws/install/unitree_hg/share/unitree_hg/environment/pythonpath.dsv
-- Installing: /home/vi/lxy/b2+z1/b2z1_ros2/cyclonedds_ws/install/unitree_hg/local/lib/python3.10/dist-packages/unitree_hg-0.0.0-py3.10.egg-info
-- Installing: /home/vi/lxy/b2+z1/b2z1_ros2/cyclonedds_ws/install/unitree_hg/local/lib/python3.10/dist-packages/unitree_hg-0.0.0-py3.10.egg-info/SOURCES.txt
-- Installing: /home/vi/lxy/b2+z1/b2z1_ros2/cyclonedds_ws/install/unitree_hg/local/lib/python3.10/dist-packages/unitree_hg-0.0.0-py3.10.egg-info/dependency_links.txt
-- Installing: /home/vi/lxy/b2+z1/b2z1_ros2/cyclonedds_ws/install/unitree_hg/local/lib/python3.10/dist-packages/unitree_hg-0.0.0-py3.10.egg-info/top_level.txt
-- Installing: /home/vi/lxy/b2+z1/b2z1_ros2/cyclonedds_ws/install/unitree_hg/local/lib/python3.10/dist-packages/unitree_hg-0.0.0-py3.10.egg-info/PKG-INFO
-- Installing: /home/vi/lxy/b2+z1/b2z1_ros2/cyclonedds_ws/install/unitree_hg/local/lib/python3.10/dist-packages/unitree_hg
-- Installing: /home/vi/lxy/b2+z1/b2z1_ros2/cyclonedds_ws/install/unitree_hg/local/lib/python3.10/dist-packages/unitree_hg/_unitree_hg_s.ep.rosidl_typesupport_fastrtps_c.c
-- Installing: /home/vi/lxy/b2+z1/b2z1_ros2/cyclonedds_ws/install/unitree_hg/local/lib/python3.10/dist-packages/unitree_hg/unitree_hg_s__rosidl_typesupport_fastrtps_c.cpython-310-x86_64-linux-gnu.so
-- Installing: /home/vi/lxy/b2+z1/b2z1_ros2/cyclonedds_ws/install/unitree_hg/local/lib/python3.10/dist-packages/unitree_hg/_unitree_hg_s.ep.rosidl_typesupport_introspection_c.c
-- Installing: /home/vi/lxy/b2+z1/b2z1_ros2/cyclonedds_ws/install/unitree_hg/local/lib/python3.10/dist-packages/unitree_hg/msg
-- Installing: /home/vi/lxy/b2+z1/b2z1_ros2/cyclonedds_ws/install/unitree_hg/local/lib/python3.10/dist-packages/unitree_hg/msg/_motor_cmd_s.c
-- Installing: /home/vi/lxy/b2+z1/b2z1_ros2/cyclonedds_ws/install/unitree_hg/local/lib/python3.10/dist-packages/unitree_hg/msg/_low_cmd_s.c
-- Installing: /home/vi/lxy/b2+z1/b2z1_ros2/cyclonedds_ws/install/unitree_hg/local/lib/python3.10/dist-packages/unitree_hg/msg/_press_sensor_state.py
-- Installing: /home/vi/lxy/b2+z1/b2z1_ros2/cyclonedds_ws/install/unitree_hg/local/lib/python3.10/dist-packages/unitree_hg/msg/_hand_cmd.py
-- Installing: /home/vi/lxy/b2+z1/b2z1_ros2/cyclonedds_ws/install/unitree_hg/local/lib/python3.10/dist-packages/unitree_hg/msg/_hand_state_s.c
-- Installing: /home/vi/lxy/b2+z1/b2z1_ros2/cyclonedds_ws/install/unitree_hg/local/lib/python3.10/dist-packages/unitree_hg/msg/_bms_state.py
-- Installing: /home/vi/lxy/b2+z1/b2z1_ros2/cyclonedds_ws/install/unitree_hg/local/lib/python3.10/dist-packages/unitree_hg/msg/_press_sensor_state_s.c
-- Installing: /home/vi/lxy/b2+z1/b2z1_ros2/cyclonedds_ws/install/unitree_hg/local/lib/python3.10/dist-packages/unitree_hg/msg/_low_state.py
-- Installing: /home/vi/lxy/b2+z1/b2z1_ros2/cyclonedds_ws/install/unitree_hg/local/lib/python3.10/dist-packages/unitree_hg/msg/_motor_cmd.py
-- Installing: /home/vi/lxy/b2+z1/b2z1_ros2/cyclonedds_ws/install/unitree_hg/local/lib/python3.10/dist-packages/unitree_hg/msg/_main_board_state.py
-- Installing: /home/vi/lxy/b2+z1/b2z1_ros2/cyclonedds_ws/install/unitree_hg/local/lib/python3.10/dist-packages/unitree_hg/msg/_hand_cmd_s.c
-- Installing: /home/vi/lxy/b2+z1/b2z1_ros2/cyclonedds_ws/install/unitree_hg/local/lib/python3.10/dist-packages/unitree_hg/msg/_low_cmd.py
-- Installing: /home/vi/lxy/b2+z1/b2z1_ros2/cyclonedds_ws/install/unitree_hg/local/lib/python3.10/dist-packages/unitree_hg/msg/_motor_state.py
-- Installing: /home/vi/lxy/b2+z1/b2z1_ros2/cyclonedds_ws/install/unitree_hg/local/lib/python3.10/dist-packages/unitree_hg/msg/_imu_state.py
-- Installing: /home/vi/lxy/b2+z1/b2z1_ros2/cyclonedds_ws/install/unitree_hg/local/lib/python3.10/dist-packages/unitree_hg/msg/_bms_cmd.py
-- Installing: /home/vi/lxy/b2+z1/b2z1_ros2/cyclonedds_ws/install/unitree_hg/local/lib/python3.10/dist-packages/unitree_hg/msg/_main_board_state_s.c
-- Installing: /home/vi/lxy/b2+z1/b2z1_ros2/cyclonedds_ws/install/unitree_hg/local/lib/python3.10/dist-packages/unitree_hg/msg/_bms_cmd_s.c
-- Installing: /home/vi/lxy/b2+z1/b2z1_ros2/cyclonedds_ws/install/unitree_hg/local/lib/python3.10/dist-packages/unitree_hg/msg/_imu_state_s.c
-- Installing: /home/vi/lxy/b2+z1/b2z1_ros2/cyclonedds_ws/install/unitree_hg/local/lib/python3.10/dist-packages/unitree_hg/msg/_bms_state_s.c
-- Installing: /home/vi/lxy/b2+z1/b2z1_ros2/cyclonedds_ws/install/unitree_hg/local/lib/python3.10/dist-packages/unitree_hg/msg/_low_state_s.c
-- Installing: /home/vi/lxy/b2+z1/b2z1_ros2/cyclonedds_ws/install/unitree_hg/local/lib/python3.10/dist-packages/unitree_hg/msg/__init__.py
-- Installing: /home/vi/lxy/b2+z1/b2z1_ros2/cyclonedds_ws/install/unitree_hg/local/lib/python3.10/dist-packages/unitree_hg/msg/_motor_state_s.c
-- Installing: /home/vi/lxy/b2+z1/b2z1_ros2/cyclonedds_ws/install/unitree_hg/local/lib/python3.10/dist-packages/unitree_hg/msg/_hand_state.py
-- Installing: /home/vi/lxy/b2+z1/b2z1_ros2/cyclonedds_ws/install/unitree_hg/local/lib/python3.10/dist-packages/unitree_hg/libunitree_hg__rosidl_generator_py.so
-- Installing: /home/vi/lxy/b2+z1/b2z1_ros2/cyclonedds_ws/install/unitree_hg/local/lib/python3.10/dist-packages/unitree_hg/_unitree_hg_s.ep.rosidl_typesupport_c.c
-- Installing: /home/vi/lxy/b2+z1/b2z1_ros2/cyclonedds_ws/install/unitree_hg/local/lib/python3.10/dist-packages/unitree_hg/__init__.py
-- Installing: /home/vi/lxy/b2+z1/b2z1_ros2/cyclonedds_ws/install/unitree_hg/local/lib/python3.10/dist-packages/unitree_hg/unitree_hg_s__rosidl_typesupport_c.cpython-310-x86_64-linux-gnu.so
-- Installing: /home/vi/lxy/b2+z1/b2z1_ros2/cyclonedds_ws/install/unitree_hg/local/lib/python3.10/dist-packages/unitree_hg/unitree_hg_s__rosidl_typesupport_introspection_c.cpython-310-x86_64-linux-gnu.so
Listing '/home/vi/lxy/b2+z1/b2z1_ros2/cyclonedds_ws/install/unitree_hg/local/lib/python3.10/dist-packages/unitree_hg'...
Compiling '/home/vi/lxy/b2+z1/b2z1_ros2/cyclonedds_ws/install/unitree_hg/local/lib/python3.10/dist-packages/unitree_hg/__init__.py'...
Listing '/home/vi/lxy/b2+z1/b2z1_ros2/cyclonedds_ws/install/unitree_hg/local/lib/python3.10/dist-packages/unitree_hg/msg'...
Compiling '/home/vi/lxy/b2+z1/b2z1_ros2/cyclonedds_ws/install/unitree_hg/local/lib/python3.10/dist-packages/unitree_hg/msg/__init__.py'...
Compiling '/home/vi/lxy/b2+z1/b2z1_ros2/cyclonedds_ws/install/unitree_hg/local/lib/python3.10/dist-packages/unitree_hg/msg/_bms_cmd.py'...
Compiling '/home/vi/lxy/b2+z1/b2z1_ros2/cyclonedds_ws/install/unitree_hg/local/lib/python3.10/dist-packages/unitree_hg/msg/_bms_state.py'...
Compiling '/home/vi/lxy/b2+z1/b2z1_ros2/cyclonedds_ws/install/unitree_hg/local/lib/python3.10/dist-packages/unitree_hg/msg/_hand_cmd.py'...
Compiling '/home/vi/lxy/b2+z1/b2z1_ros2/cyclonedds_ws/install/unitree_hg/local/lib/python3.10/dist-packages/unitree_hg/msg/_hand_state.py'...
Compiling '/home/vi/lxy/b2+z1/b2z1_ros2/cyclonedds_ws/install/unitree_hg/local/lib/python3.10/dist-packages/unitree_hg/msg/_imu_state.py'...
Compiling '/home/vi/lxy/b2+z1/b2z1_ros2/cyclonedds_ws/install/unitree_hg/local/lib/python3.10/dist-packages/unitree_hg/msg/_low_cmd.py'...
Compiling '/home/vi/lxy/b2+z1/b2z1_ros2/cyclonedds_ws/install/unitree_hg/local/lib/python3.10/dist-packages/unitree_hg/msg/_low_state.py'...
Compiling '/home/vi/lxy/b2+z1/b2z1_ros2/cyclonedds_ws/install/unitree_hg/local/lib/python3.10/dist-packages/unitree_hg/msg/_main_board_state.py'...
Compiling '/home/vi/lxy/b2+z1/b2z1_ros2/cyclonedds_ws/install/unitree_hg/local/lib/python3.10/dist-packages/unitree_hg/msg/_motor_cmd.py'...
Compiling '/home/vi/lxy/b2+z1/b2z1_ros2/cyclonedds_ws/install/unitree_hg/local/lib/python3.10/dist-packages/unitree_hg/msg/_motor_state.py'...
Compiling '/home/vi/lxy/b2+z1/b2z1_ros2/cyclonedds_ws/install/unitree_hg/local/lib/python3.10/dist-packages/unitree_hg/msg/_press_sensor_state.py'...
-- Installing: /home/vi/lxy/b2+z1/b2z1_ros2/cyclonedds_ws/install/unitree_hg/local/lib/python3.10/dist-packages/unitree_hg/unitree_hg_s__rosidl_typesupport_fastrtps_c.cpython-310-x86_64-linux-gnu.so
-- Set runtime path of "/home/vi/lxy/b2+z1/b2z1_ros2/cyclonedds_ws/install/unitree_hg/local/lib/python3.10/dist-packages/unitree_hg/unitree_hg_s__rosidl_typesupport_fastrtps_c.cpython-310-x86_64-linux-gnu.so" to ""
-- Installing: /home/vi/lxy/b2+z1/b2z1_ros2/cyclonedds_ws/install/unitree_hg/local/lib/python3.10/dist-packages/unitree_hg/unitree_hg_s__rosidl_typesupport_introspection_c.cpython-310-x86_64-linux-gnu.so
-- Set runtime path of "/home/vi/lxy/b2+z1/b2z1_ros2/cyclonedds_ws/install/unitree_hg/local/lib/python3.10/dist-packages/unitree_hg/unitree_hg_s__rosidl_typesupport_introspection_c.cpython-310-x86_64-linux-gnu.so" to ""
-- Installing: /home/vi/lxy/b2+z1/b2z1_ros2/cyclonedds_ws/install/unitree_hg/local/lib/python3.10/dist-packages/unitree_hg/unitree_hg_s__rosidl_typesupport_c.cpython-310-x86_64-linux-gnu.so
-- Set runtime path of "/home/vi/lxy/b2+z1/b2z1_ros2/cyclonedds_ws/install/unitree_hg/local/lib/python3.10/dist-packages/unitree_hg/unitree_hg_s__rosidl_typesupport_c.cpython-310-x86_64-linux-gnu.so" to ""
-- Installing: /home/vi/lxy/b2+z1/b2z1_ros2/cyclonedds_ws/install/unitree_hg/lib/libunitree_hg__rosidl_generator_py.so
-- Set runtime path of "/home/vi/lxy/b2+z1/b2z1_ros2/cyclonedds_ws/install/unitree_hg/lib/libunitree_hg__rosidl_generator_py.so" to ""
-- Installing: /home/vi/lxy/b2+z1/b2z1_ros2/cyclonedds_ws/install/unitree_hg/share/ament_index/resource_index/rust_packages/unitree_hg
-- Installing: /home/vi/lxy/b2+z1/b2z1_ros2/cyclonedds_ws/install/unitree_hg/share/unitree_hg/rust
-- Installing: /home/vi/lxy/b2+z1/b2z1_ros2/cyclonedds_ws/install/unitree_hg/share/unitree_hg/rust/Cargo.toml
-- Installing: /home/vi/lxy/b2+z1/b2z1_ros2/cyclonedds_ws/install/unitree_hg/share/unitree_hg/rust/src
-- Installing: /home/vi/lxy/b2+z1/b2z1_ros2/cyclonedds_ws/install/unitree_hg/share/unitree_hg/rust/src/lib.rs
-- Installing: /home/vi/lxy/b2+z1/b2z1_ros2/cyclonedds_ws/install/unitree_hg/share/unitree_hg/rust/src/msg.rs
-- Installing: /home/vi/lxy/b2+z1/b2z1_ros2/cyclonedds_ws/install/unitree_hg/share/unitree_hg/rust/src/msg
-- Installing: /home/vi/lxy/b2+z1/b2z1_ros2/cyclonedds_ws/install/unitree_hg/share/unitree_hg/rust/src/msg/rmw.rs
-- Installing: /home/vi/lxy/b2+z1/b2z1_ros2/cyclonedds_ws/install/unitree_hg/share/unitree_hg/rust/build.rs
-- Installing: /home/vi/lxy/b2+z1/b2z1_ros2/cyclonedds_ws/install/unitree_hg/share/unitree_hg/msg/BmsCmd.idl
-- Installing: /home/vi/lxy/b2+z1/b2z1_ros2/cyclonedds_ws/install/unitree_hg/share/unitree_hg/msg/BmsState.idl
-- Installing: /home/vi/lxy/b2+z1/b2z1_ros2/cyclonedds_ws/install/unitree_hg/share/unitree_hg/msg/HandCmd.idl
-- Installing: /home/vi/lxy/b2+z1/b2z1_ros2/cyclonedds_ws/install/unitree_hg/share/unitree_hg/msg/HandState.idl
-- Installing: /home/vi/lxy/b2+z1/b2z1_ros2/cyclonedds_ws/install/unitree_hg/share/unitree_hg/msg/IMUState.idl
-- Installing: /home/vi/lxy/b2+z1/b2z1_ros2/cyclonedds_ws/install/unitree_hg/share/unitree_hg/msg/LowCmd.idl
-- Installing: /home/vi/lxy/b2+z1/b2z1_ros2/cyclonedds_ws/install/unitree_hg/share/unitree_hg/msg/LowState.idl
-- Installing: /home/vi/lxy/b2+z1/b2z1_ros2/cyclonedds_ws/install/unitree_hg/share/unitree_hg/msg/MainBoardState.idl
-- Installing: /home/vi/lxy/b2+z1/b2z1_ros2/cyclonedds_ws/install/unitree_hg/share/unitree_hg/msg/MotorCmd.idl
-- Installing: /home/vi/lxy/b2+z1/b2z1_ros2/cyclonedds_ws/install/unitree_hg/share/unitree_hg/msg/MotorState.idl
-- Installing: /home/vi/lxy/b2+z1/b2z1_ros2/cyclonedds_ws/install/unitree_hg/share/unitree_hg/msg/PressSensorState.idl
-- Installing: /home/vi/lxy/b2+z1/b2z1_ros2/cyclonedds_ws/install/unitree_hg/share/unitree_hg/msg/BmsCmd.msg
-- Installing: /home/vi/lxy/b2+z1/b2z1_ros2/cyclonedds_ws/install/unitree_hg/share/unitree_hg/msg/BmsState.msg
-- Installing: /home/vi/lxy/b2+z1/b2z1_ros2/cyclonedds_ws/install/unitree_hg/share/unitree_hg/msg/HandCmd.msg
-- Installing: /home/vi/lxy/b2+z1/b2z1_ros2/cyclonedds_ws/install/unitree_hg/share/unitree_hg/msg/HandState.msg
-- Installing: /home/vi/lxy/b2+z1/b2z1_ros2/cyclonedds_ws/install/unitree_hg/share/unitree_hg/msg/IMUState.msg
-- Installing: /home/vi/lxy/b2+z1/b2z1_ros2/cyclonedds_ws/install/unitree_hg/share/unitree_hg/msg/LowCmd.msg
-- Installing: /home/vi/lxy/b2+z1/b2z1_ros2/cyclonedds_ws/install/unitree_hg/share/unitree_hg/msg/LowState.msg
-- Installing: /home/vi/lxy/b2+z1/b2z1_ros2/cyclonedds_ws/install/unitree_hg/share/unitree_hg/msg/MainBoardState.msg
-- Installing: /home/vi/lxy/b2+z1/b2z1_ros2/cyclonedds_ws/install/unitree_hg/share/unitree_hg/msg/MotorCmd.msg
-- Installing: /home/vi/lxy/b2+z1/b2z1_ros2/cyclonedds_ws/install/unitree_hg/share/unitree_hg/msg/MotorState.msg
-- Installing: /home/vi/lxy/b2+z1/b2z1_ros2/cyclonedds_ws/install/unitree_hg/share/unitree_hg/msg/PressSensorState.msg
-- Installing: /home/vi/lxy/b2+z1/b2z1_ros2/cyclonedds_ws/install/unitree_hg/share/unitree_hg/msg/dds_connext
-- Installing: /home/vi/lxy/b2+z1/b2z1_ros2/cyclonedds_ws/install/unitree_hg/share/unitree_hg/msg/dds_connext/LowState_.idl
-- Installing: /home/vi/lxy/b2+z1/b2z1_ros2/cyclonedds_ws/install/unitree_hg/share/unitree_hg/msg/dds_connext/MainBoardState_.idl
-- Installing: /home/vi/lxy/b2+z1/b2z1_ros2/cyclonedds_ws/install/unitree_hg/share/unitree_hg/msg/dds_connext/MotorState_.idl
-- Installing: /home/vi/lxy/b2+z1/b2z1_ros2/cyclonedds_ws/install/unitree_hg/share/unitree_hg/msg/dds_connext/HandState_.idl
-- Installing: /home/vi/lxy/b2+z1/b2z1_ros2/cyclonedds_ws/install/unitree_hg/share/unitree_hg/msg/dds_connext/HandCmd_.idl
-- Installing: /home/vi/lxy/b2+z1/b2z1_ros2/cyclonedds_ws/install/unitree_hg/share/unitree_hg/msg/dds_connext/BmsState_.idl
-- Installing: /home/vi/lxy/b2+z1/b2z1_ros2/cyclonedds_ws/install/unitree_hg/share/unitree_hg/msg/dds_connext/BmsCmd_.idl
-- Installing: /home/vi/lxy/b2+z1/b2z1_ros2/cyclonedds_ws/install/unitree_hg/share/unitree_hg/msg/dds_connext/MotorCmd_.idl
-- Installing: /home/vi/lxy/b2+z1/b2z1_ros2/cyclonedds_ws/install/unitree_hg/share/unitree_hg/msg/dds_connext/PressSensorState_.idl
-- Installing: /home/vi/lxy/b2+z1/b2z1_ros2/cyclonedds_ws/install/unitree_hg/share/unitree_hg/msg/dds_connext/IMUState_.idl
-- Installing: /home/vi/lxy/b2+z1/b2z1_ros2/cyclonedds_ws/install/unitree_hg/share/unitree_hg/msg/dds_connext/LowCmd_.idl
-- Installing: /home/vi/lxy/b2+z1/b2z1_ros2/cyclonedds_ws/install/unitree_hg/share/ament_index/resource_index/package_run_dependencies/unitree_hg
-- Installing: /home/vi/lxy/b2+z1/b2z1_ros2/cyclonedds_ws/install/unitree_hg/share/ament_index/resource_index/parent_prefix_path/unitree_hg
-- Installing: /home/vi/lxy/b2+z1/b2z1_ros2/cyclonedds_ws/install/unitree_hg/share/unitree_hg/environment/ament_prefix_path.sh
-- Installing: /home/vi/lxy/b2+z1/b2z1_ros2/cyclonedds_ws/install/unitree_hg/share/unitree_hg/environment/ament_prefix_path.dsv
-- Installing: /home/vi/lxy/b2+z1/b2z1_ros2/cyclonedds_ws/install/unitree_hg/share/unitree_hg/environment/path.sh
-- Installing: /home/vi/lxy/b2+z1/b2z1_ros2/cyclonedds_ws/install/unitree_hg/share/unitree_hg/environment/path.dsv
-- Installing: /home/vi/lxy/b2+z1/b2z1_ros2/cyclonedds_ws/install/unitree_hg/share/unitree_hg/local_setup.bash
-- Installing: /home/vi/lxy/b2+z1/b2z1_ros2/cyclonedds_ws/install/unitree_hg/share/unitree_hg/local_setup.sh
-- Installing: /home/vi/lxy/b2+z1/b2z1_ros2/cyclonedds_ws/install/unitree_hg/share/unitree_hg/local_setup.zsh
-- Installing: /home/vi/lxy/b2+z1/b2z1_ros2/cyclonedds_ws/install/unitree_hg/share/unitree_hg/local_setup.dsv
-- Installing: /home/vi/lxy/b2+z1/b2z1_ros2/cyclonedds_ws/install/unitree_hg/share/unitree_hg/package.dsv
-- Installing: /home/vi/lxy/b2+z1/b2z1_ros2/cyclonedds_ws/install/unitree_hg/share/ament_index/resource_index/packages/unitree_hg
-- Installing: /home/vi/lxy/b2+z1/b2z1_ros2/cyclonedds_ws/install/unitree_hg/share/unitree_hg/cmake/export_unitree_hg__rosidl_generator_cExport.cmake
-- Installing: /home/vi/lxy/b2+z1/b2z1_ros2/cyclonedds_ws/install/unitree_hg/share/unitree_hg/cmake/export_unitree_hg__rosidl_generator_cExport-noconfig.cmake
-- Installing: /home/vi/lxy/b2+z1/b2z1_ros2/cyclonedds_ws/install/unitree_hg/share/unitree_hg/cmake/export_unitree_hg__rosidl_typesupport_fastrtps_cExport.cmake
-- Installing: /home/vi/lxy/b2+z1/b2z1_ros2/cyclonedds_ws/install/unitree_hg/share/unitree_hg/cmake/export_unitree_hg__rosidl_typesupport_fastrtps_cExport-noconfig.cmake
-- Installing: /home/vi/lxy/b2+z1/b2z1_ros2/cyclonedds_ws/install/unitree_hg/share/unitree_hg/cmake/export_unitree_hg__rosidl_generator_cppExport.cmake
-- Installing: /home/vi/lxy/b2+z1/b2z1_ros2/cyclonedds_ws/install/unitree_hg/share/unitree_hg/cmake/export_unitree_hg__rosidl_typesupport_fastrtps_cppExport.cmake
-- Installing: /home/vi/lxy/b2+z1/b2z1_ros2/cyclonedds_ws/install/unitree_hg/share/unitree_hg/cmake/export_unitree_hg__rosidl_typesupport_fastrtps_cppExport-noconfig.cmake
-- Installing: /home/vi/lxy/b2+z1/b2z1_ros2/cyclonedds_ws/install/unitree_hg/share/unitree_hg/cmake/unitree_hg__rosidl_typesupport_introspection_cExport.cmake
-- Installing: /home/vi/lxy/b2+z1/b2z1_ros2/cyclonedds_ws/install/unitree_hg/share/unitree_hg/cmake/unitree_hg__rosidl_typesupport_introspection_cExport-noconfig.cmake
-- Installing: /home/vi/lxy/b2+z1/b2z1_ros2/cyclonedds_ws/install/unitree_hg/share/unitree_hg/cmake/unitree_hg__rosidl_typesupport_cExport.cmake
-- Installing: /home/vi/lxy/b2+z1/b2z1_ros2/cyclonedds_ws/install/unitree_hg/share/unitree_hg/cmake/unitree_hg__rosidl_typesupport_cExport-noconfig.cmake
-- Installing: /home/vi/lxy/b2+z1/b2z1_ros2/cyclonedds_ws/install/unitree_hg/share/unitree_hg/cmake/unitree_hg__rosidl_typesupport_introspection_cppExport.cmake
-- Installing: /home/vi/lxy/b2+z1/b2z1_ros2/cyclonedds_ws/install/unitree_hg/share/unitree_hg/cmake/unitree_hg__rosidl_typesupport_introspection_cppExport-noconfig.cmake
-- Installing: /home/vi/lxy/b2+z1/b2z1_ros2/cyclonedds_ws/install/unitree_hg/share/unitree_hg/cmake/unitree_hg__rosidl_typesupport_cppExport.cmake
-- Installing: /home/vi/lxy/b2+z1/b2z1_ros2/cyclonedds_ws/install/unitree_hg/share/unitree_hg/cmake/unitree_hg__rosidl_typesupport_cppExport-noconfig.cmake
-- Installing: /home/vi/lxy/b2+z1/b2z1_ros2/cyclonedds_ws/install/unitree_hg/share/unitree_hg/cmake/export_unitree_hg__rosidl_generator_pyExport.cmake
-- Installing: /home/vi/lxy/b2+z1/b2z1_ros2/cyclonedds_ws/install/unitree_hg/share/unitree_hg/cmake/export_unitree_hg__rosidl_generator_pyExport-noconfig.cmake
-- Installing: /home/vi/lxy/b2+z1/b2z1_ros2/cyclonedds_ws/install/unitree_hg/share/unitree_hg/cmake/rosidl_cmake-extras.cmake
-- Installing: /home/vi/lxy/b2+z1/b2z1_ros2/cyclonedds_ws/install/unitree_hg/share/unitree_hg/cmake/ament_cmake_export_dependencies-extras.cmake
-- Installing: /home/vi/lxy/b2+z1/b2z1_ros2/cyclonedds_ws/install/unitree_hg/share/unitree_hg/cmake/ament_cmake_export_include_directories-extras.cmake
-- Installing: /home/vi/lxy/b2+z1/b2z1_ros2/cyclonedds_ws/install/unitree_hg/share/unitree_hg/cmake/ament_cmake_export_libraries-extras.cmake
-- Installing: /home/vi/lxy/b2+z1/b2z1_ros2/cyclonedds_ws/install/unitree_hg/share/unitree_hg/cmake/ament_cmake_export_targets-extras.cmake
-- Installing: /home/vi/lxy/b2+z1/b2z1_ros2/cyclonedds_ws/install/unitree_hg/share/unitree_hg/cmake/rosidl_cmake_export_typesupport_targets-extras.cmake
-- Installing: /home/vi/lxy/b2+z1/b2z1_ros2/cyclonedds_ws/install/unitree_hg/share/unitree_hg/cmake/rosidl_cmake_export_typesupport_libraries-extras.cmake
-- Installing: /home/vi/lxy/b2+z1/b2z1_ros2/cyclonedds_ws/install/unitree_hg/share/unitree_hg/cmake/unitree_hgConfig.cmake
-- Installing: /home/vi/lxy/b2+z1/b2z1_ros2/cyclonedds_ws/install/unitree_hg/share/unitree_hg/cmake/unitree_hgConfig-version.cmake
-- Installing: /home/vi/lxy/b2+z1/b2z1_ros2/cyclonedds_ws/install/unitree_hg/share/unitree_hg/package.xml
